2026-02-26 08:58:26 [INFO] __main__: Запуск парсера отелей...
2026-02-26 08:58:26 [INFO] __main__: Даты бронирования: 27.02.2026 - 28.02.2026
2026-02-26 08:58:27 [INFO] __main__: Перехожу на страницу tvil.ru...
2026-02-26 08:58:33 [INFO] __main__: --- Страница 1 ---
2026-02-26 08:58:35 [INFO] __main__: Извлечено 20 отелей. Всего: 20
2026-02-26 08:58:35 [INFO] __main__: --- Страница 2 ---
2026-02-26 08:58:36 [INFO] __main__: Извлечено 20 отелей. Всего: 40
2026-02-26 08:58:37 [INFO] __main__: --- Страница 3 ---
2026-02-26 08:58:38 [INFO] __main__: Извлечено 20 отелей. Всего: 60
2026-02-26 08:58:39 [INFO] __main__: --- Страница 4 ---
2026-02-26 08:58:40 [INFO] __main__: Извлечено 8 отелей. Всего: 68
2026-02-26 08:58:40 [INFO] __main__: Достигнута последняя страница.
2026-02-26 08:58:40 [INFO] __main__: Всего собрано отелей со всех страниц: 68
2026-02-26 08:58:40 [INFO] __main__: Сохранено 68 отелей в /home/runner/work/tvil_parser/tvil_parser/tables/hotels/2026-02-26.csv
2026-02-26 08:58:40 [INFO] __main__: Парсинг завершён. Всего обработано 68 отелей.
2026-02-26 08:58:41 [INFO] __main__: Запуск парсера номеров...
2026-02-26 08:58:41 [INFO] __main__: Даты бронирования: 27.02.2026 - 28.02.2026
2026-02-26 08:58:41 [INFO] __main__: Загружено 68 отелей для обработки
2026-02-26 08:58:41 [INFO] __main__: Перехожу на страницу tvil.ru...
2026-02-26 08:58:46 [INFO] __main__: --- Отель 1 из 68 ---
2026-02-26 08:58:46 [INFO] __main__: Обрабатываю отель: Гостиница "Ангара" (ID: 1435824)
2026-02-26 08:58:52 [INFO] __main__: Найдено 7 номеров для Гостиница "Ангара"
2026-02-26 08:58:52 [INFO] __main__: --- Отель 2 из 68 ---
2026-02-26 08:58:52 [INFO] __main__: Обрабатываю отель: Отель "Байкал Бизнес Центр" (ID: 1265180)
2026-02-26 08:58:57 [INFO] __main__: Найдено 6 номеров для Отель "Байкал Бизнес Центр"
2026-02-26 08:58:57 [INFO] __main__: --- Отель 3 из 68 ---
2026-02-26 08:58:57 [INFO] __main__: Обрабатываю отель: Гостиница "Русь" (ID: 1296851)
2026-02-26 08:59:02 [INFO] __main__: Найдено 5 номеров для Гостиница "Русь"
2026-02-26 08:59:02 [INFO] __main__: --- Отель 4 из 68 ---
2026-02-26 08:59:02 [INFO] __main__: Обрабатываю отель: Гостиница "На Звездинской" (ID: 1328740)
2026-02-26 08:59:07 [INFO] __main__: Найдено 4 номеров для Гостиница "На Звездинской"
2026-02-26 08:59:07 [INFO] __main__: --- Отель 5 из 68 ---
2026-02-26 08:59:07 [INFO] __main__: Обрабатываю отель: Апарт-отель "Sokolov Hotel" (ID: 1009170)
2026-02-26 08:59:12 [INFO] __main__: Найдено 9 номеров для Апарт-отель "Sokolov Hotel"
2026-02-26 08:59:12 [INFO] __main__: --- Отель 6 из 68 ---
2026-02-26 08:59:12 [INFO] __main__: Обрабатываю отель: Отель "Маяк" (ID: 1000539)
2026-02-26 08:59:17 [INFO] __main__: Найдено 5 номеров для Отель "Маяк"
2026-02-26 08:59:17 [INFO] __main__: --- Отель 7 из 68 ---
2026-02-26 08:59:17 [INFO] __main__: Обрабатываю отель: Отель "Гранд Байкал" (ID: 1277758)
2026-02-26 08:59:21 [INFO] __main__: Найдено 3 номеров для Отель "Гранд Байкал"
2026-02-26 08:59:21 [INFO] __main__: --- Отель 8 из 68 ---
2026-02-26 08:59:21 [INFO] __main__: Обрабатываю отель: Отель "Лотос" (ID: 946962)
2026-02-26 08:59:26 [INFO] __main__: Найдено 7 номеров для Отель "Лотос"
2026-02-26 08:59:26 [INFO] __main__: --- Отель 9 из 68 ---
2026-02-26 08:59:26 [INFO] __main__: Обрабатываю отель: Отель "Даурия" (ID: 1032271)
2026-02-26 08:59:31 [INFO] __main__: Найдено 3 номеров для Отель "Даурия"
2026-02-26 08:59:31 [INFO] __main__: --- Отель 10 из 68 ---
2026-02-26 08:59:31 [INFO] __main__: Обрабатываю отель: Отель "Клубный Квартал" (ID: 1265779)
2026-02-26 08:59:36 [INFO] __main__: Найдено 3 номеров для Отель "Клубный Квартал"
2026-02-26 08:59:36 [INFO] __main__: --- Отель 11 из 68 ---
2026-02-26 08:59:36 [INFO] __main__: Обрабатываю отель: Парк-отель "Соболинка" (ID: 1287498)
2026-02-26 08:59:40 [INFO] __main__: Найдено 2 номеров для Парк-отель "Соболинка"
2026-02-26 08:59:40 [INFO] __main__: --- Отель 12 из 68 ---
2026-02-26 08:59:40 [INFO] __main__: Обрабатываю отель: Парк-отель "Бурдугуз" (ID: 1276636)
2026-02-26 08:59:45 [INFO] __main__: Найдено 3 номеров для Парк-отель "Бурдугуз"
2026-02-26 08:59:45 [INFO] __main__: --- Отель 13 из 68 ---
2026-02-26 08:59:45 [INFO] __main__: Обрабатываю отель: Отель "Яковлевъ" (ID: 1367731)
2026-02-26 08:59:49 [INFO] __main__: Найдено 4 номеров для Отель "Яковлевъ"
2026-02-26 08:59:49 [INFO] __main__: --- Отель 14 из 68 ---
2026-02-26 08:59:49 [INFO] __main__: Обрабатываю отель: Гостиница "Добрый Кот" (ID: 1390225)
2026-02-26 08:59:54 [INFO] __main__: Найдено 6 номеров для Гостиница "Добрый Кот"
2026-02-26 08:59:54 [INFO] __main__: --- Отель 15 из 68 ---
2026-02-26 08:59:54 [INFO] __main__: Обрабатываю отель: Гостиница "7 дорог" (ID: 1462849)
2026-02-26 08:59:59 [INFO] __main__: Найдено 9 номеров для Гостиница "7 дорог"
2026-02-26 08:59:59 [INFO] __main__: --- Отель 16 из 68 ---
2026-02-26 08:59:59 [INFO] __main__: Обрабатываю отель: Гостиница "130Hotel" (ID: 1491765)
2026-02-26 09:00:04 [INFO] __main__: Найдено 3 номеров для Гостиница "130Hotel"
2026-02-26 09:00:04 [INFO] __main__: --- Отель 17 из 68 ---
2026-02-26 09:00:04 [INFO] __main__: Обрабатываю отель: Парк отель "Уюга" (ID: 1487384)
2026-02-26 09:00:09 [INFO] __main__: Найдено 5 номеров для Парк отель "Уюга"
2026-02-26 09:00:09 [INFO] __main__: --- Отель 18 из 68 ---
2026-02-26 09:00:09 [INFO] __main__: Обрабатываю отель: Отель "Иркут" (ID: 1609403)
2026-02-26 09:00:15 [INFO] __main__: Найдено 7 номеров для Отель "Иркут"
2026-02-26 09:00:15 [INFO] __main__: --- Отель 19 из 68 ---
2026-02-26 09:00:15 [INFO] __main__: Обрабатываю отель: Гостиница Олимпиада (ID: 1690094)
2026-02-26 09:00:20 [INFO] __main__: Найдено 3 номеров для Гостиница Олимпиада
2026-02-26 09:00:20 [INFO] __main__: --- Отель 20 из 68 ---
2026-02-26 09:00:20 [INFO] __main__: Обрабатываю отель: Отель "Подлеморье" (ID: 1892012)
2026-02-26 09:00:25 [INFO] __main__: Найдено 4 номеров для Отель "Подлеморье"
2026-02-26 09:00:25 [INFO] __main__: --- Отель 21 из 68 ---
2026-02-26 09:00:25 [INFO] __main__: Обрабатываю отель: Парк-отель "Соболинка" (ID: 1287498)
2026-02-26 09:00:29 [INFO] __main__: Найдено 2 номеров для Парк-отель "Соболинка"
2026-02-26 09:00:29 [INFO] __main__: --- Отель 22 из 68 ---
2026-02-26 09:00:29 [INFO] __main__: Обрабатываю отель: Парк-отель "Бурдугуз" (ID: 1276636)
2026-02-26 09:00:32 [INFO] __main__: Найдено 3 номеров для Парк-отель "Бурдугуз"
2026-02-26 09:00:32 [INFO] __main__: --- Отель 23 из 68 ---
2026-02-26 09:00:32 [INFO] __main__: Обрабатываю отель: Отель "Яковлевъ" (ID: 1367731)
2026-02-26 09:00:35 [INFO] __main__: Найдено 4 номеров для Отель "Яковлевъ"
2026-02-26 09:00:35 [INFO] __main__: --- Отель 24 из 68 ---
2026-02-26 09:00:35 [INFO] __main__: Обрабатываю отель: Гостиница "Добрый Кот" (ID: 1390225)
2026-02-26 09:00:40 [INFO] __main__: Найдено 6 номеров для Гостиница "Добрый Кот"
2026-02-26 09:00:40 [INFO] __main__: --- Отель 25 из 68 ---
2026-02-26 09:00:40 [INFO] __main__: Обрабатываю отель: Гостиница "7 дорог" (ID: 1462849)
2026-02-26 09:00:43 [INFO] __main__: Найдено 9 номеров для Гостиница "7 дорог"
2026-02-26 09:00:43 [INFO] __main__: --- Отель 26 из 68 ---
2026-02-26 09:00:43 [INFO] __main__: Обрабатываю отель: Гостиница "130Hotel" (ID: 1491765)
2026-02-26 09:00:47 [WARNING] __main__: Не удалось получить данные для Гостиница "130Hotel"
2026-02-26 09:00:47 [INFO] __main__: --- Отель 27 из 68 ---
2026-02-26 09:00:47 [INFO] __main__: Обрабатываю отель: Парк отель "Уюга" (ID: 1487384)
2026-02-26 09:00:48 [WARNING] __main__: Не удалось перейти на страницу отеля Парк отель "Уюга", продолжаю: Page.goto: Navigation to "https://tvil.ru/city/derevnya-kurma/hotels/1487384/" is interrupted by another navigation to "https://tvil.ru/city/irkutsk/hotels/1491765/"
Call log:
  - navigating to "https://tvil.ru/city/derevnya-kurma/hotels/1487384/", waiting until "domcontentloaded"

2026-02-26 09:00:49 [WARNING] __main__: Не удалось получить данные для Парк отель "Уюга"
2026-02-26 09:00:49 [INFO] __main__: --- Отель 28 из 68 ---
2026-02-26 09:00:49 [INFO] __main__: Обрабатываю отель: Отель "Иркут" (ID: 1609403)
2026-02-26 09:00:53 [WARNING] __main__: Не удалось получить данные для Отель "Иркут"
2026-02-26 09:00:53 [INFO] __main__: --- Отель 29 из 68 ---
2026-02-26 09:00:53 [INFO] __main__: Обрабатываю отель: Гостиница Олимпиада (ID: 1690094)
2026-02-26 09:00:56 [ERROR] __main__: Ошибка при получении данных о номерах: Page.evaluate: Execution context was destroyed, most likely because of a navigation
2026-02-26 09:00:57 [WARNING] __main__: Не удалось получить данные для Гостиница Олимпиада
2026-02-26 09:00:57 [INFO] __main__: --- Отель 30 из 68 ---
2026-02-26 09:00:57 [INFO] __main__: Обрабатываю отель: Отель "Подлеморье" (ID: 1892012)
2026-02-26 09:01:01 [INFO] __main__: Найдено 4 номеров для Отель "Подлеморье"
2026-02-26 09:01:01 [INFO] __main__: --- Отель 31 из 68 ---
2026-02-26 09:01:01 [INFO] __main__: Обрабатываю отель: Отель "Точка Байкала" (ID: 1913029)
2026-02-26 09:01:05 [INFO] __main__: Найдено 2 номеров для Отель "Точка Байкала"
2026-02-26 09:01:05 [INFO] __main__: --- Отель 32 из 68 ---
2026-02-26 09:01:05 [INFO] __main__: Обрабатываю отель: Гостиница (ID: 1467982)
2026-02-26 09:01:09 [INFO] __main__: Найдено 2 номеров для Гостиница
2026-02-26 09:01:09 [INFO] __main__: --- Отель 33 из 68 ---
2026-02-26 09:01:09 [INFO] __main__: Обрабатываю отель: Отель «Альпари» (ID: 1490199)
2026-02-26 09:01:13 [INFO] __main__: Найдено 3 номеров для Отель «Альпари»
2026-02-26 09:01:13 [INFO] __main__: --- Отель 34 из 68 ---
2026-02-26 09:01:13 [INFO] __main__: Обрабатываю отель: Гостиница" Аврора" (ID: 1508283)
2026-02-26 09:01:18 [INFO] __main__: Найдено 4 номеров для Гостиница" Аврора"
2026-02-26 09:01:18 [INFO] __main__: --- Отель 35 из 68 ---
2026-02-26 09:01:18 [INFO] __main__: Обрабатываю отель: Гостиница "У Истока" (ID: 1382100)
2026-02-26 09:01:22 [INFO] __main__: Найдено 2 номеров для Гостиница "У Истока"
2026-02-26 09:01:22 [INFO] __main__: --- Отель 36 из 68 ---
2026-02-26 09:01:22 [INFO] __main__: Обрабатываю отель: Гостиница "Ангара-Приоритет" (ID: 1314294)
2026-02-26 09:01:27 [INFO] __main__: Найдено 8 номеров для Гостиница "Ангара-Приоритет"
2026-02-26 09:01:27 [INFO] __main__: --- Отель 37 из 68 ---
2026-02-26 09:01:27 [INFO] __main__: Обрабатываю отель: Гостиница "Usadba 50 ( Усадьба 50)" (ID: 1048431)
2026-02-26 09:01:31 [INFO] __main__: Найдено 8 номеров для Гостиница "Usadba 50 ( Усадьба 50)"
2026-02-26 09:01:31 [INFO] __main__: --- Отель 38 из 68 ---
2026-02-26 09:01:31 [INFO] __main__: Обрабатываю отель: Отель "Михаил Строгов" (ID: 904225)
2026-02-26 09:01:36 [INFO] __main__: Найдено 6 номеров для Отель "Михаил Строгов"
2026-02-26 09:01:36 [INFO] __main__: --- Отель 39 из 68 ---
2026-02-26 09:01:36 [INFO] __main__: Обрабатываю отель: Апарт-отель "Светлый" (ID: 1655828)
2026-02-26 09:01:40 [INFO] __main__: Найдено 2 номеров для Апарт-отель "Светлый"
2026-02-26 09:01:40 [INFO] __main__: --- Отель 40 из 68 ---
2026-02-26 09:01:40 [INFO] __main__: Обрабатываю отель: Гостиница "Nord Star Hotel" (ID: 1775519)
2026-02-26 09:01:44 [INFO] __main__: Найдено 3 номеров для Гостиница "Nord Star Hotel"
2026-02-26 09:01:44 [INFO] __main__: --- Отель 41 из 68 ---
2026-02-26 09:01:44 [INFO] __main__: Обрабатываю отель: Парк-Отель "Шелест" (ID: 1851647)
2026-02-26 09:01:48 [INFO] __main__: Найдено 2 номеров для Парк-Отель "Шелест"
2026-02-26 09:01:48 [INFO] __main__: --- Отель 42 из 68 ---
2026-02-26 09:01:48 [INFO] __main__: Обрабатываю отель: Отель Армат 4* (ID: 1441288)
2026-02-26 09:01:53 [INFO] __main__: Найдено 7 номеров для Отель Армат 4*
2026-02-26 09:01:53 [INFO] __main__: --- Отель 43 из 68 ---
2026-02-26 09:01:53 [INFO] __main__: Обрабатываю отель: Отель "Атлас" (ID: 1367592)
2026-02-26 09:01:57 [INFO] __main__: Найдено 5 номеров для Отель "Атлас"
2026-02-26 09:01:57 [INFO] __main__: --- Отель 44 из 68 ---
2026-02-26 09:01:57 [INFO] __main__: Обрабатываю отель: Гостиница "Байкал Форест" (ID: 1472664)
2026-02-26 09:02:01 [INFO] __main__: Найдено 4 номеров для Гостиница "Байкал Форест"
2026-02-26 09:02:01 [INFO] __main__: --- Отель 45 из 68 ---
2026-02-26 09:02:01 [INFO] __main__: Обрабатываю отель: Гостиница "Азия-Европа" (ID: 2063101)
2026-02-26 09:02:06 [INFO] __main__: Найдено 5 номеров для Гостиница "Азия-Европа"
2026-02-26 09:02:06 [INFO] __main__: --- Отель 46 из 68 ---
2026-02-26 09:02:06 [INFO] __main__: Обрабатываю отель: Гостиничный комплекс "Лазурный берег" (ID: 424345)
2026-02-26 09:02:10 [INFO] __main__: Найдено 3 номеров для Гостиничный комплекс "Лазурный берег"
2026-02-26 09:02:10 [INFO] __main__: --- Отель 47 из 68 ---
2026-02-26 09:02:10 [INFO] __main__: Обрабатываю отель: Дача БайкалЭко (ID: 1450305)
2026-02-26 09:02:14 [INFO] __main__: Найдено 2 номеров для Дача БайкалЭко
2026-02-26 09:02:14 [INFO] __main__: --- Отель 48 из 68 ---
2026-02-26 09:02:14 [INFO] __main__: Обрабатываю отель: Гостиница "Космос" (ID: 895518)
2026-02-26 09:02:19 [INFO] __main__: Найдено 5 номеров для Гостиница "Космос"
2026-02-26 09:02:19 [INFO] __main__: --- Отель 49 из 68 ---
2026-02-26 09:02:19 [INFO] __main__: Обрабатываю отель: Отель "Тайга" (ID: 1296594)
2026-02-26 09:02:23 [INFO] __main__: Найдено 6 номеров для Отель "Тайга"
2026-02-26 09:02:23 [INFO] __main__: --- Отель 50 из 68 ---
2026-02-26 09:02:23 [INFO] __main__: Обрабатываю отель: Гостиница  "Воробьевы горы" (ID: 1390108)
2026-02-26 09:02:28 [INFO] __main__: Найдено 5 номеров для Гостиница  "Воробьевы горы"
2026-02-26 09:02:28 [INFO] __main__: --- Отель 51 из 68 ---
2026-02-26 09:02:28 [INFO] __main__: Обрабатываю отель: Отель "Звезда" (ID: 425543)
2026-02-26 09:02:32 [INFO] __main__: Найдено 4 номеров для Отель "Звезда"
2026-02-26 09:02:32 [INFO] __main__: --- Отель 52 из 68 ---
2026-02-26 09:02:32 [INFO] __main__: Обрабатываю отель: Hotel Olhon 2* (ID: 1097942)
2026-02-26 09:02:37 [INFO] __main__: Найдено 6 номеров для Hotel Olhon 2*
2026-02-26 09:02:37 [INFO] __main__: --- Отель 53 из 68 ---
2026-02-26 09:02:37 [INFO] __main__: Обрабатываю отель: Отель" Арбат" (ID: 1632075)
2026-02-26 09:02:41 [INFO] __main__: Найдено 4 номеров для Отель" Арбат"
2026-02-26 09:02:41 [INFO] __main__: --- Отель 54 из 68 ---
2026-02-26 09:02:41 [INFO] __main__: Обрабатываю отель: Отель "Белый Берег" (ID: 1785783)
2026-02-26 09:02:46 [INFO] __main__: Найдено 2 номеров для Отель "Белый Берег"
2026-02-26 09:02:46 [INFO] __main__: --- Отель 55 из 68 ---
2026-02-26 09:02:46 [INFO] __main__: Обрабатываю отель: Бутик-отель "Аристократ" (ID: 1343236)
2026-02-26 09:02:51 [WARNING] __main__: Не удалось получить данные для Бутик-отель "Аристократ"
2026-02-26 09:02:51 [INFO] __main__: --- Отель 56 из 68 ---
2026-02-26 09:02:51 [INFO] __main__: Обрабатываю отель: Отель "Купеческий Дворъ" (ID: 767249)
2026-02-26 09:02:54 [WARNING] __main__: Не удалось получить данные для Отель "Купеческий Дворъ"
2026-02-26 09:02:54 [INFO] __main__: --- Отель 57 из 68 ---
2026-02-26 09:02:54 [INFO] __main__: Обрабатываю отель: Бутик-отель "Marussia" (ID: 898794)
2026-02-26 09:02:58 [WARNING] __main__: Не удалось получить данные для Бутик-отель "Marussia"
2026-02-26 09:02:58 [INFO] __main__: --- Отель 58 из 68 ---
2026-02-26 09:02:58 [INFO] __main__: Обрабатываю отель: Доходный дом "М.А. Листратовой" (ID: 1129766)
2026-02-26 09:03:01 [WARNING] __main__: Не удалось получить данные для Доходный дом "М.А. Листратовой"
2026-02-26 09:03:01 [INFO] __main__: --- Отель 59 из 68 ---
2026-02-26 09:03:01 [INFO] __main__: Обрабатываю отель: Гостиница (ID: 1345611)
2026-02-26 09:03:05 [ERROR] __main__: Ошибка при получении данных о номерах: Page.evaluate: Execution context was destroyed, most likely because of a navigation
2026-02-26 09:03:06 [WARNING] __main__: Не удалось получить данные для Гостиница
2026-02-26 09:03:06 [INFO] __main__: --- Отель 60 из 68 ---
2026-02-26 09:03:06 [INFO] __main__: Обрабатываю отель: Отель Амурский (ID: 1335449)
2026-02-26 09:03:11 [INFO] __main__: Найдено 7 номеров для Отель Амурский
2026-02-26 09:03:11 [INFO] __main__: --- Отель 61 из 68 ---
2026-02-26 09:03:11 [INFO] __main__: Обрабатываю отель: Гостиница "Байкал - Северное море" (ID: 1378154)
2026-02-26 09:03:15 [INFO] __main__: Найдено 7 номеров для Гостиница "Байкал - Северное море"
2026-02-26 09:03:15 [INFO] __main__: --- Отель 62 из 68 ---
2026-02-26 09:03:15 [INFO] __main__: Обрабатываю отель: Гостиница "BAIKAL VIEW" (ID: 1802586)
2026-02-26 09:03:19 [INFO] __main__: Найдено 3 номеров для Гостиница "BAIKAL VIEW"
2026-02-26 09:03:19 [INFO] __main__: --- Отель 63 из 68 ---
2026-02-26 09:03:19 [INFO] __main__: Обрабатываю отель: Отель «Байкал-Аляска» (ID: 1899852)
2026-02-26 09:03:23 [INFO] __main__: Найдено 2 номеров для Отель «Байкал-Аляска»
2026-02-26 09:03:23 [INFO] __main__: --- Отель 64 из 68 ---
2026-02-26 09:03:23 [INFO] __main__: Обрабатываю отель: Отель"NUUR HOTEL" (ID: 1979910)
2026-02-26 09:03:28 [INFO] __main__: Найдено 6 номеров для Отель"NUUR HOTEL"
2026-02-26 09:03:28 [INFO] __main__: --- Отель 65 из 68 ---
2026-02-26 09:03:28 [INFO] __main__: Обрабатываю отель: Парк-отель "Алтан" (ID: 1993192)
2026-02-26 09:03:33 [INFO] __main__: Найдено 4 номеров для Парк-отель "Алтан"
2026-02-26 09:03:33 [INFO] __main__: --- Отель 66 из 68 ---
2026-02-26 09:03:33 [INFO] __main__: Обрабатываю отель: Отель "Санаторий Солнечный" (ID: 1367536)
2026-02-26 09:03:38 [INFO] __main__: Найдено 2 номеров для Отель "Санаторий Солнечный"
2026-02-26 09:03:38 [INFO] __main__: --- Отель 67 из 68 ---
2026-02-26 09:03:38 [INFO] __main__: Обрабатываю отель: Отель "Магистраль" (ID: 2036706)
2026-02-26 09:03:42 [INFO] __main__: Найдено 6 номеров для Отель "Магистраль"
2026-02-26 09:03:42 [INFO] __main__: --- Отель 68 из 68 ---
2026-02-26 09:03:42 [INFO] __main__: Обрабатываю отель: Гостиница «Усадьба Егорова» (ID: 2032078)
2026-02-26 09:03:46 [INFO] __main__: Найдено 6 номеров для Гостиница «Усадьба Егорова»
2026-02-26 09:03:47 [INFO] __main__: Сохранено 269 номеров в /home/runner/work/tvil_parser/tvil_parser/tables/rooms/2026-02-26.csv
2026-02-26 09:03:47 [INFO] __main__: Парсинг завершён. Всего обработано 269 номеров.
2026-02-26 09:03:47 [INFO] __main__: Статистика сохранена в /home/runner/work/tvil_parser/tvil_parser/tables/statistics/2026-02-26.csv
2026-02-26 09:03:47 [INFO] __main__: Обработано 58 отелей
