2026-03-30 06:03:54 [INFO] __main__: Режим CI: увеличенные таймауты.
2026-03-30 06:03:54 [INFO] __main__: Запуск парсера отелей...
2026-03-30 06:03:54 [INFO] __main__: Даты бронирования: 31.03.2026 - 01.04.2026
2026-03-30 06:03:55 [INFO] __main__: --- Страница 1 --- https://tvil.ru/city/irkutskaya-oblast/?gp%5Bentity_type%5D%5B0%5D=1&o%5Barrival%5D=2026-03-31&o%5Bdeparture%5D=2026-04-01&o%5BmaleCount%5D=1
2026-03-30 06:04:05 [INFO] __main__: meta.total = 59
2026-03-30 06:04:05 [INFO] __main__: Перехвачено 20 отелей. Всего: 20
2026-03-30 06:04:06 [INFO] __main__: --- Страница 2 --- https://tvil.ru/city/irkutskaya-oblast/page2/?gp%5Bentity_type%5D%5B0%5D=1&o%5Barrival%5D=2026-03-31&o%5Bdeparture%5D=2026-04-01&o%5BmaleCount%5D=1
2026-03-30 06:04:11 [INFO] __main__: Перехвачено 20 отелей. Всего: 40
2026-03-30 06:04:12 [INFO] __main__: --- Страница 3 --- https://tvil.ru/city/irkutskaya-oblast/page3/?gp%5Bentity_type%5D%5B0%5D=1&o%5Barrival%5D=2026-03-31&o%5Bdeparture%5D=2026-04-01&o%5BmaleCount%5D=1
2026-03-30 06:04:17 [INFO] __main__: Перехвачено 19 отелей. Всего: 59
2026-03-30 06:04:18 [INFO] __main__: Набрано 59, meta.total = 59
2026-03-30 06:04:18 [INFO] __main__: Сохранено 59 отелей в /home/runner/work/tvil_parser/tvil_parser/daily/hotels/2026-03-30.csv
2026-03-30 06:04:18 [INFO] __main__: Парсинг завершён. Всего обработано 59 отелей.
2026-03-30 06:04:18 [INFO] __main__: Каталог сохранён: 69 отелей → /home/runner/work/tvil_parser/tvil_parser/catalog/hotels.csv
2026-03-30 06:04:18 [INFO] __main__: Каталог обновлён: всего 69, новых 0
2026-03-30 06:04:19 [INFO] __main__: Запуск парсера номеров...
2026-03-30 06:04:19 [INFO] __main__: Даты бронирования: 31.03.2026 - 01.04.2026
2026-03-30 06:04:19 [INFO] __main__: Загружено 59 отелей для обработки
2026-03-30 06:04:20 [INFO] __main__: Перехожу на страницу tvil.ru...
2026-03-30 06:04:24 [INFO] __main__: --- Отель 1 из 59 ---
2026-03-30 06:04:24 [INFO] __main__: Обрабатываю отель: Гостиница "Ангара" (ID: 1435824)
2026-03-30 06:04:29 [INFO] __main__: Найдено 7 номеров для Гостиница "Ангара"
2026-03-30 06:04:29 [INFO] __main__: --- Отель 2 из 59 ---
2026-03-30 06:04:29 [INFO] __main__: Обрабатываю отель: Гостиница "Матрёшка" (ID: 906031)
2026-03-30 06:04:34 [INFO] __main__: Найдено 6 номеров для Гостиница "Матрёшка"
2026-03-30 06:04:34 [INFO] __main__: --- Отель 3 из 59 ---
2026-03-30 06:04:34 [INFO] __main__: Обрабатываю отель: Отель "Байкал Бизнес Центр" (ID: 1265180)
2026-03-30 06:04:39 [INFO] __main__: Найдено 6 номеров для Отель "Байкал Бизнес Центр"
2026-03-30 06:04:39 [INFO] __main__: --- Отель 4 из 59 ---
2026-03-30 06:04:39 [INFO] __main__: Обрабатываю отель: Гостиница "Русь" (ID: 1296851)
2026-03-30 06:04:43 [INFO] __main__: Найдено 5 номеров для Гостиница "Русь"
2026-03-30 06:04:43 [INFO] __main__: --- Отель 5 из 59 ---
2026-03-30 06:04:43 [INFO] __main__: Обрабатываю отель: Гостиница "На Звездинской" (ID: 1328740)
2026-03-30 06:04:48 [INFO] __main__: Найдено 3 номеров для Гостиница "На Звездинской"
2026-03-30 06:04:48 [INFO] __main__: --- Отель 6 из 59 ---
2026-03-30 06:04:48 [INFO] __main__: Обрабатываю отель: Апарт -отель "BaikalStory " (ID: 1845315)
2026-03-30 06:04:52 [INFO] __main__: Найдено 8 номеров для Апарт -отель "BaikalStory "
2026-03-30 06:04:52 [INFO] __main__: --- Отель 7 из 59 ---
2026-03-30 06:04:52 [INFO] __main__: Обрабатываю отель: Мини-отель "Проспект" (ID: 1889753)
2026-03-30 06:04:56 [INFO] __main__: Найдено 2 номеров для Мини-отель "Проспект"
2026-03-30 06:04:56 [INFO] __main__: --- Отель 8 из 59 ---
2026-03-30 06:04:56 [INFO] __main__: Обрабатываю отель: Гостиница "Березка" (ID: 1782205)
2026-03-30 06:05:00 [INFO] __main__: Найдено 2 номеров для Гостиница "Березка"
2026-03-30 06:05:00 [INFO] __main__: --- Отель 9 из 59 ---
2026-03-30 06:05:00 [INFO] __main__: Обрабатываю отель: Апарт-отель "Sokolov Hotel" (ID: 1009170)
2026-03-30 06:05:05 [INFO] __main__: Найдено 9 номеров для Апарт-отель "Sokolov Hotel"
2026-03-30 06:05:05 [INFO] __main__: --- Отель 10 из 59 ---
2026-03-30 06:05:05 [INFO] __main__: Обрабатываю отель: Гостиница "Юбилейная" (ID: 1490581)
2026-03-30 06:05:09 [INFO] __main__: Найдено 6 номеров для Гостиница "Юбилейная"
2026-03-30 06:05:09 [INFO] __main__: --- Отель 11 из 59 ---
2026-03-30 06:05:09 [INFO] __main__: Обрабатываю отель: Бутик-отель "География" (ID: 1298063)
2026-03-30 06:05:13 [INFO] __main__: Найдено 5 номеров для Бутик-отель "География"
2026-03-30 06:05:13 [INFO] __main__: --- Отель 12 из 59 ---
2026-03-30 06:05:13 [INFO] __main__: Обрабатываю отель: Мини-отель "Nice People" (ID: 1064267)
2026-03-30 06:05:19 [INFO] __main__: Найдено 6 номеров для Мини-отель "Nice People"
2026-03-30 06:05:19 [INFO] __main__: --- Отель 13 из 59 ---
2026-03-30 06:05:19 [INFO] __main__: Обрабатываю отель: Гостиница "Ochagof" (ID: 787596)
2026-03-30 06:05:23 [INFO] __main__: Найдено 2 номеров для Гостиница "Ochagof"
2026-03-30 06:05:23 [INFO] __main__: --- Отель 14 из 59 ---
2026-03-30 06:05:23 [INFO] __main__: Обрабатываю отель: Отель "Маяк" (ID: 1000539)
2026-03-30 06:05:26 [INFO] __main__: Найдено 5 номеров для Отель "Маяк"
2026-03-30 06:05:26 [INFO] __main__: --- Отель 15 из 59 ---
2026-03-30 06:05:26 [INFO] __main__: Обрабатываю отель: Отель "Гранд Байкал" (ID: 1277758)
2026-03-30 06:05:30 [INFO] __main__: Найдено 3 номеров для Отель "Гранд Байкал"
2026-03-30 06:05:30 [INFO] __main__: --- Отель 16 из 59 ---
2026-03-30 06:05:30 [INFO] __main__: Обрабатываю отель: Отель "Михаил Строгов" (ID: 904225)
2026-03-30 06:05:35 [INFO] __main__: Найдено 6 номеров для Отель "Михаил Строгов"
2026-03-30 06:05:35 [INFO] __main__: --- Отель 17 из 59 ---
2026-03-30 06:05:35 [INFO] __main__: Обрабатываю отель: Отель "Даурия" (ID: 1032271)
2026-03-30 06:05:38 [INFO] __main__: Найдено 3 номеров для Отель "Даурия"
2026-03-30 06:05:38 [INFO] __main__: --- Отель 18 из 59 ---
2026-03-30 06:05:38 [INFO] __main__: Обрабатываю отель: Отель "Лотос" (ID: 946962)
2026-03-30 06:05:42 [INFO] __main__: Найдено 7 номеров для Отель "Лотос"
2026-03-30 06:05:42 [INFO] __main__: --- Отель 19 из 59 ---
2026-03-30 06:05:42 [INFO] __main__: Обрабатываю отель: Гостиница Олимпиада (ID: 1690094)
2026-03-30 06:05:45 [INFO] __main__: Найдено 3 номеров для Гостиница Олимпиада
2026-03-30 06:05:45 [INFO] __main__: --- Отель 20 из 59 ---
2026-03-30 06:05:45 [INFO] __main__: Обрабатываю отель: Гостиница (ID: 1467982)
2026-03-30 06:05:49 [INFO] __main__: Найдено 2 номеров для Гостиница
2026-03-30 06:05:49 [INFO] __main__: --- Отель 21 из 59 ---
2026-03-30 06:05:49 [INFO] __main__: Обрабатываю отель: Отель «Альпари» (ID: 1490199)
2026-03-30 06:05:54 [INFO] __main__: Найдено 3 номеров для Отель «Альпари»
2026-03-30 06:05:54 [INFO] __main__: --- Отель 22 из 59 ---
2026-03-30 06:05:54 [INFO] __main__: Обрабатываю отель: Отель "Яковлевъ" (ID: 1367731)
2026-03-30 06:05:58 [INFO] __main__: Найдено 4 номеров для Отель "Яковлевъ"
2026-03-30 06:05:58 [INFO] __main__: --- Отель 23 из 59 ---
2026-03-30 06:05:58 [INFO] __main__: Обрабатываю отель: Гостиница "У Истока" (ID: 1382100)
2026-03-30 06:06:02 [INFO] __main__: Найдено 2 номеров для Гостиница "У Истока"
2026-03-30 06:06:02 [INFO] __main__: --- Отель 24 из 59 ---
2026-03-30 06:06:02 [INFO] __main__: Обрабатываю отель: Гостиница "130Hotel" (ID: 1491765)
2026-03-30 06:06:06 [INFO] __main__: Найдено 3 номеров для Гостиница "130Hotel"
2026-03-30 06:06:06 [INFO] __main__: --- Отель 25 из 59 ---
2026-03-30 06:06:06 [INFO] __main__: Обрабатываю отель: Отель "Иркут" (ID: 1609403)
2026-03-30 06:06:10 [INFO] __main__: Найдено 7 номеров для Отель "Иркут"
2026-03-30 06:06:10 [INFO] __main__: --- Отель 26 из 59 ---
2026-03-30 06:06:10 [INFO] __main__: Обрабатываю отель: Отель "Подлеморье" (ID: 1892012)
2026-03-30 06:06:13 [INFO] __main__: Найдено 4 номеров для Отель "Подлеморье"
2026-03-30 06:06:13 [INFO] __main__: --- Отель 27 из 59 ---
2026-03-30 06:06:13 [INFO] __main__: Обрабатываю отель: Гостиница "Usadba 50 ( Усадьба 50)" (ID: 1048431)
2026-03-30 06:06:18 [ERROR] __main__: Ошибка при получении данных о номерах: Page.evaluate: Execution context was destroyed, most likely because of a navigation
2026-03-30 06:06:19 [WARNING] __main__: Не удалось получить данные для Гостиница "Usadba 50 ( Усадьба 50)"
2026-03-30 06:06:19 [INFO] __main__: --- Отель 28 из 59 ---
2026-03-30 06:06:19 [INFO] __main__: Обрабатываю отель: Апарт-отель "Светлый" (ID: 1655828)
2026-03-30 06:06:23 [INFO] __main__: Найдено 2 номеров для Апарт-отель "Светлый"
2026-03-30 06:06:23 [INFO] __main__: --- Отель 29 из 59 ---
2026-03-30 06:06:23 [INFO] __main__: Обрабатываю отель: Парк отель "Уюга" (ID: 1487384)
2026-03-30 06:06:26 [INFO] __main__: Найдено 5 номеров для Парк отель "Уюга"
2026-03-30 06:06:26 [INFO] __main__: --- Отель 30 из 59 ---
2026-03-30 06:06:26 [INFO] __main__: Обрабатываю отель: Гостиница "Ангара-Приоритет" (ID: 1314294)
2026-03-30 06:06:31 [INFO] __main__: Найдено 8 номеров для Гостиница "Ангара-Приоритет"
2026-03-30 06:06:31 [INFO] __main__: --- Отель 31 из 59 ---
2026-03-30 06:06:31 [INFO] __main__: Обрабатываю отель: Парк-Отель "Шелест" (ID: 1851647)
2026-03-30 06:06:34 [INFO] __main__: Найдено 2 номеров для Парк-Отель "Шелест"
2026-03-30 06:06:34 [INFO] __main__: --- Отель 32 из 59 ---
2026-03-30 06:06:34 [INFO] __main__: Обрабатываю отель: Парк-отель "Соболинка" (ID: 1287498)
2026-03-30 06:06:38 [INFO] __main__: Найдено 2 номеров для Парк-отель "Соболинка"
2026-03-30 06:06:38 [INFO] __main__: --- Отель 33 из 59 ---
2026-03-30 06:06:38 [INFO] __main__: Обрабатываю отель: Гостиница "7 дорог" (ID: 1462849)
2026-03-30 06:06:43 [INFO] __main__: Найдено 9 номеров для Гостиница "7 дорог"
2026-03-30 06:06:43 [INFO] __main__: --- Отель 34 из 59 ---
2026-03-30 06:06:43 [INFO] __main__: Обрабатываю отель: Отель Армат 4* (ID: 1441288)
2026-03-30 06:06:48 [INFO] __main__: Найдено 6 номеров для Отель Армат 4*
2026-03-30 06:06:48 [INFO] __main__: --- Отель 35 из 59 ---
2026-03-30 06:06:48 [INFO] __main__: Обрабатываю отель: Парк-отель "Бурдугуз" (ID: 1276636)
2026-03-30 06:06:52 [INFO] __main__: Найдено 3 номеров для Парк-отель "Бурдугуз"
2026-03-30 06:06:52 [INFO] __main__: --- Отель 36 из 59 ---
2026-03-30 06:06:52 [INFO] __main__: Обрабатываю отель: Гостиничный комплекс "Лазурный берег" (ID: 424345)
2026-03-30 06:06:56 [INFO] __main__: Найдено 3 номеров для Гостиничный комплекс "Лазурный берег"
2026-03-30 06:06:56 [INFO] __main__: --- Отель 37 из 59 ---
2026-03-30 06:06:56 [INFO] __main__: Обрабатываю отель: Отель "Атлас" (ID: 1367592)
2026-03-30 06:07:00 [INFO] __main__: Найдено 5 номеров для Отель "Атлас"
2026-03-30 06:07:00 [INFO] __main__: --- Отель 38 из 59 ---
2026-03-30 06:07:00 [INFO] __main__: Обрабатываю отель: Гостиница "Азия-Европа" (ID: 2063101)
2026-03-30 06:07:04 [INFO] __main__: Найдено 5 номеров для Гостиница "Азия-Европа"
2026-03-30 06:07:04 [INFO] __main__: --- Отель 39 из 59 ---
2026-03-30 06:07:04 [INFO] __main__: Обрабатываю отель: Отель "Тайга" (ID: 1296594)
2026-03-30 06:07:08 [INFO] __main__: Найдено 6 номеров для Отель "Тайга"
2026-03-30 06:07:08 [INFO] __main__: --- Отель 40 из 59 ---
2026-03-30 06:07:08 [INFO] __main__: Обрабатываю отель: Гостиница "Байкал Форест" (ID: 1472664)
2026-03-30 06:07:12 [INFO] __main__: Найдено 4 номеров для Гостиница "Байкал Форест"
2026-03-30 06:07:12 [INFO] __main__: --- Отель 41 из 59 ---
2026-03-30 06:07:12 [INFO] __main__: Обрабатываю отель: Отель "Звезда" (ID: 425543)
2026-03-30 06:07:16 [INFO] __main__: Найдено 4 номеров для Отель "Звезда"
2026-03-30 06:07:16 [INFO] __main__: --- Отель 42 из 59 ---
2026-03-30 06:07:16 [INFO] __main__: Обрабатываю отель: Гостиница" Аврора" (ID: 1508283)
2026-03-30 06:07:20 [INFO] __main__: Найдено 4 номеров для Гостиница" Аврора"
2026-03-30 06:07:20 [INFO] __main__: --- Отель 43 из 59 ---
2026-03-30 06:07:20 [INFO] __main__: Обрабатываю отель: Гостиница  "Воробьевы горы" (ID: 1390108)
2026-03-30 06:07:24 [INFO] __main__: Найдено 5 номеров для Гостиница  "Воробьевы горы"
2026-03-30 06:07:24 [INFO] __main__: --- Отель 44 из 59 ---
2026-03-30 06:07:24 [INFO] __main__: Обрабатываю отель: Отель" Арбат" (ID: 1632075)
2026-03-30 06:07:28 [INFO] __main__: Найдено 4 номеров для Отель" Арбат"
2026-03-30 06:07:28 [INFO] __main__: --- Отель 45 из 59 ---
2026-03-30 06:07:28 [INFO] __main__: Обрабатываю отель: Гостиница «Усадьба Егорова» (ID: 2032078)
2026-03-30 06:07:32 [INFO] __main__: Найдено 6 номеров для Гостиница «Усадьба Егорова»
2026-03-30 06:07:32 [INFO] __main__: --- Отель 46 из 59 ---
2026-03-30 06:07:32 [INFO] __main__: Обрабатываю отель: Отель "Белый Берег" (ID: 1785783)
2026-03-30 06:07:37 [INFO] __main__: Найдено 2 номеров для Отель "Белый Берег"
2026-03-30 06:07:37 [INFO] __main__: --- Отель 47 из 59 ---
2026-03-30 06:07:37 [INFO] __main__: Обрабатываю отель: Бутик-отель "Маруся" (ID: 898794)
2026-03-30 06:07:41 [INFO] __main__: Найдено 5 номеров для Бутик-отель "Маруся"
2026-03-30 06:07:41 [INFO] __main__: --- Отель 48 из 59 ---
2026-03-30 06:07:41 [INFO] __main__: Обрабатываю отель: Отель "Купеческий Дворъ" (ID: 767249)
2026-03-30 06:07:46 [INFO] __main__: Найдено 7 номеров для Отель "Купеческий Дворъ"
2026-03-30 06:07:46 [INFO] __main__: --- Отель 49 из 59 ---
2026-03-30 06:07:46 [INFO] __main__: Обрабатываю отель: Отель "Магистраль" (ID: 2036706)
2026-03-30 06:07:50 [INFO] __main__: Найдено 6 номеров для Отель "Магистраль"
2026-03-30 06:07:50 [INFO] __main__: --- Отель 50 из 59 ---
2026-03-30 06:07:50 [INFO] __main__: Обрабатываю отель: Доходный дом "М.А. Листратовой" (ID: 1129766)
2026-03-30 06:07:54 [INFO] __main__: Найдено 7 номеров для Доходный дом "М.А. Листратовой"
2026-03-30 06:07:54 [INFO] __main__: --- Отель 51 из 59 ---
2026-03-30 06:07:54 [INFO] __main__: Обрабатываю отель: Бутик-отель "Аристократ" (ID: 1343236)
2026-03-30 06:07:58 [INFO] __main__: Найдено 3 номеров для Бутик-отель "Аристократ"
2026-03-30 06:07:58 [INFO] __main__: --- Отель 52 из 59 ---
2026-03-30 06:07:58 [INFO] __main__: Обрабатываю отель: Гостиница "Байкал - Северное море" (ID: 1378154)
2026-03-30 06:08:02 [INFO] __main__: Найдено 7 номеров для Гостиница "Байкал - Северное море"
2026-03-30 06:08:02 [INFO] __main__: --- Отель 53 из 59 ---
2026-03-30 06:08:02 [INFO] __main__: Обрабатываю отель: Отель"NUUR HOTEL" (ID: 1979910)
2026-03-30 06:08:06 [WARNING] __main__: Не удалось получить данные для Отель"NUUR HOTEL"
2026-03-30 06:08:06 [INFO] __main__: --- Отель 54 из 59 ---
2026-03-30 06:08:06 [INFO] __main__: Обрабатываю отель: Парк-отель "Алтан" (ID: 1993192)
2026-03-30 06:08:11 [ERROR] __main__: Ошибка при получении данных о номерах: Page.evaluate: Execution context was destroyed, most likely because of a navigation
2026-03-30 06:08:12 [WARNING] __main__: Не удалось получить данные для Парк-отель "Алтан"
2026-03-30 06:08:12 [INFO] __main__: --- Отель 55 из 59 ---
2026-03-30 06:08:12 [INFO] __main__: Обрабатываю отель: Гостиница "BAIKAL VIEW" (ID: 1802586)
2026-03-30 06:08:16 [INFO] __main__: Найдено 3 номеров для Гостиница "BAIKAL VIEW"
2026-03-30 06:08:16 [INFO] __main__: --- Отель 56 из 59 ---
2026-03-30 06:08:16 [INFO] __main__: Обрабатываю отель: Отель «Байкал-Аляска» (ID: 1899852)
2026-03-30 06:08:19 [INFO] __main__: Найдено 2 номеров для Отель «Байкал-Аляска»
2026-03-30 06:08:19 [INFO] __main__: --- Отель 57 из 59 ---
2026-03-30 06:08:19 [INFO] __main__: Обрабатываю отель: Гостиница (ID: 1345611)
2026-03-30 06:08:23 [INFO] __main__: Найдено 5 номеров для Гостиница
2026-03-30 06:08:23 [INFO] __main__: --- Отель 58 из 59 ---
2026-03-30 06:08:23 [INFO] __main__: Обрабатываю отель: Отель Амурский (ID: 1335449)
2026-03-30 06:08:28 [INFO] __main__: Найдено 7 номеров для Отель Амурский
2026-03-30 06:08:28 [INFO] __main__: --- Отель 59 из 59 ---
2026-03-30 06:08:28 [INFO] __main__: Обрабатываю отель: Отель "Санаторий Солнечный" (ID: 1367536)
2026-03-30 06:08:32 [INFO] __main__: Найдено 2 номеров для Отель "Санаторий Солнечный"
2026-03-30 06:08:32 [INFO] __main__: Сохранено 258 номеров в /home/runner/work/tvil_parser/tvil_parser/daily/rooms/2026-03-30.csv
2026-03-30 06:08:32 [INFO] __main__: Парсинг завершён. Всего обработано 258 номеров.
2026-03-30 06:08:33 [INFO] __main__: Статистика сохранена в /home/runner/work/tvil_parser/tvil_parser/daily/statistics/2026-03-30.csv
2026-03-30 06:08:33 [INFO] __main__: Обработано 59 отелей
2026-03-30 09:22:22 [INFO] __main__: Режим CI: увеличенные таймауты.
2026-03-30 09:22:22 [INFO] __main__: Запуск парсера отелей...
2026-03-30 09:22:22 [INFO] __main__: Даты бронирования: 31.03.2026 - 01.04.2026
2026-03-30 09:22:24 [INFO] __main__: --- Страница 1 --- https://tvil.ru/city/irkutskaya-oblast/?gp%5Bentity_type%5D%5B0%5D=1&o%5Barrival%5D=2026-03-31&o%5Bdeparture%5D=2026-04-01&o%5BmaleCount%5D=1
2026-03-30 09:24:28 [INFO] __main__: Страница 1 не дала новых отелей.
2026-03-30 09:24:28 [WARNING] __main__: Не удалось извлечь данные об отелях.
2026-03-30 09:24:28 [INFO] __main__: Каталог сохранён: 69 отелей → /home/runner/work/tvil_parser/tvil_parser/catalog/hotels.csv
2026-03-30 09:24:28 [INFO] __main__: Каталог обновлён: всего 69, новых 0
2026-03-30 09:24:29 [INFO] __main__: Запуск парсера номеров...
2026-03-30 09:24:29 [INFO] __main__: Даты бронирования: 31.03.2026 - 01.04.2026
2026-03-30 09:24:29 [INFO] __main__: Загружено 59 отелей для обработки
2026-03-30 09:24:30 [INFO] __main__: Перехожу на страницу tvil.ru...
2026-03-30 09:24:34 [INFO] __main__: --- Отель 1 из 59 ---
2026-03-30 09:24:34 [INFO] __main__: Обрабатываю отель: Гостиница "Ангара" (ID: 1435824)
2026-03-30 09:24:38 [WARNING] __main__: Не удалось получить данные для Гостиница "Ангара"
2026-03-30 09:24:38 [INFO] __main__: --- Отель 2 из 59 ---
2026-03-30 09:24:38 [INFO] __main__: Обрабатываю отель: Гостиница "Матрёшка" (ID: 906031)
2026-03-30 09:24:41 [WARNING] __main__: Не удалось получить данные для Гостиница "Матрёшка"
2026-03-30 09:24:41 [INFO] __main__: --- Отель 3 из 59 ---
2026-03-30 09:24:41 [INFO] __main__: Обрабатываю отель: Отель "Байкал Бизнес Центр" (ID: 1265180)
2026-03-30 09:24:45 [WARNING] __main__: Не удалось получить данные для Отель "Байкал Бизнес Центр"
2026-03-30 09:24:45 [INFO] __main__: --- Отель 4 из 59 ---
2026-03-30 09:24:45 [INFO] __main__: Обрабатываю отель: Гостиница "Русь" (ID: 1296851)
2026-03-30 09:24:48 [WARNING] __main__: Не удалось получить данные для Гостиница "Русь"
2026-03-30 09:24:48 [INFO] __main__: --- Отель 5 из 59 ---
2026-03-30 09:24:48 [INFO] __main__: Обрабатываю отель: Гостиница "На Звездинской" (ID: 1328740)
2026-03-30 09:24:52 [WARNING] __main__: Не удалось получить данные для Гостиница "На Звездинской"
2026-03-30 09:24:52 [INFO] __main__: --- Отель 6 из 59 ---
2026-03-30 09:24:52 [INFO] __main__: Обрабатываю отель: Апарт -отель "BaikalStory " (ID: 1845315)
2026-03-30 09:24:55 [WARNING] __main__: Не удалось получить данные для Апарт -отель "BaikalStory "
2026-03-30 09:24:55 [INFO] __main__: --- Отель 7 из 59 ---
2026-03-30 09:24:55 [INFO] __main__: Обрабатываю отель: Мини-отель "Проспект" (ID: 1889753)
2026-03-30 09:24:59 [WARNING] __main__: Не удалось получить данные для Мини-отель "Проспект"
2026-03-30 09:24:59 [INFO] __main__: --- Отель 8 из 59 ---
2026-03-30 09:24:59 [INFO] __main__: Обрабатываю отель: Гостиница "Березка" (ID: 1782205)
2026-03-30 09:25:03 [WARNING] __main__: Не удалось получить данные для Гостиница "Березка"
2026-03-30 09:25:03 [INFO] __main__: --- Отель 9 из 59 ---
2026-03-30 09:25:03 [INFO] __main__: Обрабатываю отель: Апарт-отель "Sokolov Hotel" (ID: 1009170)
2026-03-30 09:25:06 [WARNING] __main__: Не удалось получить данные для Апарт-отель "Sokolov Hotel"
2026-03-30 09:25:06 [INFO] __main__: --- Отель 10 из 59 ---
2026-03-30 09:25:06 [INFO] __main__: Обрабатываю отель: Гостиница "Юбилейная" (ID: 1490581)
2026-03-30 09:25:10 [WARNING] __main__: Не удалось получить данные для Гостиница "Юбилейная"
2026-03-30 09:25:10 [INFO] __main__: --- Отель 11 из 59 ---
2026-03-30 09:25:10 [INFO] __main__: Обрабатываю отель: Бутик-отель "География" (ID: 1298063)
2026-03-30 09:25:13 [WARNING] __main__: Не удалось получить данные для Бутик-отель "География"
2026-03-30 09:25:13 [INFO] __main__: --- Отель 12 из 59 ---
2026-03-30 09:25:13 [INFO] __main__: Обрабатываю отель: Мини-отель "Nice People" (ID: 1064267)
2026-03-30 09:25:17 [WARNING] __main__: Не удалось получить данные для Мини-отель "Nice People"
2026-03-30 09:25:17 [INFO] __main__: --- Отель 13 из 59 ---
2026-03-30 09:25:17 [INFO] __main__: Обрабатываю отель: Гостиница "Ochagof" (ID: 787596)
2026-03-30 09:25:20 [WARNING] __main__: Не удалось получить данные для Гостиница "Ochagof"
2026-03-30 09:25:20 [INFO] __main__: --- Отель 14 из 59 ---
2026-03-30 09:25:20 [INFO] __main__: Обрабатываю отель: Отель "Маяк" (ID: 1000539)
2026-03-30 09:25:24 [WARNING] __main__: Не удалось получить данные для Отель "Маяк"
2026-03-30 09:25:24 [INFO] __main__: --- Отель 15 из 59 ---
2026-03-30 09:25:24 [INFO] __main__: Обрабатываю отель: Отель "Гранд Байкал" (ID: 1277758)
2026-03-30 09:25:28 [WARNING] __main__: Не удалось получить данные для Отель "Гранд Байкал"
2026-03-30 09:25:28 [INFO] __main__: --- Отель 16 из 59 ---
2026-03-30 09:25:28 [INFO] __main__: Обрабатываю отель: Отель "Михаил Строгов" (ID: 904225)
2026-03-30 09:25:31 [WARNING] __main__: Не удалось получить данные для Отель "Михаил Строгов"
2026-03-30 09:25:31 [INFO] __main__: --- Отель 17 из 59 ---
2026-03-30 09:25:31 [INFO] __main__: Обрабатываю отель: Отель "Даурия" (ID: 1032271)
2026-03-30 09:25:35 [WARNING] __main__: Не удалось получить данные для Отель "Даурия"
2026-03-30 09:25:35 [INFO] __main__: --- Отель 18 из 59 ---
2026-03-30 09:25:35 [INFO] __main__: Обрабатываю отель: Отель "Лотос" (ID: 946962)
2026-03-30 09:25:38 [WARNING] __main__: Не удалось получить данные для Отель "Лотос"
2026-03-30 09:25:38 [INFO] __main__: --- Отель 19 из 59 ---
2026-03-30 09:25:38 [INFO] __main__: Обрабатываю отель: Гостиница Олимпиада (ID: 1690094)
2026-03-30 09:25:42 [WARNING] __main__: Не удалось получить данные для Гостиница Олимпиада
2026-03-30 09:25:42 [INFO] __main__: --- Отель 20 из 59 ---
2026-03-30 09:25:42 [INFO] __main__: Обрабатываю отель: Гостиница (ID: 1467982)
2026-03-30 09:25:45 [WARNING] __main__: Не удалось получить данные для Гостиница
2026-03-30 09:25:45 [INFO] __main__: --- Отель 21 из 59 ---
2026-03-30 09:25:45 [INFO] __main__: Обрабатываю отель: Отель «Альпари» (ID: 1490199)
2026-03-30 09:25:49 [WARNING] __main__: Не удалось получить данные для Отель «Альпари»
2026-03-30 09:25:49 [INFO] __main__: --- Отель 22 из 59 ---
2026-03-30 09:25:49 [INFO] __main__: Обрабатываю отель: Отель "Яковлевъ" (ID: 1367731)
2026-03-30 09:25:53 [WARNING] __main__: Не удалось получить данные для Отель "Яковлевъ"
2026-03-30 09:25:53 [INFO] __main__: --- Отель 23 из 59 ---
2026-03-30 09:25:53 [INFO] __main__: Обрабатываю отель: Гостиница "У Истока" (ID: 1382100)
2026-03-30 09:25:56 [WARNING] __main__: Не удалось получить данные для Гостиница "У Истока"
2026-03-30 09:25:56 [INFO] __main__: --- Отель 24 из 59 ---
2026-03-30 09:25:56 [INFO] __main__: Обрабатываю отель: Гостиница "130Hotel" (ID: 1491765)
2026-03-30 09:26:00 [WARNING] __main__: Не удалось получить данные для Гостиница "130Hotel"
2026-03-30 09:26:00 [INFO] __main__: --- Отель 25 из 59 ---
2026-03-30 09:26:00 [INFO] __main__: Обрабатываю отель: Отель "Иркут" (ID: 1609403)
2026-03-30 09:26:03 [WARNING] __main__: Не удалось получить данные для Отель "Иркут"
2026-03-30 09:26:03 [INFO] __main__: --- Отель 26 из 59 ---
2026-03-30 09:26:03 [INFO] __main__: Обрабатываю отель: Отель "Подлеморье" (ID: 1892012)
2026-03-30 09:26:07 [WARNING] __main__: Не удалось получить данные для Отель "Подлеморье"
2026-03-30 09:26:07 [INFO] __main__: --- Отель 27 из 59 ---
2026-03-30 09:26:07 [INFO] __main__: Обрабатываю отель: Гостиница "Usadba 50 ( Усадьба 50)" (ID: 1048431)
2026-03-30 09:26:10 [WARNING] __main__: Не удалось получить данные для Гостиница "Usadba 50 ( Усадьба 50)"
2026-03-30 09:26:10 [INFO] __main__: --- Отель 28 из 59 ---
2026-03-30 09:26:10 [INFO] __main__: Обрабатываю отель: Апарт-отель "Светлый" (ID: 1655828)
2026-03-30 09:26:14 [WARNING] __main__: Не удалось получить данные для Апарт-отель "Светлый"
2026-03-30 09:26:14 [INFO] __main__: --- Отель 29 из 59 ---
2026-03-30 09:26:14 [INFO] __main__: Обрабатываю отель: Парк отель "Уюга" (ID: 1487384)
2026-03-30 09:26:18 [WARNING] __main__: Не удалось получить данные для Парк отель "Уюга"
2026-03-30 09:26:18 [INFO] __main__: --- Отель 30 из 59 ---
2026-03-30 09:26:18 [INFO] __main__: Обрабатываю отель: Гостиница "Ангара-Приоритет" (ID: 1314294)
2026-03-30 09:26:21 [WARNING] __main__: Не удалось получить данные для Гостиница "Ангара-Приоритет"
2026-03-30 09:26:21 [INFO] __main__: --- Отель 31 из 59 ---
2026-03-30 09:26:21 [INFO] __main__: Обрабатываю отель: Парк-Отель "Шелест" (ID: 1851647)
2026-03-30 09:26:25 [WARNING] __main__: Не удалось получить данные для Парк-Отель "Шелест"
2026-03-30 09:26:25 [INFO] __main__: --- Отель 32 из 59 ---
2026-03-30 09:26:25 [INFO] __main__: Обрабатываю отель: Парк-отель "Соболинка" (ID: 1287498)
2026-03-30 09:26:29 [WARNING] __main__: Не удалось получить данные для Парк-отель "Соболинка"
2026-03-30 09:26:29 [INFO] __main__: --- Отель 33 из 59 ---
2026-03-30 09:26:29 [INFO] __main__: Обрабатываю отель: Гостиница "7 дорог" (ID: 1462849)
2026-03-30 09:26:32 [WARNING] __main__: Не удалось получить данные для Гостиница "7 дорог"
2026-03-30 09:26:32 [INFO] __main__: --- Отель 34 из 59 ---
2026-03-30 09:26:32 [INFO] __main__: Обрабатываю отель: Отель Армат 4* (ID: 1441288)
2026-03-30 09:26:36 [WARNING] __main__: Не удалось получить данные для Отель Армат 4*
2026-03-30 09:26:36 [INFO] __main__: --- Отель 35 из 59 ---
2026-03-30 09:26:36 [INFO] __main__: Обрабатываю отель: Парк-отель "Бурдугуз" (ID: 1276636)
2026-03-30 09:26:39 [WARNING] __main__: Не удалось получить данные для Парк-отель "Бурдугуз"
2026-03-30 09:26:39 [INFO] __main__: --- Отель 36 из 59 ---
2026-03-30 09:26:39 [INFO] __main__: Обрабатываю отель: Гостиничный комплекс "Лазурный берег" (ID: 424345)
2026-03-30 09:26:43 [WARNING] __main__: Не удалось получить данные для Гостиничный комплекс "Лазурный берег"
2026-03-30 09:26:43 [INFO] __main__: --- Отель 37 из 59 ---
2026-03-30 09:26:43 [INFO] __main__: Обрабатываю отель: Отель "Атлас" (ID: 1367592)
2026-03-30 09:26:47 [WARNING] __main__: Не удалось получить данные для Отель "Атлас"
2026-03-30 09:26:47 [INFO] __main__: --- Отель 38 из 59 ---
2026-03-30 09:26:47 [INFO] __main__: Обрабатываю отель: Гостиница "Азия-Европа" (ID: 2063101)
2026-03-30 09:26:50 [WARNING] __main__: Не удалось получить данные для Гостиница "Азия-Европа"
2026-03-30 09:26:50 [INFO] __main__: --- Отель 39 из 59 ---
2026-03-30 09:26:50 [INFO] __main__: Обрабатываю отель: Отель "Тайга" (ID: 1296594)
2026-03-30 09:26:54 [WARNING] __main__: Не удалось получить данные для Отель "Тайга"
2026-03-30 09:26:54 [INFO] __main__: --- Отель 40 из 59 ---
2026-03-30 09:26:54 [INFO] __main__: Обрабатываю отель: Гостиница "Байкал Форест" (ID: 1472664)
2026-03-30 09:26:57 [WARNING] __main__: Не удалось получить данные для Гостиница "Байкал Форест"
2026-03-30 09:26:57 [INFO] __main__: --- Отель 41 из 59 ---
2026-03-30 09:26:57 [INFO] __main__: Обрабатываю отель: Отель "Звезда" (ID: 425543)
2026-03-30 09:27:01 [WARNING] __main__: Не удалось получить данные для Отель "Звезда"
2026-03-30 09:27:01 [INFO] __main__: --- Отель 42 из 59 ---
2026-03-30 09:27:01 [INFO] __main__: Обрабатываю отель: Гостиница" Аврора" (ID: 1508283)
2026-03-30 09:27:04 [WARNING] __main__: Не удалось получить данные для Гостиница" Аврора"
2026-03-30 09:27:04 [INFO] __main__: --- Отель 43 из 59 ---
2026-03-30 09:27:04 [INFO] __main__: Обрабатываю отель: Гостиница  "Воробьевы горы" (ID: 1390108)
2026-03-30 09:27:08 [WARNING] __main__: Не удалось получить данные для Гостиница  "Воробьевы горы"
2026-03-30 09:27:08 [INFO] __main__: --- Отель 44 из 59 ---
2026-03-30 09:27:08 [INFO] __main__: Обрабатываю отель: Отель" Арбат" (ID: 1632075)
2026-03-30 09:27:11 [WARNING] __main__: Не удалось получить данные для Отель" Арбат"
2026-03-30 09:27:11 [INFO] __main__: --- Отель 45 из 59 ---
2026-03-30 09:27:11 [INFO] __main__: Обрабатываю отель: Гостиница «Усадьба Егорова» (ID: 2032078)
2026-03-30 09:27:15 [WARNING] __main__: Не удалось получить данные для Гостиница «Усадьба Егорова»
2026-03-30 09:27:15 [INFO] __main__: --- Отель 46 из 59 ---
2026-03-30 09:27:15 [INFO] __main__: Обрабатываю отель: Отель "Белый Берег" (ID: 1785783)
2026-03-30 09:27:18 [WARNING] __main__: Не удалось получить данные для Отель "Белый Берег"
2026-03-30 09:27:18 [INFO] __main__: --- Отель 47 из 59 ---
2026-03-30 09:27:18 [INFO] __main__: Обрабатываю отель: Бутик-отель "Маруся" (ID: 898794)
2026-03-30 09:27:22 [WARNING] __main__: Не удалось получить данные для Бутик-отель "Маруся"
2026-03-30 09:27:22 [INFO] __main__: --- Отель 48 из 59 ---
2026-03-30 09:27:22 [INFO] __main__: Обрабатываю отель: Отель "Купеческий Дворъ" (ID: 767249)
2026-03-30 09:27:26 [WARNING] __main__: Не удалось получить данные для Отель "Купеческий Дворъ"
2026-03-30 09:27:26 [INFO] __main__: --- Отель 49 из 59 ---
2026-03-30 09:27:26 [INFO] __main__: Обрабатываю отель: Отель "Магистраль" (ID: 2036706)
2026-03-30 09:27:29 [WARNING] __main__: Не удалось получить данные для Отель "Магистраль"
2026-03-30 09:27:29 [INFO] __main__: --- Отель 50 из 59 ---
2026-03-30 09:27:29 [INFO] __main__: Обрабатываю отель: Доходный дом "М.А. Листратовой" (ID: 1129766)
2026-03-30 09:27:33 [WARNING] __main__: Не удалось получить данные для Доходный дом "М.А. Листратовой"
2026-03-30 09:27:33 [INFO] __main__: --- Отель 51 из 59 ---
2026-03-30 09:27:33 [INFO] __main__: Обрабатываю отель: Бутик-отель "Аристократ" (ID: 1343236)
2026-03-30 09:27:36 [WARNING] __main__: Не удалось получить данные для Бутик-отель "Аристократ"
2026-03-30 09:27:36 [INFO] __main__: --- Отель 52 из 59 ---
2026-03-30 09:27:36 [INFO] __main__: Обрабатываю отель: Гостиница "Байкал - Северное море" (ID: 1378154)
2026-03-30 09:27:40 [WARNING] __main__: Не удалось получить данные для Гостиница "Байкал - Северное море"
2026-03-30 09:27:40 [INFO] __main__: --- Отель 53 из 59 ---
2026-03-30 09:27:40 [INFO] __main__: Обрабатываю отель: Отель"NUUR HOTEL" (ID: 1979910)
2026-03-30 09:27:43 [WARNING] __main__: Не удалось получить данные для Отель"NUUR HOTEL"
2026-03-30 09:27:43 [INFO] __main__: --- Отель 54 из 59 ---
2026-03-30 09:27:43 [INFO] __main__: Обрабатываю отель: Парк-отель "Алтан" (ID: 1993192)
2026-03-30 09:27:47 [WARNING] __main__: Не удалось получить данные для Парк-отель "Алтан"
2026-03-30 09:27:47 [INFO] __main__: --- Отель 55 из 59 ---
2026-03-30 09:27:47 [INFO] __main__: Обрабатываю отель: Гостиница "BAIKAL VIEW" (ID: 1802586)
2026-03-30 09:27:50 [WARNING] __main__: Не удалось получить данные для Гостиница "BAIKAL VIEW"
2026-03-30 09:27:50 [INFO] __main__: --- Отель 56 из 59 ---
2026-03-30 09:27:50 [INFO] __main__: Обрабатываю отель: Отель «Байкал-Аляска» (ID: 1899852)
2026-03-30 09:27:54 [WARNING] __main__: Не удалось получить данные для Отель «Байкал-Аляска»
2026-03-30 09:27:54 [INFO] __main__: --- Отель 57 из 59 ---
2026-03-30 09:27:54 [INFO] __main__: Обрабатываю отель: Гостиница (ID: 1345611)
2026-03-30 09:27:58 [WARNING] __main__: Не удалось получить данные для Гостиница
2026-03-30 09:27:58 [INFO] __main__: --- Отель 58 из 59 ---
2026-03-30 09:27:58 [INFO] __main__: Обрабатываю отель: Отель Амурский (ID: 1335449)
2026-03-30 09:28:01 [WARNING] __main__: Не удалось получить данные для Отель Амурский
2026-03-30 09:28:01 [INFO] __main__: --- Отель 59 из 59 ---
2026-03-30 09:28:01 [INFO] __main__: Обрабатываю отель: Отель "Санаторий Солнечный" (ID: 1367536)
2026-03-30 09:28:05 [WARNING] __main__: Не удалось получить данные для Отель "Санаторий Солнечный"
2026-03-30 09:28:05 [WARNING] __main__: Не удалось извлечь данные о номерах.
2026-03-30 09:28:06 [INFO] __main__: Статистика сохранена в /home/runner/work/tvil_parser/tvil_parser/daily/statistics/2026-03-30.csv
2026-03-30 09:28:06 [INFO] __main__: Обработано 59 отелей
2026-03-30 13:32:04 [INFO] __main__: Режим CI: увеличенные таймауты.
2026-03-30 13:32:04 [INFO] __main__: Запуск парсера отелей...
2026-03-30 13:32:04 [INFO] __main__: Даты бронирования: 31.03.2026 - 01.04.2026
2026-03-30 13:32:06 [INFO] __main__: --- Страница 1 --- https://tvil.ru/city/irkutskaya-oblast/?gp%5Bentity_type%5D%5B0%5D=1&o%5Barrival%5D=2026-03-31&o%5Bdeparture%5D=2026-04-01&o%5BmaleCount%5D=1
2026-03-30 13:32:15 [INFO] __main__: meta.total = 58
2026-03-30 13:32:15 [INFO] __main__: Перехвачено 20 отелей. Всего: 20
2026-03-30 13:32:16 [INFO] __main__: --- Страница 2 --- https://tvil.ru/city/irkutskaya-oblast/page2/?gp%5Bentity_type%5D%5B0%5D=1&o%5Barrival%5D=2026-03-31&o%5Bdeparture%5D=2026-04-01&o%5BmaleCount%5D=1
2026-03-30 13:32:21 [INFO] __main__: Перехвачено 20 отелей. Всего: 40
2026-03-30 13:32:22 [INFO] __main__: --- Страница 3 --- https://tvil.ru/city/irkutskaya-oblast/page3/?gp%5Bentity_type%5D%5B0%5D=1&o%5Barrival%5D=2026-03-31&o%5Bdeparture%5D=2026-04-01&o%5BmaleCount%5D=1
2026-03-30 13:32:26 [INFO] __main__: Перехвачено 18 отелей. Всего: 58
2026-03-30 13:32:27 [INFO] __main__: Набрано 58, meta.total = 58
2026-03-30 13:32:27 [INFO] __main__: Сохранено 58 отелей в /home/runner/work/tvil_parser/tvil_parser/daily/hotels/2026-03-30.csv
2026-03-30 13:32:27 [INFO] __main__: Парсинг завершён. Всего обработано 58 отелей.
2026-03-30 13:32:27 [INFO] __main__: Каталог сохранён: 69 отелей → /home/runner/work/tvil_parser/tvil_parser/catalog/hotels.csv
2026-03-30 13:32:27 [INFO] __main__: Каталог обновлён: всего 69, новых 0
2026-03-30 13:32:27 [INFO] __main__: Запуск парсера номеров...
2026-03-30 13:32:27 [INFO] __main__: Даты бронирования: 31.03.2026 - 01.04.2026
2026-03-30 13:32:27 [INFO] __main__: Загружено 58 отелей для обработки
2026-03-30 13:32:28 [INFO] __main__: Перехожу на страницу tvil.ru...
2026-03-30 13:32:32 [INFO] __main__: --- Отель 1 из 58 ---
2026-03-30 13:32:32 [INFO] __main__: Обрабатываю отель: Гостиница "Ангара" (ID: 1435824)
2026-03-30 13:32:36 [INFO] __main__: Найдено 7 номеров для Гостиница "Ангара"
2026-03-30 13:32:36 [INFO] __main__: --- Отель 2 из 58 ---
2026-03-30 13:32:36 [INFO] __main__: Обрабатываю отель: Гостиница "Матрёшка" (ID: 906031)
2026-03-30 13:32:41 [INFO] __main__: Найдено 6 номеров для Гостиница "Матрёшка"
2026-03-30 13:32:41 [INFO] __main__: --- Отель 3 из 58 ---
2026-03-30 13:32:41 [INFO] __main__: Обрабатываю отель: Отель "Байкал Бизнес Центр" (ID: 1265180)
2026-03-30 13:32:46 [INFO] __main__: Найдено 6 номеров для Отель "Байкал Бизнес Центр"
2026-03-30 13:32:46 [INFO] __main__: --- Отель 4 из 58 ---
2026-03-30 13:32:46 [INFO] __main__: Обрабатываю отель: Гостиница "Русь" (ID: 1296851)
2026-03-30 13:32:49 [INFO] __main__: Найдено 5 номеров для Гостиница "Русь"
2026-03-30 13:32:49 [INFO] __main__: --- Отель 5 из 58 ---
2026-03-30 13:32:49 [INFO] __main__: Обрабатываю отель: Гостиница "На Звездинской" (ID: 1328740)
2026-03-30 13:32:54 [INFO] __main__: Найдено 3 номеров для Гостиница "На Звездинской"
2026-03-30 13:32:54 [INFO] __main__: --- Отель 6 из 58 ---
2026-03-30 13:32:54 [INFO] __main__: Обрабатываю отель: Апарт -отель "BaikalStory " (ID: 1845315)
2026-03-30 13:32:59 [INFO] __main__: Найдено 8 номеров для Апарт -отель "BaikalStory "
2026-03-30 13:32:59 [INFO] __main__: --- Отель 7 из 58 ---
2026-03-30 13:32:59 [INFO] __main__: Обрабатываю отель: Мини-отель "Проспект" (ID: 1889753)
2026-03-30 13:33:02 [INFO] __main__: Найдено 2 номеров для Мини-отель "Проспект"
2026-03-30 13:33:02 [INFO] __main__: --- Отель 8 из 58 ---
2026-03-30 13:33:02 [INFO] __main__: Обрабатываю отель: Гостиница "Березка" (ID: 1782205)
2026-03-30 13:33:06 [INFO] __main__: Найдено 2 номеров для Гостиница "Березка"
2026-03-30 13:33:06 [INFO] __main__: --- Отель 9 из 58 ---
2026-03-30 13:33:06 [INFO] __main__: Обрабатываю отель: Апарт-отель "Sokolov Hotel" (ID: 1009170)
2026-03-30 13:33:11 [INFO] __main__: Найдено 9 номеров для Апарт-отель "Sokolov Hotel"
2026-03-30 13:33:11 [INFO] __main__: --- Отель 10 из 58 ---
2026-03-30 13:33:11 [INFO] __main__: Обрабатываю отель: Гостиница "Юбилейная" (ID: 1490581)
2026-03-30 13:33:15 [INFO] __main__: Найдено 6 номеров для Гостиница "Юбилейная"
2026-03-30 13:33:15 [INFO] __main__: --- Отель 11 из 58 ---
2026-03-30 13:33:15 [INFO] __main__: Обрабатываю отель: Бутик-отель "География" (ID: 1298063)
2026-03-30 13:33:19 [INFO] __main__: Найдено 5 номеров для Бутик-отель "География"
2026-03-30 13:33:19 [INFO] __main__: --- Отель 12 из 58 ---
2026-03-30 13:33:19 [INFO] __main__: Обрабатываю отель: Мини-отель "Nice People" (ID: 1064267)
2026-03-30 13:33:23 [INFO] __main__: Найдено 6 номеров для Мини-отель "Nice People"
2026-03-30 13:33:23 [INFO] __main__: --- Отель 13 из 58 ---
2026-03-30 13:33:23 [INFO] __main__: Обрабатываю отель: Гостиница "Ochagof" (ID: 787596)
2026-03-30 13:33:27 [INFO] __main__: Найдено 2 номеров для Гостиница "Ochagof"
2026-03-30 13:33:27 [INFO] __main__: --- Отель 14 из 58 ---
2026-03-30 13:33:27 [INFO] __main__: Обрабатываю отель: Отель "Маяк" (ID: 1000539)
2026-03-30 13:33:30 [INFO] __main__: Найдено 5 номеров для Отель "Маяк"
2026-03-30 13:33:30 [INFO] __main__: --- Отель 15 из 58 ---
2026-03-30 13:33:30 [INFO] __main__: Обрабатываю отель: Отель "Гранд Байкал" (ID: 1277758)
2026-03-30 13:33:34 [INFO] __main__: Найдено 3 номеров для Отель "Гранд Байкал"
2026-03-30 13:33:34 [INFO] __main__: --- Отель 16 из 58 ---
2026-03-30 13:33:34 [INFO] __main__: Обрабатываю отель: Отель "Лотос" (ID: 946962)
2026-03-30 13:33:39 [INFO] __main__: Найдено 7 номеров для Отель "Лотос"
2026-03-30 13:33:39 [INFO] __main__: --- Отель 17 из 58 ---
2026-03-30 13:33:39 [INFO] __main__: Обрабатываю отель: Отель "Даурия" (ID: 1032271)
2026-03-30 13:33:43 [INFO] __main__: Найдено 3 номеров для Отель "Даурия"
2026-03-30 13:33:43 [INFO] __main__: --- Отель 18 из 58 ---
2026-03-30 13:33:43 [INFO] __main__: Обрабатываю отель: Парк-отель "Соболинка" (ID: 1287498)
2026-03-30 13:33:47 [INFO] __main__: Найдено 2 номеров для Парк-отель "Соболинка"
2026-03-30 13:33:47 [INFO] __main__: --- Отель 19 из 58 ---
2026-03-30 13:33:47 [INFO] __main__: Обрабатываю отель: Парк-отель "Бурдугуз" (ID: 1276636)
2026-03-30 13:33:51 [INFO] __main__: Найдено 3 номеров для Парк-отель "Бурдугуз"
2026-03-30 13:33:51 [INFO] __main__: --- Отель 20 из 58 ---
2026-03-30 13:33:51 [INFO] __main__: Обрабатываю отель: Отель "Яковлевъ" (ID: 1367731)
2026-03-30 13:33:55 [INFO] __main__: Найдено 4 номеров для Отель "Яковлевъ"
2026-03-30 13:33:55 [INFO] __main__: --- Отель 21 из 58 ---
2026-03-30 13:33:55 [INFO] __main__: Обрабатываю отель: Гостиница "7 дорог" (ID: 1462849)
2026-03-30 13:34:00 [INFO] __main__: Найдено 9 номеров для Гостиница "7 дорог"
2026-03-30 13:34:00 [INFO] __main__: --- Отель 22 из 58 ---
2026-03-30 13:34:00 [INFO] __main__: Обрабатываю отель: Гостиница "130Hotel" (ID: 1491765)
2026-03-30 13:34:04 [INFO] __main__: Найдено 3 номеров для Гостиница "130Hotel"
2026-03-30 13:34:04 [INFO] __main__: --- Отель 23 из 58 ---
2026-03-30 13:34:04 [INFO] __main__: Обрабатываю отель: Парк отель "Уюга" (ID: 1487384)
2026-03-30 13:34:08 [INFO] __main__: Найдено 5 номеров для Парк отель "Уюга"
2026-03-30 13:34:08 [INFO] __main__: --- Отель 24 из 58 ---
2026-03-30 13:34:08 [INFO] __main__: Обрабатываю отель: Отель "Иркут" (ID: 1609403)
2026-03-30 13:34:12 [INFO] __main__: Найдено 7 номеров для Отель "Иркут"
2026-03-30 13:34:12 [INFO] __main__: --- Отель 25 из 58 ---
2026-03-30 13:34:12 [INFO] __main__: Обрабатываю отель: Гостиница Олимпиада (ID: 1690094)
2026-03-30 13:34:17 [INFO] __main__: Найдено 3 номеров для Гостиница Олимпиада
2026-03-30 13:34:17 [INFO] __main__: --- Отель 26 из 58 ---
2026-03-30 13:34:17 [INFO] __main__: Обрабатываю отель: Отель "Подлеморье" (ID: 1892012)
2026-03-30 13:34:21 [INFO] __main__: Найдено 4 номеров для Отель "Подлеморье"
2026-03-30 13:34:21 [INFO] __main__: --- Отель 27 из 58 ---
2026-03-30 13:34:21 [INFO] __main__: Обрабатываю отель: Гостиница (ID: 1467982)
2026-03-30 13:34:25 [ERROR] __main__: Ошибка при получении данных о номерах: Page.evaluate: Execution context was destroyed, most likely because of a navigation
2026-03-30 13:34:26 [WARNING] __main__: Не удалось получить данные для Гостиница
2026-03-30 13:34:26 [INFO] __main__: --- Отель 28 из 58 ---
2026-03-30 13:34:26 [INFO] __main__: Обрабатываю отель: Отель «Альпари» (ID: 1490199)
2026-03-30 13:34:30 [INFO] __main__: Найдено 3 номеров для Отель «Альпари»
2026-03-30 13:34:30 [INFO] __main__: --- Отель 29 из 58 ---
2026-03-30 13:34:30 [INFO] __main__: Обрабатываю отель: Гостиница "У Истока" (ID: 1382100)
2026-03-30 13:34:34 [INFO] __main__: Найдено 2 номеров для Гостиница "У Истока"
2026-03-30 13:34:34 [INFO] __main__: --- Отель 30 из 58 ---
2026-03-30 13:34:34 [INFO] __main__: Обрабатываю отель: Гостиница "Usadba 50 ( Усадьба 50)" (ID: 1048431)
2026-03-30 13:34:38 [INFO] __main__: Найдено 8 номеров для Гостиница "Usadba 50 ( Усадьба 50)"
2026-03-30 13:34:38 [INFO] __main__: --- Отель 31 из 58 ---
2026-03-30 13:34:38 [INFO] __main__: Обрабатываю отель: Апарт-отель "Светлый" (ID: 1655828)
2026-03-30 13:34:42 [INFO] __main__: Найдено 2 номеров для Апарт-отель "Светлый"
2026-03-30 13:34:42 [INFO] __main__: --- Отель 32 из 58 ---
2026-03-30 13:34:42 [INFO] __main__: Обрабатываю отель: Парк-Отель "Шелест" (ID: 1851647)
2026-03-30 13:34:46 [INFO] __main__: Найдено 2 номеров для Парк-Отель "Шелест"
2026-03-30 13:34:46 [INFO] __main__: --- Отель 33 из 58 ---
2026-03-30 13:34:46 [INFO] __main__: Обрабатываю отель: Отель "Михаил Строгов" (ID: 904225)
2026-03-30 13:34:50 [INFO] __main__: Найдено 6 номеров для Отель "Михаил Строгов"
2026-03-30 13:34:50 [INFO] __main__: --- Отель 34 из 58 ---
2026-03-30 13:34:50 [INFO] __main__: Обрабатываю отель: Отель Армат 4* (ID: 1441288)
2026-03-30 13:34:54 [INFO] __main__: Найдено 6 номеров для Отель Армат 4*
2026-03-30 13:34:54 [INFO] __main__: --- Отель 35 из 58 ---
2026-03-30 13:34:54 [INFO] __main__: Обрабатываю отель: Отель "Тайга" (ID: 1296594)
2026-03-30 13:34:59 [INFO] __main__: Найдено 6 номеров для Отель "Тайга"
2026-03-30 13:34:59 [INFO] __main__: --- Отель 36 из 58 ---
2026-03-30 13:34:59 [INFO] __main__: Обрабатываю отель: Отель "Атлас" (ID: 1367592)
2026-03-30 13:35:02 [INFO] __main__: Найдено 5 номеров для Отель "Атлас"
2026-03-30 13:35:02 [INFO] __main__: --- Отель 37 из 58 ---
2026-03-30 13:35:02 [INFO] __main__: Обрабатываю отель: Гостиница "Байкал Форест" (ID: 1472664)
2026-03-30 13:35:06 [INFO] __main__: Найдено 4 номеров для Гостиница "Байкал Форест"
2026-03-30 13:35:06 [INFO] __main__: --- Отель 38 из 58 ---
2026-03-30 13:35:06 [INFO] __main__: Обрабатываю отель: Гостиничный комплекс "Лазурный берег" (ID: 424345)
2026-03-30 13:35:10 [INFO] __main__: Найдено 3 номеров для Гостиничный комплекс "Лазурный берег"
2026-03-30 13:35:10 [INFO] __main__: --- Отель 39 из 58 ---
2026-03-30 13:35:10 [INFO] __main__: Обрабатываю отель: Гостиница "Азия-Европа" (ID: 2063101)
2026-03-30 13:35:14 [INFO] __main__: Найдено 5 номеров для Гостиница "Азия-Европа"
2026-03-30 13:35:14 [INFO] __main__: --- Отель 40 из 58 ---
2026-03-30 13:35:14 [INFO] __main__: Обрабатываю отель: Отель "Звезда" (ID: 425543)
2026-03-30 13:35:18 [INFO] __main__: Найдено 4 номеров для Отель "Звезда"
2026-03-30 13:35:18 [INFO] __main__: --- Отель 41 из 58 ---
2026-03-30 13:35:18 [INFO] __main__: Обрабатываю отель: Гостиница" Аврора" (ID: 1508283)
2026-03-30 13:35:21 [INFO] __main__: Найдено 4 номеров для Гостиница" Аврора"
2026-03-30 13:35:21 [INFO] __main__: --- Отель 42 из 58 ---
2026-03-30 13:35:21 [INFO] __main__: Обрабатываю отель: Гостиница  "Воробьевы горы" (ID: 1390108)
2026-03-30 13:35:25 [INFO] __main__: Найдено 5 номеров для Гостиница  "Воробьевы горы"
2026-03-30 13:35:25 [INFO] __main__: --- Отель 43 из 58 ---
2026-03-30 13:35:25 [INFO] __main__: Обрабатываю отель: Отель" Арбат" (ID: 1632075)
2026-03-30 13:35:29 [INFO] __main__: Найдено 4 номеров для Отель" Арбат"
2026-03-30 13:35:29 [INFO] __main__: --- Отель 44 из 58 ---
2026-03-30 13:35:29 [INFO] __main__: Обрабатываю отель: Отель "Белый Берег" (ID: 1785783)
2026-03-30 13:35:34 [INFO] __main__: Найдено 2 номеров для Отель "Белый Берег"
2026-03-30 13:35:34 [INFO] __main__: --- Отель 45 из 58 ---
2026-03-30 13:35:34 [INFO] __main__: Обрабатываю отель: Гостиница «Усадьба Егорова» (ID: 2032078)
2026-03-30 13:35:38 [INFO] __main__: Найдено 6 номеров для Гостиница «Усадьба Егорова»
2026-03-30 13:35:38 [INFO] __main__: --- Отель 46 из 58 ---
2026-03-30 13:35:38 [INFO] __main__: Обрабатываю отель: Отель "Купеческий Дворъ" (ID: 767249)
2026-03-30 13:35:43 [INFO] __main__: Найдено 7 номеров для Отель "Купеческий Дворъ"
2026-03-30 13:35:43 [INFO] __main__: --- Отель 47 из 58 ---
2026-03-30 13:35:43 [INFO] __main__: Обрабатываю отель: Бутик-отель "Маруся" (ID: 898794)
2026-03-30 13:35:47 [INFO] __main__: Найдено 5 номеров для Бутик-отель "Маруся"
2026-03-30 13:35:47 [INFO] __main__: --- Отель 48 из 58 ---
2026-03-30 13:35:47 [INFO] __main__: Обрабатываю отель: Доходный дом "М.А. Листратовой" (ID: 1129766)
2026-03-30 13:35:51 [INFO] __main__: Найдено 7 номеров для Доходный дом "М.А. Листратовой"
2026-03-30 13:35:51 [INFO] __main__: --- Отель 49 из 58 ---
2026-03-30 13:35:51 [INFO] __main__: Обрабатываю отель: Бутик-отель "Аристократ" (ID: 1343236)
2026-03-30 13:35:55 [INFO] __main__: Найдено 3 номеров для Бутик-отель "Аристократ"
2026-03-30 13:35:55 [INFO] __main__: --- Отель 50 из 58 ---
2026-03-30 13:35:55 [INFO] __main__: Обрабатываю отель: Гостиница (ID: 1345611)
2026-03-30 13:35:59 [INFO] __main__: Найдено 5 номеров для Гостиница
2026-03-30 13:35:59 [INFO] __main__: --- Отель 51 из 58 ---
2026-03-30 13:35:59 [INFO] __main__: Обрабатываю отель: Отель Амурский (ID: 1335449)
2026-03-30 13:36:03 [INFO] __main__: Найдено 7 номеров для Отель Амурский
2026-03-30 13:36:03 [INFO] __main__: --- Отель 52 из 58 ---
2026-03-30 13:36:03 [INFO] __main__: Обрабатываю отель: Гостиница "Байкал - Северное море" (ID: 1378154)
2026-03-30 13:36:07 [INFO] __main__: Найдено 7 номеров для Гостиница "Байкал - Северное море"
2026-03-30 13:36:07 [INFO] __main__: --- Отель 53 из 58 ---
2026-03-30 13:36:07 [INFO] __main__: Обрабатываю отель: Гостиница "BAIKAL VIEW" (ID: 1802586)
2026-03-30 13:36:11 [WARNING] __main__: Не удалось получить данные для Гостиница "BAIKAL VIEW"
2026-03-30 13:36:11 [INFO] __main__: --- Отель 54 из 58 ---
2026-03-30 13:36:11 [INFO] __main__: Обрабатываю отель: Отель «Байкал-Аляска» (ID: 1899852)
2026-03-30 13:36:14 [ERROR] __main__: Ошибка при получении данных о номерах: Page.evaluate: Execution context was destroyed, most likely because of a navigation
2026-03-30 13:36:15 [WARNING] __main__: Не удалось получить данные для Отель «Байкал-Аляска»
2026-03-30 13:36:15 [INFO] __main__: --- Отель 55 из 58 ---
2026-03-30 13:36:15 [INFO] __main__: Обрабатываю отель: Отель"NUUR HOTEL" (ID: 1979910)
2026-03-30 13:36:19 [INFO] __main__: Найдено 6 номеров для Отель"NUUR HOTEL"
2026-03-30 13:36:19 [INFO] __main__: --- Отель 56 из 58 ---
2026-03-30 13:36:19 [INFO] __main__: Обрабатываю отель: Парк-отель "Алтан" (ID: 1993192)
2026-03-30 13:36:24 [INFO] __main__: Найдено 4 номеров для Парк-отель "Алтан"
2026-03-30 13:36:24 [INFO] __main__: --- Отель 57 из 58 ---
2026-03-30 13:36:24 [INFO] __main__: Обрабатываю отель: Отель "Магистраль" (ID: 2036706)
2026-03-30 13:36:28 [INFO] __main__: Найдено 6 номеров для Отель "Магистраль"
2026-03-30 13:36:28 [INFO] __main__: --- Отель 58 из 58 ---
2026-03-30 13:36:28 [INFO] __main__: Обрабатываю отель: Отель "Санаторий Солнечный" (ID: 1367536)
2026-03-30 13:36:31 [INFO] __main__: Найдено 2 номеров для Отель "Санаторий Солнечный"
2026-03-30 13:36:31 [INFO] __main__: Сохранено 261 номеров в /home/runner/work/tvil_parser/tvil_parser/daily/rooms/2026-03-30.csv
2026-03-30 13:36:31 [INFO] __main__: Парсинг завершён. Всего обработано 261 номеров.
2026-03-30 13:36:32 [INFO] __main__: Статистика сохранена в /home/runner/work/tvil_parser/tvil_parser/daily/statistics/2026-03-30.csv
2026-03-30 13:36:32 [INFO] __main__: Обработано 58 отелей
