2026-03-20 16:00:34 [INFO] __main__: Запуск парсера отелей...
2026-03-20 16:00:34 [INFO] __main__: Даты бронирования: 21.03.2026 - 22.03.2026
2026-03-20 16:00:35 [INFO] __main__: Перехожу на страницу tvil.ru...
2026-03-20 16:00:58 [INFO] __main__: --- Страница 1 ---
2026-03-20 16:00:59 [INFO] __main__: Извлечено 20 отелей. Всего: 20
2026-03-20 16:00:59 [INFO] __main__: --- Страница 2 ---
2026-03-20 16:01:01 [INFO] __main__: Извлечено 20 отелей. Всего: 40
2026-03-20 16:01:01 [INFO] __main__: --- Страница 3 ---
2026-03-20 16:01:02 [INFO] __main__: Извлечено 20 отелей. Всего: 60
2026-03-20 16:01:03 [INFO] __main__: --- Страница 4 ---
2026-03-20 16:01:04 [INFO] __main__: Извлечено 8 отелей. Всего: 68
2026-03-20 16:01:04 [INFO] __main__: Достигнута последняя страница.
2026-03-20 16:01:04 [INFO] __main__: Всего собрано отелей со всех страниц: 68
2026-03-20 16:01:04 [INFO] __main__: Сохранено 68 отелей в c:\Users\matve\Desktop\tvil_parser\daily\hotels\2026-03-20.csv
2026-03-20 16:01:04 [INFO] __main__: Парсинг завершён. Всего обработано 68 отелей.
2026-03-20 16:01:04 [INFO] __main__: Каталог сохранён: 67 отелей → c:\Users\matve\Desktop\tvil_parser\catalog\hotels.csv
2026-03-20 16:01:04 [INFO] __main__: Каталог обновлён: всего 67, новых 0
2026-03-20 16:04:07 [INFO] __main__: Запуск парсера отелей...
2026-03-20 16:04:07 [INFO] __main__: Даты бронирования: 21.03.2026 - 22.03.2026
2026-03-20 16:04:08 [INFO] __main__: Перехожу на страницу tvil.ru (с датами и 1 гостем)...
2026-03-20 16:04:08 [INFO] __main__: URL: https://tvil.ru/city/irkutskaya-oblast/?gp%5Bentity_type%5D%5B0%5D=1&o%5Barrival%5D=2026-03-21&o%5Bdeparture%5D=2026-03-22&o%5BmaleCount%5D=1
2026-03-20 16:04:27 [INFO] __main__: --- Страница 1 ---
2026-03-20 16:04:29 [INFO] __main__: Извлечено 20 отелей. Всего: 20
2026-03-20 16:04:29 [INFO] __main__: --- Страница 2 ---
2026-03-20 16:04:30 [INFO] __main__: Извлечено 20 отелей. Всего: 40
2026-03-20 16:04:31 [INFO] __main__: --- Страница 3 ---
2026-03-20 16:04:32 [INFO] __main__: Извлечено 20 отелей. Всего: 60
2026-03-20 16:04:32 [INFO] __main__: --- Страница 4 ---
2026-03-20 16:04:33 [INFO] __main__: Извлечено 8 отелей. Всего: 68
2026-03-20 16:04:33 [INFO] __main__: Достигнута последняя страница.
2026-03-20 16:04:33 [INFO] __main__: Всего собрано отелей со всех страниц: 68
2026-03-20 16:04:33 [INFO] __main__: Сохранено 68 отелей в c:\Users\matve\Desktop\tvil_parser\tables\hotels\2026-03-20.csv
2026-03-20 16:04:33 [INFO] __main__: Парсинг завершён. Всего обработано 68 отелей.
2026-03-20 16:04:33 [INFO] __main__: Каталог сохранён: 67 отелей → c:\Users\matve\Desktop\tvil_parser\catalog\hotels.csv
2026-03-20 16:04:33 [INFO] __main__: Каталог обновлён: всего 67, новых 0
2026-03-20 16:08:33 [INFO] __main__: Запуск парсера отелей...
2026-03-20 16:08:33 [INFO] __main__: Даты бронирования: 21.03.2026 - 22.03.2026
2026-03-20 16:08:34 [INFO] __main__: Перехожу на страницу tvil.ru...
2026-03-20 16:08:57 [INFO] __main__: Запуск парсера отелей...
2026-03-20 16:08:57 [INFO] __main__: Даты бронирования: 21.03.2026 - 22.03.2026
2026-03-20 16:08:58 [INFO] __main__: Перехожу на страницу tvil.ru...
2026-03-20 16:09:31 [INFO] __main__: --- Страница 1 ---
2026-03-20 16:09:32 [INFO] __main__: Извлечено 20 отелей. Всего: 20
2026-03-20 16:09:33 [INFO] __main__: --- Страница 2 ---
2026-03-20 16:09:34 [INFO] __main__: Извлечено 20 отелей. Всего: 40
2026-03-20 16:09:34 [INFO] __main__: --- Страница 3 ---
2026-03-20 16:09:35 [INFO] __main__: Извлечено 20 отелей. Всего: 60
2026-03-20 16:09:36 [INFO] __main__: --- Страница 4 ---
2026-03-20 16:09:37 [INFO] __main__: Извлечено 8 отелей. Всего: 68
2026-03-20 16:09:37 [INFO] __main__: Достигнута последняя страница.
2026-03-20 16:09:37 [INFO] __main__: Всего собрано отелей со всех страниц: 68
2026-03-20 16:09:37 [INFO] __main__: Сохранено 68 отелей в c:\Users\matve\Desktop\tvil_parser\daily\hotels\2026-03-20.csv
2026-03-20 16:09:37 [INFO] __main__: Парсинг завершён. Всего обработано 68 отелей.
2026-03-20 16:09:37 [INFO] __main__: Каталог сохранён: 67 отелей → c:\Users\matve\Desktop\tvil_parser\catalog\hotels.csv
2026-03-20 16:09:37 [INFO] __main__: Каталог обновлён: всего 67, новых 0
2026-03-20 16:09:49 [INFO] __main__: Запуск парсера отелей...
2026-03-20 16:09:49 [INFO] __main__: Даты бронирования: 21.03.2026 - 22.03.2026
2026-03-20 16:09:49 [INFO] __main__: Перехожу на страницу tvil.ru...
2026-03-20 16:10:07 [INFO] __main__: --- Страница 1 ---
2026-03-20 16:10:09 [INFO] __main__: Извлечено 20 отелей. Всего: 20
2026-03-20 16:10:09 [INFO] __main__: --- Страница 2 ---
2026-03-20 16:10:11 [INFO] __main__: Извлечено 20 отелей. Всего: 40
2026-03-20 16:10:11 [INFO] __main__: --- Страница 3 ---
2026-03-20 16:10:12 [INFO] __main__: Извлечено 20 отелей. Всего: 60
2026-03-20 16:10:13 [INFO] __main__: --- Страница 4 ---
2026-03-20 16:10:15 [INFO] __main__: Извлечено 8 отелей. Всего: 68
2026-03-20 16:10:15 [INFO] __main__: Достигнута последняя страница.
2026-03-20 16:10:15 [INFO] __main__: Всего собрано отелей со всех страниц: 68
2026-03-20 16:10:15 [INFO] __main__: Сохранено 68 отелей в c:\Users\matve\Desktop\tvil_parser\daily\hotels\2026-03-20.csv
2026-03-20 16:10:15 [INFO] __main__: Парсинг завершён. Всего обработано 68 отелей.
2026-03-20 16:10:15 [INFO] __main__: Каталог сохранён: 67 отелей → c:\Users\matve\Desktop\tvil_parser\catalog\hotels.csv
2026-03-20 16:10:15 [INFO] __main__: Каталог обновлён: всего 67, новых 0
2026-03-20 16:10:52 [INFO] __main__: Запуск парсера отелей...
2026-03-20 16:10:52 [INFO] __main__: Даты бронирования: 21.03.2026 - 22.03.2026
2026-03-20 16:10:53 [INFO] __main__: Перехожу на страницу tvil.ru (с датами и 1 гостем)...
2026-03-20 16:10:53 [INFO] __main__: URL: https://tvil.ru/city/irkutskaya-oblast/?gp%5Bentity_type%5D%5B0%5D=1&o%5Barrival%5D=2026-03-21&o%5Bdeparture%5D=2026-03-22&o%5BmaleCount%5D=1
2026-03-20 16:11:06 [INFO] __main__: --- Страница 1 ---
2026-03-20 16:11:08 [INFO] __main__: Извлечено 20 отелей. Всего: 20
2026-03-20 16:11:09 [INFO] __main__: --- Страница 2 ---
2026-03-20 16:11:11 [INFO] __main__: Извлечено 20 отелей. Всего: 40
2026-03-20 16:11:11 [INFO] __main__: --- Страница 3 ---
2026-03-20 16:11:13 [INFO] __main__: Извлечено 20 отелей. Всего: 60
2026-03-20 16:11:14 [INFO] __main__: --- Страница 4 ---
2026-03-20 16:11:16 [INFO] __main__: Извлечено 8 отелей. Всего: 68
2026-03-20 16:11:16 [INFO] __main__: Достигнута последняя страница.
2026-03-20 16:11:16 [INFO] __main__: Всего собрано отелей со всех страниц: 68
2026-03-20 16:11:16 [INFO] __main__: Сохранено 68 отелей в c:\Users\matve\Desktop\tvil_parser\tables\hotels\2026-03-20.csv
2026-03-20 16:11:16 [INFO] __main__: Парсинг завершён. Всего обработано 68 отелей.
2026-03-20 16:11:16 [INFO] __main__: Каталог сохранён: 67 отелей → c:\Users\matve\Desktop\tvil_parser\catalog\hotels.csv
2026-03-20 16:11:16 [INFO] __main__: Каталог обновлён: всего 67, новых 0
2026-03-20 16:12:11 [INFO] __main__: Запуск парсера отелей...
2026-03-20 16:12:11 [INFO] __main__: Даты бронирования: 21.03.2026 - 22.03.2026
2026-03-20 16:12:11 [INFO] __main__: Перехожу на страницу tvil.ru (с датами и 1 гостем)...
2026-03-20 16:12:11 [INFO] __main__: URL: https://tvil.ru/city/irkutskaya-oblast/?gp%5Bentity_type%5D%5B0%5D=1&o%5Barrival%5D=2026-03-21&o%5Bdeparture%5D=2026-03-22&o%5BmaleCount%5D=1
2026-03-20 16:12:53 [INFO] __main__: Запуск парсера отелей...
2026-03-20 16:12:53 [INFO] __main__: Даты бронирования: 21.03.2026 - 22.03.2026
2026-03-20 16:12:54 [INFO] __main__: Перехожу на страницу tvil.ru (с датами и 1 гостем)...
2026-03-20 16:12:54 [INFO] __main__: URL: https://tvil.ru/city/irkutskaya-oblast/?gp%5Bentity_type%5D%5B0%5D=1&o%5Barrival%5D=2026-03-21&o%5Bdeparture%5D=2026-03-22&o%5BmaleCount%5D=1
2026-03-20 16:14:39 [INFO] __main__: Запуск парсера отелей...
2026-03-20 16:14:39 [INFO] __main__: Даты бронирования: 21.03.2026 - 22.03.2026
2026-03-20 16:14:40 [INFO] __main__: Перехожу на страницу tvil.ru (с датами и 1 гостем)...
2026-03-20 16:14:40 [INFO] __main__: URL: https://tvil.ru/city/irkutskaya-oblast/?gp%5Bentity_type%5D%5B0%5D=1&o%5Barrival%5D=2026-03-21&o%5Bdeparture%5D=2026-03-22&o%5BmaleCount%5D=1
2026-03-20 19:05:37 [INFO] __main__: Запуск парсера отелей...
2026-03-20 19:05:37 [INFO] __main__: Даты бронирования: 21.03.2026 - 22.03.2026
2026-03-20 19:05:39 [INFO] __main__: Перехожу на страницу tvil.ru (с датами и 1 гостем)...
2026-03-20 19:05:39 [INFO] __main__: URL: https://tvil.ru/city/irkutskaya-oblast/?gp%5Bentity_type%5D%5B0%5D=1&o%5Barrival%5D=2026-03-21&o%5Bdeparture%5D=2026-03-22&o%5BmaleCount%5D=1
2026-03-20 19:05:59 [INFO] __main__: --- Страница 1 ---
2026-03-20 19:06:03 [INFO] __main__: Извлечено 20 отелей. Всего: 20
2026-03-20 19:06:03 [INFO] __main__: --- Страница 2 ---
2026-03-20 19:06:05 [INFO] __main__: Извлечено 20 отелей. Всего: 40
2026-03-20 19:06:05 [INFO] __main__: --- Страница 3 ---
2026-03-20 19:06:07 [INFO] __main__: Извлечено 20 отелей. Всего: 60
2026-03-20 19:06:07 [INFO] __main__: --- Страница 4 ---
2026-03-20 19:06:09 [INFO] __main__: Извлечено 9 отелей. Всего: 69
2026-03-20 19:06:09 [INFO] __main__: Достигнута последняя страница.
2026-03-20 19:06:09 [INFO] __main__: Всего собрано отелей со всех страниц: 69
2026-03-20 19:06:09 [INFO] __main__: Сохранено 69 отелей в c:\Users\matve\Desktop\tvil_parser\tables\hotels\2026-03-20.csv
2026-03-20 19:06:09 [INFO] __main__: Парсинг завершён. Всего обработано 69 отелей.
2026-03-20 19:06:09 [INFO] __main__: Каталог сохранён: 68 отелей → c:\Users\matve\Desktop\tvil_parser\catalog\hotels.csv
2026-03-20 19:06:09 [INFO] __main__: Каталог обновлён: всего 68, новых 1
2026-03-20 20:15:16 [INFO] __main__: Запуск парсера отелей...
2026-03-20 20:15:16 [INFO] __main__: Даты бронирования: 21.03.2026 - 22.03.2026
2026-03-20 20:15:17 [INFO] __main__: Перехожу на страницу tvil.ru (с датами и 1 гостем)...
2026-03-20 20:15:17 [INFO] __main__: URL: https://tvil.ru/city/irkutskaya-oblast/?gp%5Bentity_type%5D%5B0%5D=1&o%5Barrival%5D=2026-03-21&o%5Bdeparture%5D=2026-03-22&o%5BmaleCount%5D=1
2026-03-20 20:15:32 [INFO] __main__: --- Страница 1 ---
2026-03-20 20:15:35 [INFO] __main__: Извлечено 20 отелей. Всего: 20
2026-03-20 20:15:35 [INFO] __main__: --- Страница 2 ---
2026-03-20 20:15:36 [INFO] __main__: Извлечено 20 отелей. Всего: 40
2026-03-20 20:15:37 [INFO] __main__: --- Страница 3 ---
2026-03-20 20:15:38 [INFO] __main__: Извлечено 20 отелей. Всего: 60
2026-03-20 20:15:39 [INFO] __main__: --- Страница 4 ---
2026-03-20 20:15:40 [INFO] __main__: Извлечено 9 отелей. Всего: 69
2026-03-20 20:15:40 [INFO] __main__: Достигнута последняя страница.
2026-03-20 20:15:40 [INFO] __main__: Всего собрано отелей со всех страниц: 69
2026-03-20 20:15:40 [INFO] __main__: Убрано дубликатов: 3. Уникальных отелей: 66
2026-03-20 20:15:40 [INFO] __main__: Сохранено 66 отелей в c:\Users\matve\Desktop\tvil_parser\tables\hotels\2026-03-20.csv
2026-03-20 20:15:40 [INFO] __main__: Парсинг завершён. Всего обработано 66 отелей.
2026-03-20 20:15:40 [INFO] __main__: Каталог сохранён: 68 отелей → c:\Users\matve\Desktop\tvil_parser\catalog\hotels.csv
2026-03-20 20:15:40 [INFO] __main__: Каталог обновлён: всего 68, новых 0
2026-03-20 20:17:35 [INFO] __main__: Запуск парсера отелей...
2026-03-20 20:17:35 [INFO] __main__: Даты бронирования: 21.03.2026 - 22.03.2026
2026-03-20 20:17:37 [INFO] __main__: Перехожу на страницу tvil.ru (с датами и 1 гостем)...
2026-03-20 20:17:37 [INFO] __main__: URL: https://tvil.ru/city/irkutskaya-oblast/?gp%5Bentity_type%5D%5B0%5D=1&o%5Barrival%5D=2026-03-21&o%5Bdeparture%5D=2026-03-22&o%5BmaleCount%5D=1
2026-03-20 20:18:14 [INFO] __main__: Запуск парсера отелей...
2026-03-20 20:18:14 [INFO] __main__: Даты бронирования: 21.03.2026 - 22.03.2026
2026-03-20 20:18:15 [INFO] __main__: Перехожу на страницу tvil.ru (с датами и 1 гостем)...
2026-03-20 20:18:15 [INFO] __main__: URL: https://tvil.ru/city/irkutskaya-oblast/?gp%5Bentity_type%5D%5B0%5D=1&o%5Barrival%5D=2026-03-21&o%5Bdeparture%5D=2026-03-22&o%5BmaleCount%5D=1
2026-03-20 20:18:29 [INFO] __main__: --- Страница 1 ---
2026-03-20 20:18:30 [INFO] __main__: Извлечено 20 отелей. Всего: 20
2026-03-20 20:18:31 [INFO] __main__: --- Страница 2 ---
2026-03-20 20:18:32 [INFO] __main__: Извлечено 20 отелей. Всего: 40
2026-03-20 20:18:33 [INFO] __main__: --- Страница 3 ---
2026-03-20 20:18:34 [INFO] __main__: Извлечено 20 отелей. Всего: 60
2026-03-20 20:18:34 [INFO] __main__: --- Страница 4 ---
2026-03-20 20:18:35 [INFO] __main__: Извлечено 9 отелей. Всего: 69
2026-03-20 20:18:35 [INFO] __main__: Достигнута последняя страница.
2026-03-20 20:18:35 [INFO] __main__: Всего собрано отелей со всех страниц: 69
2026-03-20 20:18:35 [INFO] __main__: Убрано дубликатов: 3. Уникальных отелей: 66
2026-03-20 20:18:35 [INFO] __main__: Сохранено 66 отелей в c:\Users\matve\Desktop\tvil_parser\daily\hotels\2026-03-20.csv
2026-03-20 20:18:35 [INFO] __main__: Парсинг завершён. Всего обработано 66 отелей.
2026-03-20 20:18:35 [INFO] __main__: Каталог сохранён: 68 отелей → c:\Users\matve\Desktop\tvil_parser\catalog\hotels.csv
2026-03-20 20:18:35 [INFO] __main__: Каталог обновлён: всего 68, новых 0
2026-03-20 20:20:59 [INFO] __main__: Запуск парсера отелей...
2026-03-20 20:20:59 [INFO] __main__: Даты бронирования: 21.03.2026 - 22.03.2026
2026-03-20 20:21:00 [INFO] __main__: Перехожу на страницу tvil.ru (с датами и 1 гостем)...
2026-03-20 20:21:00 [INFO] __main__: URL: https://tvil.ru/city/irkutskaya-oblast/?gp%5Bentity_type%5D%5B0%5D=1&o%5Barrival%5D=2026-03-21&o%5Bdeparture%5D=2026-03-22&o%5BmaleCount%5D=1
2026-03-20 20:21:14 [INFO] __main__: --- Страница 1 ---
2026-03-20 20:21:16 [INFO] __main__: Извлечено 20 отелей. Всего: 20
2026-03-20 20:21:16 [INFO] __main__: --- Страница 2 ---
2026-03-20 20:21:18 [INFO] __main__: Извлечено 20 отелей. Всего: 40
2026-03-20 20:21:18 [INFO] __main__: --- Страница 3 ---
2026-03-20 20:21:19 [INFO] __main__: Извлечено 20 отелей. Всего: 60
2026-03-20 20:21:20 [INFO] __main__: --- Страница 4 ---
2026-03-20 20:21:21 [INFO] __main__: Извлечено 9 отелей. Всего: 69
2026-03-20 20:21:21 [INFO] __main__: Достигнута последняя страница.
2026-03-20 20:21:21 [INFO] __main__: Всего собрано отелей со всех страниц: 69
2026-03-20 20:21:21 [INFO] __main__: Убрано дубликатов: 3. Уникальных отелей: 66
2026-03-20 20:21:21 [INFO] __main__: Сохранено 66 отелей в c:\Users\matve\Desktop\tvil_parser\daily\hotels\2026-03-20.csv
2026-03-20 20:21:21 [INFO] __main__: Парсинг завершён. Всего обработано 66 отелей.
2026-03-20 20:21:21 [INFO] __main__: Каталог сохранён: 68 отелей → c:\Users\matve\Desktop\tvil_parser\catalog\hotels.csv
2026-03-20 20:21:21 [INFO] __main__: Каталог обновлён: всего 68, новых 0
2026-03-20 20:23:15 [INFO] __main__: Запуск парсера отелей...
2026-03-20 20:23:15 [INFO] __main__: Даты бронирования: 19.04.2026 - 20.04.2026
2026-03-20 20:23:16 [INFO] __main__: Перехожу на страницу tvil.ru (с датами и 1 гостем)...
2026-03-20 20:23:16 [INFO] __main__: URL: https://tvil.ru/city/irkutskaya-oblast/?gp%5Bentity_type%5D%5B0%5D=1&o%5Barrival%5D=2026-04-19&o%5Bdeparture%5D=2026-04-20&o%5BmaleCount%5D=1
2026-03-20 20:23:31 [INFO] __main__: --- Страница 1 ---
2026-03-20 20:23:32 [INFO] __main__: Извлечено 20 отелей. Всего: 20
2026-03-20 20:23:33 [INFO] __main__: --- Страница 2 ---
2026-03-20 20:23:34 [INFO] __main__: Извлечено 20 отелей. Всего: 40
2026-03-20 20:23:35 [INFO] __main__: --- Страница 3 ---
2026-03-20 20:23:36 [INFO] __main__: Извлечено 20 отелей. Всего: 60
2026-03-20 20:23:37 [INFO] __main__: --- Страница 4 ---
2026-03-20 20:23:37 [INFO] __main__: Извлечено 9 отелей. Всего: 69
2026-03-20 20:23:37 [INFO] __main__: Достигнута последняя страница.
2026-03-20 20:23:37 [INFO] __main__: Всего собрано отелей со всех страниц: 69
2026-03-20 20:23:38 [INFO] __main__: Убрано дубликатов: 2. Уникальных отелей: 67
2026-03-20 20:23:38 [INFO] __main__: Сохранено 67 отелей в c:\Users\matve\Desktop\tvil_parser\daily\hotels\2026-03-20.csv
2026-03-20 20:23:38 [INFO] __main__: Парсинг завершён. Всего обработано 67 отелей.
2026-03-20 20:23:38 [INFO] __main__: Каталог сохранён: 69 отелей → c:\Users\matve\Desktop\tvil_parser\catalog\hotels.csv
2026-03-20 20:23:38 [INFO] __main__: Каталог обновлён: всего 69, новых 1
2026-03-20 20:26:53 [INFO] __main__: Запуск парсера отелей...
2026-03-20 20:26:53 [INFO] __main__: Даты бронирования: 19.04.2026 - 20.04.2026
2026-03-20 20:26:54 [INFO] __main__: Перехожу на страницу tvil.ru (с датами и 1 гостем)...
2026-03-20 20:26:54 [INFO] __main__: URL: https://tvil.ru/city/irkutskaya-oblast/?gp%5Bentity_type%5D%5B0%5D=1&o%5Barrival%5D=2026-04-19&o%5Bdeparture%5D=2026-04-20&o%5BmaleCount%5D=1
2026-03-20 20:27:19 [INFO] __main__: --- Страница 1 ---
2026-03-20 20:27:21 [INFO] __main__: Извлечено 20 отелей. Всего: 20
2026-03-20 20:27:21 [INFO] __main__: --- Страница 2 ---
2026-03-20 20:27:23 [INFO] __main__: Извлечено 20 отелей. Всего: 40
2026-03-20 20:27:23 [INFO] __main__: --- Страница 3 ---
2026-03-20 20:27:24 [INFO] __main__: Извлечено 20 отелей. Всего: 60
2026-03-20 20:27:25 [INFO] __main__: --- Страница 4 ---
2026-03-20 20:27:25 [INFO] __main__: Извлечено 9 отелей. Всего: 69
2026-03-20 20:27:25 [INFO] __main__: Достигнута последняя страница.
2026-03-20 20:27:25 [INFO] __main__: Всего собрано отелей со всех страниц: 69
2026-03-20 20:27:25 [INFO] __main__: Убрано дубликатов: 2. Уникальных отелей: 67
2026-03-20 20:27:25 [INFO] __main__: Сохранено 67 отелей в c:\Users\matve\Desktop\tvil_parser\daily\hotels\2026-03-20.csv
2026-03-20 20:27:25 [INFO] __main__: Парсинг завершён. Всего обработано 67 отелей.
2026-03-20 20:27:25 [INFO] __main__: Каталог сохранён: 69 отелей → c:\Users\matve\Desktop\tvil_parser\catalog\hotels.csv
2026-03-20 20:27:25 [INFO] __main__: Каталог обновлён: всего 69, новых 0
2026-03-20 20:32:10 [INFO] __main__: Запуск парсера отелей...
2026-03-20 20:32:10 [INFO] __main__: Даты бронирования: 21.03.2026 - 22.03.2026
2026-03-20 20:32:11 [INFO] __main__: Перехожу на страницу tvil.ru (с датами и 1 гостем)...
2026-03-20 20:32:11 [INFO] __main__: URL: https://tvil.ru/city/irkutskaya-oblast/?gp%5Bentity_type%5D%5B0%5D=1&o%5Barrival%5D=2026-03-21&o%5Bdeparture%5D=2026-03-22&o%5BmaleCount%5D=1
2026-03-20 20:32:31 [INFO] __main__: --- Страница 1 ---
2026-03-20 20:32:32 [INFO] __main__: Извлечено 20 отелей. Всего: 20
2026-03-20 20:32:33 [INFO] __main__: --- Страница 2 ---
2026-03-20 20:32:34 [INFO] __main__: Извлечено 20 отелей. Всего: 40
2026-03-20 20:32:35 [INFO] __main__: --- Страница 3 ---
2026-03-20 20:32:36 [INFO] __main__: Извлечено 20 отелей. Всего: 60
2026-03-20 20:32:36 [INFO] __main__: --- Страница 4 ---
2026-03-20 20:32:37 [INFO] __main__: Извлечено 9 отелей. Всего: 69
2026-03-20 20:32:37 [INFO] __main__: Достигнута последняя страница.
2026-03-20 20:32:37 [INFO] __main__: Всего собрано отелей со всех страниц: 69
2026-03-20 20:32:37 [INFO] __main__: Убрано дубликатов: 3. Уникальных отелей: 66
2026-03-20 20:32:37 [INFO] __main__: Сохранено 66 отелей в c:\Users\matve\Desktop\tvil_parser\daily\hotels\2026-03-20.csv
2026-03-20 20:32:37 [INFO] __main__: Парсинг завершён. Всего обработано 66 отелей.
2026-03-20 20:32:37 [INFO] __main__: Каталог сохранён: 69 отелей → c:\Users\matve\Desktop\tvil_parser\catalog\hotels.csv
2026-03-20 20:32:37 [INFO] __main__: Каталог обновлён: всего 69, новых 0
2026-03-20 20:36:10 [INFO] __main__: Запуск парсера отелей...
2026-03-20 20:36:10 [INFO] __main__: Даты бронирования: 21.03.2026 - 22.03.2026
2026-03-20 20:36:11 [INFO] __main__: Перехожу на страницу tvil.ru (с датами и 1 гостем)...
2026-03-20 20:36:11 [INFO] __main__: URL: https://tvil.ru/city/irkutskaya-oblast/?gp%5Bentity_type%5D%5B0%5D=1&o%5Barrival%5D=2026-03-21&o%5Bdeparture%5D=2026-03-22&o%5BmaleCount%5D=1
2026-03-20 20:36:26 [INFO] __main__: --- Страница 1 ---
2026-03-20 20:36:27 [INFO] __main__: Извлечено 20 отелей. Всего: 20
2026-03-20 20:36:28 [INFO] __main__: --- Страница 2 ---
2026-03-20 20:36:29 [INFO] __main__: Извлечено 20 отелей. Всего: 40
2026-03-20 20:36:29 [INFO] __main__: --- Страница 3 ---
2026-03-20 20:36:31 [INFO] __main__: Извлечено 20 отелей. Всего: 60
2026-03-20 20:36:31 [INFO] __main__: --- Страница 4 ---
2026-03-20 20:36:32 [INFO] __main__: Извлечено 9 отелей. Всего: 69
2026-03-20 20:36:32 [INFO] __main__: Достигнута последняя страница.
2026-03-20 20:36:32 [INFO] __main__: Всего собрано отелей со всех страниц: 69
2026-03-20 20:36:32 [INFO] __main__: Убрано дубликатов: 3. Уникальных отелей: 66
2026-03-20 20:36:32 [INFO] __main__: Сохранено 66 отелей в c:\Users\matve\Desktop\tvil_parser\daily\hotels\2026-03-20.csv
2026-03-20 20:36:32 [INFO] __main__: Парсинг завершён. Всего обработано 66 отелей.
2026-03-20 20:36:32 [INFO] __main__: Каталог сохранён: 69 отелей → c:\Users\matve\Desktop\tvil_parser\catalog\hotels.csv
2026-03-20 20:36:32 [INFO] __main__: Каталог обновлён: всего 69, новых 0
2026-03-20 20:39:07 [INFO] __main__: Запуск парсера отелей...
2026-03-20 20:39:07 [INFO] __main__: Даты бронирования: 21.03.2026 - 22.03.2026
2026-03-20 20:39:08 [INFO] __main__: Перехожу на страницу tvil.ru (с датами и 1 гостем)...
2026-03-20 20:39:08 [INFO] __main__: URL: https://tvil.ru/city/irkutskaya-oblast/?gp%5Bentity_type%5D%5B0%5D=1&o%5Barrival%5D=2026-03-21&o%5Bdeparture%5D=2026-03-22&o%5BmaleCount%5D=1
2026-03-20 20:39:20 [INFO] __main__: Перехвачено 20 отелей. Всего: 20
2026-03-20 20:39:22 [INFO] __main__: --- Страница 1 (перехвачена при загрузке) ---
2026-03-20 20:39:22 [INFO] __main__: --- Страница 2 ---
2026-03-20 20:39:28 [INFO] __main__: Запуск парсера отелей...
2026-03-20 20:39:28 [INFO] __main__: Даты бронирования: 21.03.2026 - 22.03.2026
2026-03-20 20:39:28 [INFO] __main__: Перехожу на страницу tvil.ru (с датами и 1 гостем)...
2026-03-20 20:39:28 [INFO] __main__: URL: https://tvil.ru/city/irkutskaya-oblast/?gp%5Bentity_type%5D%5B0%5D=1&o%5Barrival%5D=2026-03-21&o%5Bdeparture%5D=2026-03-22&o%5BmaleCount%5D=1
2026-03-20 20:39:37 [INFO] __main__: Перехвачено 20 отелей. Всего: 20
2026-03-20 20:39:39 [INFO] __main__: --- Страница 1 (перехвачена при загрузке) ---
2026-03-20 20:39:40 [INFO] __main__: --- Страница 2 ---
2026-03-20 20:39:53 [INFO] __main__: Запуск парсера отелей...
2026-03-20 20:39:53 [INFO] __main__: Даты бронирования: 21.03.2026 - 22.03.2026
2026-03-20 20:39:54 [INFO] __main__: Перехожу на страницу tvil.ru (с датами и 1 гостем)...
2026-03-20 20:39:54 [INFO] __main__: URL: https://tvil.ru/city/irkutskaya-oblast/?gp%5Bentity_type%5D%5B0%5D=1&o%5Barrival%5D=2026-03-21&o%5Bdeparture%5D=2026-03-22&o%5BmaleCount%5D=1
2026-03-20 20:40:02 [INFO] __main__: Перехвачено 20 отелей. Всего: 20
2026-03-20 20:40:03 [INFO] __main__: --- Страница 1 (перехвачена при загрузке) ---
2026-03-20 20:40:03 [INFO] __main__: --- Страница 2 ---
2026-03-20 20:40:19 [WARNING] __main__: Страница 2 не дала новых отелей. Остановка.
2026-03-20 20:40:19 [INFO] __main__: Всего собрано отелей со всех страниц: 20
2026-03-20 20:40:19 [INFO] __main__: Сохранено 20 отелей в c:\Users\matve\Desktop\tvil_parser\daily\hotels\2026-03-20.csv
2026-03-20 20:40:19 [INFO] __main__: Парсинг завершён. Всего обработано 20 отелей.
2026-03-20 20:40:19 [INFO] __main__: Каталог сохранён: 69 отелей → c:\Users\matve\Desktop\tvil_parser\catalog\hotels.csv
2026-03-20 20:40:19 [INFO] __main__: Каталог обновлён: всего 69, новых 0
2026-03-20 20:40:29 [INFO] __main__: Запуск парсера отелей...
2026-03-20 20:40:29 [INFO] __main__: Даты бронирования: 21.03.2026 - 22.03.2026
2026-03-20 20:40:30 [INFO] __main__: Перехожу на страницу tvil.ru (с датами и 1 гостем)...
2026-03-20 20:40:30 [INFO] __main__: URL: https://tvil.ru/city/irkutskaya-oblast/?gp%5Bentity_type%5D%5B0%5D=1&o%5Barrival%5D=2026-03-21&o%5Bdeparture%5D=2026-03-22&o%5BmaleCount%5D=1
2026-03-20 20:40:40 [INFO] __main__: Перехвачено 20 отелей. Всего: 20
2026-03-20 20:40:43 [INFO] __main__: --- Страница 1 (перехвачена при загрузке) ---
2026-03-20 20:40:43 [INFO] __main__: --- Страница 2 ---
2026-03-20 20:40:59 [WARNING] __main__: Страница 2 не дала новых отелей. Остановка.
2026-03-20 20:40:59 [INFO] __main__: Всего собрано отелей со всех страниц: 20
2026-03-20 20:40:59 [INFO] __main__: Сохранено 20 отелей в c:\Users\matve\Desktop\tvil_parser\daily\hotels\2026-03-20.csv
2026-03-20 20:40:59 [INFO] __main__: Парсинг завершён. Всего обработано 20 отелей.
2026-03-20 20:40:59 [INFO] __main__: Каталог сохранён: 69 отелей → c:\Users\matve\Desktop\tvil_parser\catalog\hotels.csv
2026-03-20 20:40:59 [INFO] __main__: Каталог обновлён: всего 69, новых 0
2026-03-20 20:41:05 [INFO] __main__: Запуск парсера отелей...
2026-03-20 20:41:05 [INFO] __main__: Даты бронирования: 21.03.2026 - 22.03.2026
2026-03-20 20:41:06 [INFO] __main__: Перехожу на страницу tvil.ru (с датами и 1 гостем)...
2026-03-20 20:41:06 [INFO] __main__: URL: https://tvil.ru/city/irkutskaya-oblast/?gp%5Bentity_type%5D%5B0%5D=1&o%5Barrival%5D=2026-03-21&o%5Bdeparture%5D=2026-03-22&o%5BmaleCount%5D=1
2026-03-20 20:41:21 [INFO] __main__: --- Страница 1 ---
2026-03-20 20:41:23 [INFO] __main__: Извлечено 20 отелей. Всего: 20
2026-03-20 20:41:23 [INFO] __main__: --- Страница 2 ---
2026-03-20 20:41:24 [INFO] __main__: Извлечено 20 отелей. Всего: 40
2026-03-20 20:41:25 [INFO] __main__: --- Страница 3 ---
2026-03-20 20:41:26 [INFO] __main__: Извлечено 20 отелей. Всего: 60
2026-03-20 20:41:26 [INFO] __main__: --- Страница 4 ---
2026-03-20 20:41:27 [INFO] __main__: Извлечено 9 отелей. Всего: 69
2026-03-20 20:41:27 [INFO] __main__: Достигнута последняя страница.
2026-03-20 20:41:27 [INFO] __main__: Всего собрано отелей со всех страниц: 69
2026-03-20 20:41:27 [INFO] __main__: Убрано дубликатов: 3. Уникальных отелей: 66
2026-03-20 20:41:27 [INFO] __main__: Сохранено 66 отелей в c:\Users\matve\Desktop\tvil_parser\daily\hotels\2026-03-20.csv
2026-03-20 20:41:27 [INFO] __main__: Парсинг завершён. Всего обработано 66 отелей.
2026-03-20 20:41:27 [INFO] __main__: Каталог сохранён: 69 отелей → c:\Users\matve\Desktop\tvil_parser\catalog\hotels.csv
2026-03-20 20:41:27 [INFO] __main__: Каталог обновлён: всего 69, новых 0
2026-03-20 20:42:38 [INFO] __main__: Запуск парсера отелей...
2026-03-20 20:42:38 [INFO] __main__: Даты бронирования: 21.03.2026 - 22.03.2026
2026-03-20 20:42:39 [INFO] __main__: Перехожу на страницу tvil.ru...
2026-03-20 20:42:53 [INFO] __main__: --- Страница 1 ---
2026-03-20 20:42:55 [INFO] __main__: Извлечено 20 отелей. Всего: 20
2026-03-20 20:42:55 [INFO] __main__: --- Страница 2 ---
2026-03-20 20:42:56 [INFO] __main__: Извлечено 20 отелей. Всего: 40
2026-03-20 20:42:57 [INFO] __main__: --- Страница 3 ---
2026-03-20 20:42:58 [INFO] __main__: Извлечено 20 отелей. Всего: 60
2026-03-20 20:42:58 [INFO] __main__: --- Страница 4 ---
2026-03-20 20:42:59 [INFO] __main__: Извлечено 9 отелей. Всего: 69
2026-03-20 20:42:59 [INFO] __main__: Достигнута последняя страница.
2026-03-20 20:42:59 [INFO] __main__: Всего собрано отелей со всех страниц: 69
2026-03-20 20:42:59 [INFO] __main__: Сохранено 69 отелей в c:\Users\matve\Desktop\tvil_parser\daily\hotels\2026-03-20.csv
2026-03-20 20:42:59 [INFO] __main__: Парсинг завершён. Всего обработано 69 отелей.
2026-03-20 20:42:59 [INFO] __main__: Каталог сохранён: 69 отелей → c:\Users\matve\Desktop\tvil_parser\catalog\hotels.csv
2026-03-20 20:42:59 [INFO] __main__: Каталог обновлён: всего 69, новых 0
2026-03-20 21:58:36 [INFO] __main__: Запуск парсера отелей...
2026-03-20 21:58:36 [INFO] __main__: Даты бронирования: 21.03.2026 - 22.03.2026
2026-03-20 21:58:37 [INFO] __main__: --- Страница 1 ---
2026-03-20 21:58:37 [INFO] __main__: URL: https://tvil.ru/city/irkutskaya-oblast/?gp%5Bentity_type%5D%5B0%5D=1&o%5Barrival%5D=2026-03-21&o%5Bdeparture%5D=2026-03-22&o%5BmaleCount%5D=1
2026-03-20 21:58:46 [INFO] __main__: meta.total = 63
2026-03-20 21:58:46 [INFO] __main__: Перехвачено 20 отелей. Всего: 20
2026-03-20 21:58:48 [INFO] __main__: --- Страница 2 ---
2026-03-20 21:58:48 [INFO] __main__: URL: https://tvil.ru/city/irkutskaya-oblast/page2/?gp%5Bentity_type%5D%5B0%5D=1&o%5Barrival%5D=2026-03-21&o%5Bdeparture%5D=2026-03-22&o%5BmaleCount%5D=1
2026-03-20 21:58:52 [INFO] __main__: Перехвачено 20 отелей. Всего: 40
2026-03-20 21:58:54 [INFO] __main__: --- Страница 3 ---
2026-03-20 21:58:54 [INFO] __main__: URL: https://tvil.ru/city/irkutskaya-oblast/page3/?gp%5Bentity_type%5D%5B0%5D=1&o%5Barrival%5D=2026-03-21&o%5Bdeparture%5D=2026-03-22&o%5BmaleCount%5D=1
2026-03-20 21:58:57 [INFO] __main__: Перехвачено 20 отелей. Всего: 60
2026-03-20 21:58:59 [INFO] __main__: --- Страница 4 ---
2026-03-20 21:58:59 [INFO] __main__: URL: https://tvil.ru/city/irkutskaya-oblast/page4/?gp%5Bentity_type%5D%5B0%5D=1&o%5Barrival%5D=2026-03-21&o%5Bdeparture%5D=2026-03-22&o%5BmaleCount%5D=1
2026-03-20 21:59:03 [INFO] __main__: Перехвачено 3 отелей. Всего: 63
2026-03-20 21:59:04 [INFO] __main__: Набрано 63 >= meta.total (63). Остановка.
2026-03-20 21:59:04 [INFO] __main__: Сохранено 63 отелей в c:\Users\matve\Desktop\tvil_parser\daily\hotels\2026-03-20.csv
2026-03-20 21:59:04 [INFO] __main__: Парсинг завершён. Всего обработано 63 отелей.
2026-03-20 21:59:04 [INFO] __main__: Каталог сохранён: 69 отелей → c:\Users\matve\Desktop\tvil_parser\catalog\hotels.csv
2026-03-20 21:59:04 [INFO] __main__: Каталог обновлён: всего 69, новых 0
2026-03-20 22:09:01 [INFO] __main__: Запуск парсера отелей...
2026-03-20 22:09:01 [INFO] __main__: Даты бронирования: 21.03.2026 - 22.03.2026
2026-03-20 22:09:02 [INFO] __main__: --- Страница 1 ---
2026-03-20 22:09:02 [INFO] __main__: URL: https://tvil.ru/city/irkutskaya-oblast/?gp%5Bentity_type%5D%5B0%5D=1&o%5Barrival%5D=2026-03-21&o%5Bdeparture%5D=2026-03-22&o%5BmaleCount%5D=1
2026-03-20 22:09:40 [INFO] __main__: Запуск парсера отелей...
2026-03-20 22:09:40 [INFO] __main__: Даты бронирования: 21.03.2026 - 22.03.2026
2026-03-20 22:09:41 [INFO] __main__: --- Страница 1 ---
2026-03-20 22:09:41 [INFO] __main__: URL: https://tvil.ru/city/irkutskaya-oblast/?gp%5Bentity_type%5D%5B0%5D=1&o%5Barrival%5D=2026-03-21&o%5Bdeparture%5D=2026-03-22&o%5BmaleCount%5D=1
2026-03-20 22:09:50 [INFO] __main__: meta.total = 63
2026-03-20 22:09:50 [INFO] __main__: Перехвачено 20 отелей. Всего: 20
2026-03-20 22:09:51 [INFO] __main__: --- Страница 2 ---
2026-03-20 22:09:51 [INFO] __main__: URL: https://tvil.ru/city/irkutskaya-oblast/page2/?gp%5Bentity_type%5D%5B0%5D=1&o%5Barrival%5D=2026-03-21&o%5Bdeparture%5D=2026-03-22&o%5BmaleCount%5D=1
2026-03-20 22:09:56 [INFO] __main__: Перехвачено 20 отелей. Всего: 40
2026-03-20 22:09:56 [INFO] __main__: --- Страница 3 ---
2026-03-20 22:09:56 [INFO] __main__: URL: https://tvil.ru/city/irkutskaya-oblast/page3/?gp%5Bentity_type%5D%5B0%5D=1&o%5Barrival%5D=2026-03-21&o%5Bdeparture%5D=2026-03-22&o%5BmaleCount%5D=1
2026-03-20 22:10:00 [INFO] __main__: Перехвачено 20 отелей. Всего: 60
2026-03-20 22:11:12 [INFO] __main__: Запуск парсера отелей...
2026-03-20 22:11:12 [INFO] __main__: Даты бронирования: 21.03.2026 - 22.03.2026
2026-03-20 22:11:13 [INFO] __main__: --- Страница 1 ---
2026-03-20 22:11:13 [INFO] __main__: URL: https://tvil.ru/city/irkutskaya-oblast/?gp%5Bentity_type%5D%5B0%5D=1&o%5Barrival%5D=2026-03-21&o%5Bdeparture%5D=2026-03-22&o%5BmaleCount%5D=1
2026-03-20 22:11:21 [INFO] __main__: meta.total = 63
2026-03-20 22:11:21 [INFO] __main__: Перехвачено 20 отелей. Всего: 20
2026-03-20 22:11:23 [INFO] __main__: --- Страница 2 ---
2026-03-20 22:11:23 [INFO] __main__: URL: https://tvil.ru/city/irkutskaya-oblast/page2/?gp%5Bentity_type%5D%5B0%5D=1&o%5Barrival%5D=2026-03-21&o%5Bdeparture%5D=2026-03-22&o%5BmaleCount%5D=1
2026-03-20 22:11:31 [INFO] __main__: Перехвачено 20 отелей. Всего: 40
2026-03-20 22:12:00 [INFO] __main__: Запуск парсера отелей...
2026-03-20 22:12:00 [INFO] __main__: Даты бронирования: 21.03.2026 - 22.03.2026
2026-03-20 22:12:01 [INFO] __main__: --- Страница 1 ---
2026-03-20 22:12:01 [INFO] __main__: URL: https://tvil.ru/city/irkutskaya-oblast/?gp%5Bentity_type%5D%5B0%5D=1&o%5Barrival%5D=2026-03-21&o%5Bdeparture%5D=2026-03-22&o%5BmaleCount%5D=1
2026-03-20 22:12:09 [INFO] __main__: meta.total = 63
2026-03-20 22:12:09 [INFO] __main__: Перехвачено 20 отелей. Всего: 20
2026-03-20 22:12:10 [INFO] __main__: --- Страница 2 ---
2026-03-20 22:12:10 [INFO] __main__: URL: https://tvil.ru/city/irkutskaya-oblast/page2/?gp%5Bentity_type%5D%5B0%5D=1&o%5Barrival%5D=2026-03-21&o%5Bdeparture%5D=2026-03-22&o%5BmaleCount%5D=1
2026-03-20 22:12:13 [INFO] __main__: Перехвачено 20 отелей. Всего: 40
2026-03-20 22:12:14 [INFO] __main__: --- Страница 3 ---
2026-03-20 22:12:14 [INFO] __main__: URL: https://tvil.ru/city/irkutskaya-oblast/page3/?gp%5Bentity_type%5D%5B0%5D=1&o%5Barrival%5D=2026-03-21&o%5Bdeparture%5D=2026-03-22&o%5BmaleCount%5D=1
2026-03-20 22:12:18 [INFO] __main__: Перехвачено 20 отелей. Всего: 60
2026-03-20 22:12:19 [INFO] __main__: --- Страница 4 ---
2026-03-20 22:12:19 [INFO] __main__: URL: https://tvil.ru/city/irkutskaya-oblast/page4/?gp%5Bentity_type%5D%5B0%5D=1&o%5Barrival%5D=2026-03-21&o%5Bdeparture%5D=2026-03-22&o%5BmaleCount%5D=1
2026-03-20 22:12:22 [INFO] __main__: Перехвачено 3 отелей. Всего: 63
2026-03-20 22:12:23 [INFO] __main__: --- Страница 5 ---
2026-03-20 22:12:23 [INFO] __main__: URL: https://tvil.ru/city/irkutskaya-oblast/page5/?gp%5Bentity_type%5D%5B0%5D=1&o%5Barrival%5D=2026-03-21&o%5Bdeparture%5D=2026-03-22&o%5BmaleCount%5D=1
2026-03-20 22:12:41 [INFO] __main__: Страница 5 не дала новых отелей. Конец.
2026-03-20 22:12:42 [INFO] __main__: Сохранено 63 отелей в c:\Users\matve\Desktop\tvil_parser\daily\hotels\2026-03-20.csv
2026-03-20 22:12:42 [INFO] __main__: Парсинг завершён. Всего обработано 63 отелей.
2026-03-20 22:12:42 [INFO] __main__: Каталог сохранён: 69 отелей → c:\Users\matve\Desktop\tvil_parser\catalog\hotels.csv
2026-03-20 22:12:42 [INFO] __main__: Каталог обновлён: всего 69, новых 0
2026-03-20 22:25:58 [INFO] __main__: Запуск парсера отелей...
2026-03-20 22:25:58 [INFO] __main__: Даты бронирования: 21.03.2026 - 22.03.2026
2026-03-20 22:25:59 [INFO] __main__: --- Страница 1 ---
2026-03-20 22:25:59 [INFO] __main__: URL: https://tvil.ru/city/irkutskaya-oblast/?gp%5Bentity_type%5D%5B0%5D=1&o%5Barrival%5D=2026-03-21&o%5Bdeparture%5D=2026-03-22&o%5BmaleCount%5D=1
2026-03-20 22:26:07 [INFO] __main__: meta.total = 63
2026-03-20 22:26:07 [INFO] __main__: Перехвачено 20 отелей. Всего: 20
2026-03-20 22:26:09 [INFO] __main__: --- Страница 2 ---
2026-03-20 22:26:09 [INFO] __main__: URL: https://tvil.ru/city/irkutskaya-oblast/page2/?gp%5Bentity_type%5D%5B0%5D=1&o%5Barrival%5D=2026-03-21&o%5Bdeparture%5D=2026-03-22&o%5BmaleCount%5D=1
2026-03-20 22:26:13 [INFO] __main__: Перехвачено 20 отелей. Всего: 40
2026-03-20 22:26:18 [INFO] __main__: --- Страница 3 ---
2026-03-20 22:26:18 [INFO] __main__: URL: https://tvil.ru/city/irkutskaya-oblast/page3/?gp%5Bentity_type%5D%5B0%5D=1&o%5Barrival%5D=2026-03-21&o%5Bdeparture%5D=2026-03-22&o%5BmaleCount%5D=1
2026-03-20 22:26:23 [INFO] __main__: Перехвачено 20 отелей. Всего: 60
2026-03-20 22:26:29 [INFO] __main__: --- Страница 4 ---
2026-03-20 22:26:29 [INFO] __main__: URL: https://tvil.ru/city/irkutskaya-oblast/page4/?gp%5Bentity_type%5D%5B0%5D=1&o%5Barrival%5D=2026-03-21&o%5Bdeparture%5D=2026-03-22&o%5BmaleCount%5D=1
2026-03-20 22:26:32 [INFO] __main__: Перехвачено 3 отелей. Всего: 63
2026-03-20 22:26:35 [INFO] __main__: Набрано 63 >= meta.total (63). Остановка.
2026-03-20 22:26:35 [INFO] __main__: Сохранено 63 отелей в c:\Users\matve\Desktop\tvil_parser\daily\hotels\2026-03-20.csv
2026-03-20 22:26:35 [INFO] __main__: Парсинг завершён. Всего обработано 63 отелей.
2026-03-20 22:26:35 [INFO] __main__: Каталог сохранён: 69 отелей → c:\Users\matve\Desktop\tvil_parser\catalog\hotels.csv
2026-03-20 22:26:35 [INFO] __main__: Каталог обновлён: всего 69, новых 0
2026-03-20 22:28:45 [INFO] __main__: Запуск парсера отелей...
2026-03-20 22:28:45 [INFO] __main__: Даты бронирования: 21.03.2026 - 22.03.2026
2026-03-20 22:28:46 [INFO] __main__: --- Страница 1 ---
2026-03-20 22:28:46 [INFO] __main__: URL: https://tvil.ru/city/irkutskaya-oblast/?gp%5Bentity_type%5D%5B0%5D=1&o%5Barrival%5D=2026-03-21&o%5Bdeparture%5D=2026-03-22&o%5BmaleCount%5D=1
2026-03-20 22:28:54 [INFO] __main__: meta.total = 63
2026-03-20 22:28:54 [INFO] __main__: Перехвачено 20 отелей. Всего: 20
2026-03-20 22:28:56 [INFO] __main__: --- Страница 2 ---
2026-03-20 22:28:56 [INFO] __main__: URL: https://tvil.ru/city/irkutskaya-oblast/page2/?gp%5Bentity_type%5D%5B0%5D=1&o%5Barrival%5D=2026-03-21&o%5Bdeparture%5D=2026-03-22&o%5BmaleCount%5D=1
2026-03-20 22:29:00 [INFO] __main__: Перехвачено 20 отелей. Всего: 40
2026-03-20 22:29:02 [INFO] __main__: --- Страница 3 ---
2026-03-20 22:29:02 [INFO] __main__: URL: https://tvil.ru/city/irkutskaya-oblast/page3/?gp%5Bentity_type%5D%5B0%5D=1&o%5Barrival%5D=2026-03-21&o%5Bdeparture%5D=2026-03-22&o%5BmaleCount%5D=1
2026-03-20 22:29:06 [INFO] __main__: Перехвачено 20 отелей. Всего: 60
2026-03-20 22:29:09 [INFO] __main__: --- Страница 4 ---
2026-03-20 22:29:09 [INFO] __main__: URL: https://tvil.ru/city/irkutskaya-oblast/page4/?gp%5Bentity_type%5D%5B0%5D=1&o%5Barrival%5D=2026-03-21&o%5Bdeparture%5D=2026-03-22&o%5BmaleCount%5D=1
2026-03-20 22:29:11 [INFO] __main__: Перехвачено 3 отелей. Всего: 63
2026-03-20 22:29:13 [INFO] __main__: Набрано 63, meta.total = 63
2026-03-20 22:29:13 [INFO] __main__: Сохранено 63 отелей в c:\Users\matve\Desktop\tvil_parser\daily\hotels\2026-03-20.csv
2026-03-20 22:29:13 [INFO] __main__: Парсинг завершён. Всего обработано 63 отелей.
2026-03-20 22:29:13 [INFO] __main__: Каталог сохранён: 69 отелей → c:\Users\matve\Desktop\tvil_parser\catalog\hotels.csv
2026-03-20 22:29:13 [INFO] __main__: Каталог обновлён: всего 69, новых 0
