2026-03-01 08:40:14 [INFO] __main__: Запуск парсера отелей...
2026-03-01 08:40:14 [INFO] __main__: Даты бронирования: 02.03.2026 - 03.03.2026
2026-03-01 08:40:15 [INFO] __main__: Перехожу на страницу tvil.ru...
2026-03-01 08:40:22 [INFO] __main__: --- Страница 1 ---
2026-03-01 08:40:23 [INFO] __main__: Извлечено 20 отелей. Всего: 20
2026-03-01 08:40:23 [INFO] __main__: --- Страница 2 ---
2026-03-01 08:40:25 [INFO] __main__: Извлечено 20 отелей. Всего: 40
2026-03-01 08:40:26 [INFO] __main__: --- Страница 3 ---
2026-03-01 08:40:27 [INFO] __main__: Извлечено 20 отелей. Всего: 60
2026-03-01 08:40:27 [INFO] __main__: --- Страница 4 ---
2026-03-01 08:40:28 [INFO] __main__: Извлечено 8 отелей. Всего: 68
2026-03-01 08:40:28 [INFO] __main__: Достигнута последняя страница.
2026-03-01 08:40:28 [INFO] __main__: Всего собрано отелей со всех страниц: 68
2026-03-01 08:40:28 [INFO] __main__: Сохранено 68 отелей в /home/runner/work/tvil_parser/tvil_parser/tables/hotels/2026-03-01.csv
2026-03-01 08:40:28 [INFO] __main__: Парсинг завершён. Всего обработано 68 отелей.
2026-03-01 08:40:29 [INFO] __main__: Запуск парсера номеров...
2026-03-01 08:40:29 [INFO] __main__: Даты бронирования: 02.03.2026 - 03.03.2026
2026-03-01 08:40:29 [INFO] __main__: Загружено 68 отелей для обработки
2026-03-01 08:40:30 [INFO] __main__: Перехожу на страницу tvil.ru...
2026-03-01 08:40:34 [INFO] __main__: --- Отель 1 из 68 ---
2026-03-01 08:40:34 [INFO] __main__: Обрабатываю отель: Гостиница "Ангара" (ID: 1435824)
2026-03-01 08:40:38 [INFO] __main__: Найдено 7 номеров для Гостиница "Ангара"
2026-03-01 08:40:38 [INFO] __main__: --- Отель 2 из 68 ---
2026-03-01 08:40:38 [INFO] __main__: Обрабатываю отель: Гостиница "Matreshka" (ID: 906031)
2026-03-01 08:40:43 [INFO] __main__: Найдено 6 номеров для Гостиница "Matreshka"
2026-03-01 08:40:43 [INFO] __main__: --- Отель 3 из 68 ---
2026-03-01 08:40:43 [INFO] __main__: Обрабатываю отель: Отель "Байкал Бизнес Центр" (ID: 1265180)
2026-03-01 08:40:48 [INFO] __main__: Найдено 6 номеров для Отель "Байкал Бизнес Центр"
2026-03-01 08:40:48 [INFO] __main__: --- Отель 4 из 68 ---
2026-03-01 08:40:48 [INFO] __main__: Обрабатываю отель: Парк отель "Байкал" (ID: 1434513)
2026-03-01 08:40:53 [INFO] __main__: Найдено 7 номеров для Парк отель "Байкал"
2026-03-01 08:40:53 [INFO] __main__: --- Отель 5 из 68 ---
2026-03-01 08:40:53 [INFO] __main__: Обрабатываю отель: Гостиница "Русь" (ID: 1296851)
2026-03-01 08:40:58 [INFO] __main__: Найдено 5 номеров для Гостиница "Русь"
2026-03-01 08:40:58 [INFO] __main__: --- Отель 6 из 68 ---
2026-03-01 08:40:58 [INFO] __main__: Обрабатываю отель: Гостиница "На Звездинской" (ID: 1328740)
2026-03-01 08:41:03 [INFO] __main__: Найдено 4 номеров для Гостиница "На Звездинской"
2026-03-01 08:41:03 [INFO] __main__: --- Отель 7 из 68 ---
2026-03-01 08:41:03 [INFO] __main__: Обрабатываю отель: Апарт -отель "BaikalStory " (ID: 1845315)
2026-03-01 08:41:08 [INFO] __main__: Найдено 8 номеров для Апарт -отель "BaikalStory "
2026-03-01 08:41:08 [INFO] __main__: --- Отель 8 из 68 ---
2026-03-01 08:41:08 [INFO] __main__: Обрабатываю отель: Мини-отель "Проспект" (ID: 1889753)
2026-03-01 08:41:12 [INFO] __main__: Найдено 2 номеров для Мини-отель "Проспект"
2026-03-01 08:41:12 [INFO] __main__: --- Отель 9 из 68 ---
2026-03-01 08:41:12 [INFO] __main__: Обрабатываю отель: Гостиница "Березка" (ID: 1782205)
2026-03-01 08:41:15 [INFO] __main__: Найдено 2 номеров для Гостиница "Березка"
2026-03-01 08:41:15 [INFO] __main__: --- Отель 10 из 68 ---
2026-03-01 08:41:15 [INFO] __main__: Обрабатываю отель: Апарт-отель "Sokolov Hotel" (ID: 1009170)
2026-03-01 08:41:21 [INFO] __main__: Найдено 9 номеров для Апарт-отель "Sokolov Hotel"
2026-03-01 08:41:21 [INFO] __main__: --- Отель 11 из 68 ---
2026-03-01 08:41:21 [INFO] __main__: Обрабатываю отель: Гостиница "Юбилейная" (ID: 1490581)
2026-03-01 08:41:25 [INFO] __main__: Найдено 6 номеров для Гостиница "Юбилейная"
2026-03-01 08:41:25 [INFO] __main__: --- Отель 12 из 68 ---
2026-03-01 08:41:25 [INFO] __main__: Обрабатываю отель: Бутик-отель "География" (ID: 1298063)
2026-03-01 08:41:30 [INFO] __main__: Найдено 5 номеров для Бутик-отель "География"
2026-03-01 08:41:30 [INFO] __main__: --- Отель 13 из 68 ---
2026-03-01 08:41:30 [INFO] __main__: Обрабатываю отель: Мини-отель «Nice People» (ID: 1064267)
2026-03-01 08:41:34 [INFO] __main__: Найдено 6 номеров для Мини-отель «Nice People»
2026-03-01 08:41:34 [INFO] __main__: --- Отель 14 из 68 ---
2026-03-01 08:41:34 [INFO] __main__: Обрабатываю отель: Гостиница "Ochagof" (ID: 787596)
2026-03-01 08:41:39 [INFO] __main__: Найдено 2 номеров для Гостиница "Ochagof"
2026-03-01 08:41:39 [INFO] __main__: --- Отель 15 из 68 ---
2026-03-01 08:41:39 [INFO] __main__: Обрабатываю отель: Отель "Маяк" (ID: 1000539)
2026-03-01 08:41:44 [INFO] __main__: Найдено 5 номеров для Отель "Маяк"
2026-03-01 08:41:44 [INFO] __main__: --- Отель 16 из 68 ---
2026-03-01 08:41:44 [INFO] __main__: Обрабатываю отель: Отель "Гранд Байкал" (ID: 1277758)
2026-03-01 08:41:47 [INFO] __main__: Найдено 3 номеров для Отель "Гранд Байкал"
2026-03-01 08:41:47 [INFO] __main__: --- Отель 17 из 68 ---
2026-03-01 08:41:47 [INFO] __main__: Обрабатываю отель: Отель "Лотос" (ID: 946962)
2026-03-01 08:41:52 [INFO] __main__: Найдено 7 номеров для Отель "Лотос"
2026-03-01 08:41:52 [INFO] __main__: --- Отель 18 из 68 ---
2026-03-01 08:41:52 [INFO] __main__: Обрабатываю отель: Отель "Даурия" (ID: 1032271)
2026-03-01 08:41:56 [WARNING] __main__: Не удалось получить данные для Отель "Даурия"
2026-03-01 08:41:56 [INFO] __main__: --- Отель 19 из 68 ---
2026-03-01 08:41:56 [INFO] __main__: Обрабатываю отель: Отель "Клубный Квартал" (ID: 1265779)
2026-03-01 08:42:01 [ERROR] __main__: Ошибка при получении данных о номерах: Page.evaluate: Execution context was destroyed, most likely because of a navigation
2026-03-01 08:42:02 [WARNING] __main__: Не удалось получить данные для Отель "Клубный Квартал"
2026-03-01 08:42:02 [INFO] __main__: --- Отель 20 из 68 ---
2026-03-01 08:42:02 [INFO] __main__: Обрабатываю отель: Парк-отель "Соболинка" (ID: 1287498)
2026-03-01 08:42:07 [INFO] __main__: Найдено 2 номеров для Парк-отель "Соболинка"
2026-03-01 08:42:07 [INFO] __main__: --- Отель 21 из 68 ---
2026-03-01 08:42:07 [INFO] __main__: Обрабатываю отель: Парк-отель "Соболинка" (ID: 1287498)
2026-03-01 08:42:10 [INFO] __main__: Найдено 2 номеров для Парк-отель "Соболинка"
2026-03-01 08:42:10 [INFO] __main__: --- Отель 22 из 68 ---
2026-03-01 08:42:10 [INFO] __main__: Обрабатываю отель: Парк-отель "Бурдугуз" (ID: 1276636)
2026-03-01 08:42:14 [INFO] __main__: Найдено 3 номеров для Парк-отель "Бурдугуз"
2026-03-01 08:42:14 [INFO] __main__: --- Отель 23 из 68 ---
2026-03-01 08:42:14 [INFO] __main__: Обрабатываю отель: Отель "Яковлевъ" (ID: 1367731)
2026-03-01 08:42:19 [INFO] __main__: Найдено 4 номеров для Отель "Яковлевъ"
2026-03-01 08:42:19 [INFO] __main__: --- Отель 24 из 68 ---
2026-03-01 08:42:19 [INFO] __main__: Обрабатываю отель: Гостиница "Добрый Кот" (ID: 1390225)
2026-03-01 08:42:24 [INFO] __main__: Найдено 6 номеров для Гостиница "Добрый Кот"
2026-03-01 08:42:24 [INFO] __main__: --- Отель 25 из 68 ---
2026-03-01 08:42:24 [INFO] __main__: Обрабатываю отель: Гостиница "7 дорог" (ID: 1462849)
2026-03-01 08:42:29 [INFO] __main__: Найдено 9 номеров для Гостиница "7 дорог"
2026-03-01 08:42:29 [INFO] __main__: --- Отель 26 из 68 ---
2026-03-01 08:42:29 [INFO] __main__: Обрабатываю отель: Гостиница "130Hotel" (ID: 1491765)
2026-03-01 08:42:33 [INFO] __main__: Найдено 3 номеров для Гостиница "130Hotel"
2026-03-01 08:42:33 [INFO] __main__: --- Отель 27 из 68 ---
2026-03-01 08:42:33 [INFO] __main__: Обрабатываю отель: Парк отель "Уюга" (ID: 1487384)
2026-03-01 08:42:38 [INFO] __main__: Найдено 5 номеров для Парк отель "Уюга"
2026-03-01 08:42:38 [INFO] __main__: --- Отель 28 из 68 ---
2026-03-01 08:42:38 [INFO] __main__: Обрабатываю отель: Отель "Иркут" (ID: 1609403)
2026-03-01 08:42:43 [INFO] __main__: Найдено 7 номеров для Отель "Иркут"
2026-03-01 08:42:43 [INFO] __main__: --- Отель 29 из 68 ---
2026-03-01 08:42:43 [INFO] __main__: Обрабатываю отель: Гостиница Олимпиада (ID: 1690094)
2026-03-01 08:42:47 [INFO] __main__: Найдено 3 номеров для Гостиница Олимпиада
2026-03-01 08:42:47 [INFO] __main__: --- Отель 30 из 68 ---
2026-03-01 08:42:47 [INFO] __main__: Обрабатываю отель: Отель "Подлеморье" (ID: 1892012)
2026-03-01 08:42:50 [INFO] __main__: Найдено 4 номеров для Отель "Подлеморье"
2026-03-01 08:42:50 [INFO] __main__: --- Отель 31 из 68 ---
2026-03-01 08:42:50 [INFO] __main__: Обрабатываю отель: Отель "Точка Байкала" (ID: 1913029)
2026-03-01 08:42:54 [INFO] __main__: Найдено 2 номеров для Отель "Точка Байкала"
2026-03-01 08:42:54 [INFO] __main__: --- Отель 32 из 68 ---
2026-03-01 08:42:54 [INFO] __main__: Обрабатываю отель: Гостиница (ID: 1467982)
2026-03-01 08:42:58 [INFO] __main__: Найдено 2 номеров для Гостиница
2026-03-01 08:42:58 [INFO] __main__: --- Отель 33 из 68 ---
2026-03-01 08:42:58 [INFO] __main__: Обрабатываю отель: Отель «Альпари» (ID: 1490199)
2026-03-01 08:43:02 [INFO] __main__: Найдено 3 номеров для Отель «Альпари»
2026-03-01 08:43:02 [INFO] __main__: --- Отель 34 из 68 ---
2026-03-01 08:43:02 [INFO] __main__: Обрабатываю отель: Гостиница" Аврора" (ID: 1508283)
2026-03-01 08:43:06 [INFO] __main__: Найдено 4 номеров для Гостиница" Аврора"
2026-03-01 08:43:06 [INFO] __main__: --- Отель 35 из 68 ---
2026-03-01 08:43:06 [INFO] __main__: Обрабатываю отель: Гостиница "У Истока" (ID: 1382100)
2026-03-01 08:43:10 [INFO] __main__: Найдено 2 номеров для Гостиница "У Истока"
2026-03-01 08:43:10 [INFO] __main__: --- Отель 36 из 68 ---
2026-03-01 08:43:10 [INFO] __main__: Обрабатываю отель: Гостиница "Ангара-Приоритет" (ID: 1314294)
2026-03-01 08:43:15 [INFO] __main__: Найдено 8 номеров для Гостиница "Ангара-Приоритет"
2026-03-01 08:43:15 [INFO] __main__: --- Отель 37 из 68 ---
2026-03-01 08:43:15 [INFO] __main__: Обрабатываю отель: Гостиница "Usadba 50 ( Усадьба 50)" (ID: 1048431)
2026-03-01 08:43:20 [INFO] __main__: Найдено 8 номеров для Гостиница "Usadba 50 ( Усадьба 50)"
2026-03-01 08:43:20 [INFO] __main__: --- Отель 38 из 68 ---
2026-03-01 08:43:20 [INFO] __main__: Обрабатываю отель: Отель "Михаил Строгов" (ID: 904225)
2026-03-01 08:43:24 [INFO] __main__: Найдено 6 номеров для Отель "Михаил Строгов"
2026-03-01 08:43:24 [INFO] __main__: --- Отель 39 из 68 ---
2026-03-01 08:43:24 [INFO] __main__: Обрабатываю отель: Апарт-отель "Светлый" (ID: 1655828)
2026-03-01 08:43:28 [INFO] __main__: Найдено 2 номеров для Апарт-отель "Светлый"
2026-03-01 08:43:28 [INFO] __main__: --- Отель 40 из 68 ---
2026-03-01 08:43:28 [INFO] __main__: Обрабатываю отель: Гостиница "Nord Star Hotel" (ID: 1775519)
2026-03-01 08:43:32 [INFO] __main__: Найдено 3 номеров для Гостиница "Nord Star Hotel"
2026-03-01 08:43:32 [INFO] __main__: --- Отель 41 из 68 ---
2026-03-01 08:43:32 [INFO] __main__: Обрабатываю отель: Парк-Отель "Шелест" (ID: 1851647)
2026-03-01 08:43:36 [INFO] __main__: Найдено 2 номеров для Парк-Отель "Шелест"
2026-03-01 08:43:36 [INFO] __main__: --- Отель 42 из 68 ---
2026-03-01 08:43:36 [INFO] __main__: Обрабатываю отель: Отель Армат 4* (ID: 1441288)
2026-03-01 08:43:41 [INFO] __main__: Найдено 7 номеров для Отель Армат 4*
2026-03-01 08:43:41 [INFO] __main__: --- Отель 43 из 68 ---
2026-03-01 08:43:41 [INFO] __main__: Обрабатываю отель: Отель "Атлас" (ID: 1367592)
2026-03-01 08:43:45 [INFO] __main__: Найдено 5 номеров для Отель "Атлас"
2026-03-01 08:43:45 [INFO] __main__: --- Отель 44 из 68 ---
2026-03-01 08:43:45 [INFO] __main__: Обрабатываю отель: Гостиница "Байкал Форест" (ID: 1472664)
2026-03-01 08:43:50 [INFO] __main__: Найдено 4 номеров для Гостиница "Байкал Форест"
2026-03-01 08:43:50 [INFO] __main__: --- Отель 45 из 68 ---
2026-03-01 08:43:50 [INFO] __main__: Обрабатываю отель: Гостиница "Азия-Европа" (ID: 2063101)
2026-03-01 08:43:54 [ERROR] __main__: Ошибка при получении данных о номерах: Page.evaluate: Execution context was destroyed, most likely because of a navigation
2026-03-01 08:43:55 [WARNING] __main__: Не удалось получить данные для Гостиница "Азия-Европа"
2026-03-01 08:43:55 [INFO] __main__: --- Отель 46 из 68 ---
2026-03-01 08:43:55 [INFO] __main__: Обрабатываю отель: Гостиничный комплекс "Лазурный берег" (ID: 424345)
2026-03-01 08:43:59 [INFO] __main__: Найдено 3 номеров для Гостиничный комплекс "Лазурный берег"
2026-03-01 08:43:59 [INFO] __main__: --- Отель 47 из 68 ---
2026-03-01 08:43:59 [INFO] __main__: Обрабатываю отель: Дача БайкалЭко (ID: 1450305)
2026-03-01 08:44:04 [INFO] __main__: Найдено 2 номеров для Дача БайкалЭко
2026-03-01 08:44:04 [INFO] __main__: --- Отель 48 из 68 ---
2026-03-01 08:44:04 [INFO] __main__: Обрабатываю отель: Гостиница "Космос" (ID: 895518)
2026-03-01 08:44:08 [INFO] __main__: Найдено 5 номеров для Гостиница "Космос"
2026-03-01 08:44:08 [INFO] __main__: --- Отель 49 из 68 ---
2026-03-01 08:44:08 [INFO] __main__: Обрабатываю отель: Отель "Тайга" (ID: 1296594)
2026-03-01 08:44:13 [INFO] __main__: Найдено 6 номеров для Отель "Тайга"
2026-03-01 08:44:13 [INFO] __main__: --- Отель 50 из 68 ---
2026-03-01 08:44:13 [INFO] __main__: Обрабатываю отель: Гостиница  "Воробьевы горы" (ID: 1390108)
2026-03-01 08:44:17 [INFO] __main__: Найдено 5 номеров для Гостиница  "Воробьевы горы"
2026-03-01 08:44:17 [INFO] __main__: --- Отель 51 из 68 ---
2026-03-01 08:44:17 [INFO] __main__: Обрабатываю отель: Отель "Звезда" (ID: 425543)
2026-03-01 08:44:22 [INFO] __main__: Найдено 4 номеров для Отель "Звезда"
2026-03-01 08:44:22 [INFO] __main__: --- Отель 52 из 68 ---
2026-03-01 08:44:22 [INFO] __main__: Обрабатываю отель: Hotel Olhon 2* (ID: 1097942)
2026-03-01 08:44:26 [INFO] __main__: Найдено 6 номеров для Hotel Olhon 2*
2026-03-01 08:44:26 [INFO] __main__: --- Отель 53 из 68 ---
2026-03-01 08:44:26 [INFO] __main__: Обрабатываю отель: Отель" Арбат" (ID: 1632075)
2026-03-01 08:44:30 [INFO] __main__: Найдено 4 номеров для Отель" Арбат"
2026-03-01 08:44:30 [INFO] __main__: --- Отель 54 из 68 ---
2026-03-01 08:44:30 [INFO] __main__: Обрабатываю отель: Отель "Белый Берег" (ID: 1785783)
2026-03-01 08:44:35 [INFO] __main__: Найдено 2 номеров для Отель "Белый Берег"
2026-03-01 08:44:35 [INFO] __main__: --- Отель 55 из 68 ---
2026-03-01 08:44:35 [INFO] __main__: Обрабатываю отель: Бутик-отель "Аристократ" (ID: 1343236)
2026-03-01 08:44:40 [INFO] __main__: Найдено 3 номеров для Бутик-отель "Аристократ"
2026-03-01 08:44:40 [INFO] __main__: --- Отель 56 из 68 ---
2026-03-01 08:44:40 [INFO] __main__: Обрабатываю отель: Отель "Купеческий Дворъ" (ID: 767249)
2026-03-01 08:44:44 [INFO] __main__: Найдено 7 номеров для Отель "Купеческий Дворъ"
2026-03-01 08:44:44 [INFO] __main__: --- Отель 57 из 68 ---
2026-03-01 08:44:44 [INFO] __main__: Обрабатываю отель: Бутик-отель "Marussia" (ID: 898794)
2026-03-01 08:44:49 [INFO] __main__: Найдено 5 номеров для Бутик-отель "Marussia"
2026-03-01 08:44:49 [INFO] __main__: --- Отель 58 из 68 ---
2026-03-01 08:44:49 [INFO] __main__: Обрабатываю отель: Доходный дом "М.А. Листратовой" (ID: 1129766)
2026-03-01 08:44:53 [INFO] __main__: Найдено 7 номеров для Доходный дом "М.А. Листратовой"
2026-03-01 08:44:53 [INFO] __main__: --- Отель 59 из 68 ---
2026-03-01 08:44:53 [INFO] __main__: Обрабатываю отель: Гостиница (ID: 1345611)
2026-03-01 08:44:58 [INFO] __main__: Найдено 5 номеров для Гостиница
2026-03-01 08:44:58 [INFO] __main__: --- Отель 60 из 68 ---
2026-03-01 08:44:58 [INFO] __main__: Обрабатываю отель: Отель Амурский (ID: 1335449)
2026-03-01 08:45:02 [INFO] __main__: Найдено 7 номеров для Отель Амурский
2026-03-01 08:45:02 [INFO] __main__: --- Отель 61 из 68 ---
2026-03-01 08:45:02 [INFO] __main__: Обрабатываю отель: Гостиница "Байкал - Северное море" (ID: 1378154)
2026-03-01 08:45:06 [INFO] __main__: Найдено 7 номеров для Гостиница "Байкал - Северное море"
2026-03-01 08:45:06 [INFO] __main__: --- Отель 62 из 68 ---
2026-03-01 08:45:06 [INFO] __main__: Обрабатываю отель: Гостиница "BAIKAL VIEW" (ID: 1802586)
2026-03-01 08:45:10 [INFO] __main__: Найдено 3 номеров для Гостиница "BAIKAL VIEW"
2026-03-01 08:45:10 [INFO] __main__: --- Отель 63 из 68 ---
2026-03-01 08:45:10 [INFO] __main__: Обрабатываю отель: Отель «Байкал-Аляска» (ID: 1899852)
2026-03-01 08:45:14 [INFO] __main__: Найдено 2 номеров для Отель «Байкал-Аляска»
2026-03-01 08:45:14 [INFO] __main__: --- Отель 64 из 68 ---
2026-03-01 08:45:14 [INFO] __main__: Обрабатываю отель: Отель"NUUR HOTEL" (ID: 1979910)
2026-03-01 08:45:18 [INFO] __main__: Найдено 6 номеров для Отель"NUUR HOTEL"
2026-03-01 08:45:18 [INFO] __main__: --- Отель 65 из 68 ---
2026-03-01 08:45:18 [INFO] __main__: Обрабатываю отель: Парк-отель "Алтан" (ID: 1993192)
2026-03-01 08:45:24 [INFO] __main__: Найдено 4 номеров для Парк-отель "Алтан"
2026-03-01 08:45:24 [INFO] __main__: --- Отель 66 из 68 ---
2026-03-01 08:45:24 [INFO] __main__: Обрабатываю отель: Отель "Санаторий Солнечный" (ID: 1367536)
2026-03-01 08:45:27 [INFO] __main__: Найдено 2 номеров для Отель "Санаторий Солнечный"
2026-03-01 08:45:27 [INFO] __main__: --- Отель 67 из 68 ---
2026-03-01 08:45:27 [INFO] __main__: Обрабатываю отель: Отель "Магистраль" (ID: 2036706)
2026-03-01 08:45:31 [INFO] __main__: Найдено 6 номеров для Отель "Магистраль"
2026-03-01 08:45:31 [INFO] __main__: --- Отель 68 из 68 ---
2026-03-01 08:45:31 [INFO] __main__: Обрабатываю отель: Гостиница «Усадьба Егорова» (ID: 2032078)
2026-03-01 08:45:36 [INFO] __main__: Найдено 6 номеров для Гостиница «Усадьба Егорова»
2026-03-01 08:45:36 [INFO] __main__: Сохранено 303 номеров в /home/runner/work/tvil_parser/tvil_parser/tables/rooms/2026-03-01.csv
2026-03-01 08:45:36 [INFO] __main__: Парсинг завершён. Всего обработано 303 номеров.
2026-03-01 08:45:37 [INFO] __main__: Статистика сохранена в /home/runner/work/tvil_parser/tvil_parser/tables/statistics/2026-03-01.csv
2026-03-01 08:45:37 [INFO] __main__: Обработано 67 отелей
