2026-05-04 10:20:17 [INFO] __main__: Режим CI: увеличенные таймауты.
2026-05-04 10:20:17 [INFO] __main__: Запуск парсера отелей...
2026-05-04 10:20:17 [INFO] __main__: Даты бронирования: 05.05.2026 - 06.05.2026
2026-05-04 10:20:17 [INFO] __main__: --- Страница 1 --- https://tvil.ru/city/irkutskaya-oblast/?gp%5Bentity_type%5D%5B0%5D=1&o%5Barrival%5D=2026-05-05&o%5Bdeparture%5D=2026-05-06&o%5BmaleCount%5D=1
2026-05-04 10:22:21 [INFO] __main__: Страница 1 не дала новых отелей.
2026-05-04 10:22:21 [WARNING] __main__: Не удалось извлечь данные об отелях.
2026-05-04 10:22:21 [INFO] __main__: Каталог сохранён: 71 отелей → /home/runner/work/tvil_parser/tvil_parser/catalog/hotels.csv
2026-05-04 10:22:21 [INFO] __main__: Каталог обновлён: всего 71, новых 0
2026-05-04 10:22:23 [INFO] __main__: Запуск парсера номеров...
2026-05-04 10:22:23 [INFO] __main__: Даты бронирования: 05.05.2026 - 06.05.2026
2026-05-04 10:22:23 [ERROR] __main__: Ошибка при чтении CSV /home/runner/work/tvil_parser/tvil_parser/daily/hotels/2026-05-04.csv: [Errno 2] No such file or directory: '/home/runner/work/tvil_parser/tvil_parser/daily/hotels/2026-05-04.csv'
2026-05-04 10:22:24 [ERROR] __main__: Не удалось загрузить список отелей.
2026-05-04 10:22:28 [ERROR] __main__: Ошибка при чтении /home/runner/work/tvil_parser/tvil_parser/daily/hotels/2026-05-04.csv: [Errno 2] No such file or directory: '/home/runner/work/tvil_parser/tvil_parser/daily/hotels/2026-05-04.csv'
2026-05-04 12:13:00 [INFO] __main__: Режим CI: увеличенные таймауты.
2026-05-04 12:13:00 [INFO] __main__: Запуск парсера отелей...
2026-05-04 12:13:00 [INFO] __main__: Даты бронирования: 05.05.2026 - 06.05.2026
2026-05-04 12:13:01 [INFO] __main__: --- Страница 1 --- https://tvil.ru/city/irkutskaya-oblast/?gp%5Bentity_type%5D%5B0%5D=1&o%5Barrival%5D=2026-05-05&o%5Bdeparture%5D=2026-05-06&o%5BmaleCount%5D=1
2026-05-04 12:15:05 [INFO] __main__: Страница 1 не дала новых отелей.
2026-05-04 12:15:05 [WARNING] __main__: Не удалось извлечь данные об отелях.
2026-05-04 12:15:05 [INFO] __main__: Каталог сохранён: 71 отелей → /home/runner/work/tvil_parser/tvil_parser/catalog/hotels.csv
2026-05-04 12:15:05 [INFO] __main__: Каталог обновлён: всего 71, новых 0
2026-05-04 12:15:07 [INFO] __main__: Запуск парсера номеров...
2026-05-04 12:15:07 [INFO] __main__: Даты бронирования: 05.05.2026 - 06.05.2026
2026-05-04 12:15:07 [ERROR] __main__: Ошибка при чтении CSV /home/runner/work/tvil_parser/tvil_parser/daily/hotels/2026-05-04.csv: [Errno 2] No such file or directory: '/home/runner/work/tvil_parser/tvil_parser/daily/hotels/2026-05-04.csv'
2026-05-04 12:15:10 [ERROR] __main__: Не удалось загрузить список отелей.
2026-05-04 12:15:15 [ERROR] __main__: Ошибка при чтении /home/runner/work/tvil_parser/tvil_parser/daily/hotels/2026-05-04.csv: [Errno 2] No such file or directory: '/home/runner/work/tvil_parser/tvil_parser/daily/hotels/2026-05-04.csv'
