2026-02-24 06:29:05 [INFO] __main__: Запуск парсера отелей...
2026-02-24 06:29:05 [INFO] __main__: Даты бронирования: 25.02.2026 - 26.02.2026
2026-02-24 06:29:06 [INFO] __main__: Перехожу на страницу tvil.ru...
2026-02-24 06:29:12 [INFO] __main__: --- Страница 1 ---
2026-02-24 06:29:13 [INFO] __main__: Извлечено 20 отелей. Всего: 20
2026-02-24 06:29:14 [INFO] __main__: --- Страница 2 ---
2026-02-24 06:29:15 [INFO] __main__: Извлечено 20 отелей. Всего: 40
2026-02-24 06:29:15 [INFO] __main__: --- Страница 3 ---
2026-02-24 06:29:16 [INFO] __main__: Извлечено 20 отелей. Всего: 60
2026-02-24 06:29:17 [INFO] __main__: --- Страница 4 ---
2026-02-24 06:29:18 [INFO] __main__: Извлечено 8 отелей. Всего: 68
2026-02-24 06:29:18 [INFO] __main__: Достигнута последняя страница.
2026-02-24 06:29:18 [INFO] __main__: Всего собрано отелей со всех страниц: 68
2026-02-24 06:29:18 [INFO] __main__: Сохранено 68 отелей в /home/runner/work/tvil_parser/tvil_parser/tables/hotels/2026-02-24.csv
2026-02-24 06:29:18 [INFO] __main__: Парсинг завершён. Всего обработано 68 отелей.
2026-02-24 06:29:18 [INFO] __main__: Запуск парсера номеров...
2026-02-24 06:29:18 [INFO] __main__: Даты бронирования: 25.02.2026 - 26.02.2026
2026-02-24 06:29:18 [INFO] __main__: Загружено 68 отелей для обработки
2026-02-24 06:29:19 [INFO] __main__: Перехожу на страницу tvil.ru...
2026-02-24 06:29:23 [INFO] __main__: --- Отель 1 из 68 ---
2026-02-24 06:29:23 [INFO] __main__: Обрабатываю отель: Гостиница "Ангара" (ID: 1435824)
2026-02-24 06:29:29 [INFO] __main__: Найдено 7 номеров для Гостиница "Ангара"
2026-02-24 06:29:29 [INFO] __main__: --- Отель 2 из 68 ---
2026-02-24 06:29:29 [INFO] __main__: Обрабатываю отель: Гостиница "Matreshka" (ID: 906031)
2026-02-24 06:29:34 [INFO] __main__: Найдено 6 номеров для Гостиница "Matreshka"
2026-02-24 06:29:34 [INFO] __main__: --- Отель 3 из 68 ---
2026-02-24 06:29:34 [INFO] __main__: Обрабатываю отель: Парк отель "Байкал" (ID: 1434513)
2026-02-24 06:29:37 [INFO] __main__: Найдено 7 номеров для Парк отель "Байкал"
2026-02-24 06:29:37 [INFO] __main__: --- Отель 4 из 68 ---
2026-02-24 06:29:37 [INFO] __main__: Обрабатываю отель: Отель "Байкал Бизнес Центр" (ID: 1265180)
2026-02-24 06:29:42 [INFO] __main__: Найдено 6 номеров для Отель "Байкал Бизнес Центр"
2026-02-24 06:29:42 [INFO] __main__: --- Отель 5 из 68 ---
2026-02-24 06:29:42 [INFO] __main__: Обрабатываю отель: Гостиница "Русь" (ID: 1296851)
2026-02-24 06:29:46 [INFO] __main__: Найдено 5 номеров для Гостиница "Русь"
2026-02-24 06:29:46 [INFO] __main__: --- Отель 6 из 68 ---
2026-02-24 06:29:46 [INFO] __main__: Обрабатываю отель: Гостиница "На Звездинской" (ID: 1328740)
2026-02-24 06:29:49 [INFO] __main__: Найдено 4 номеров для Гостиница "На Звездинской"
2026-02-24 06:29:49 [INFO] __main__: --- Отель 7 из 68 ---
2026-02-24 06:29:49 [INFO] __main__: Обрабатываю отель: Апарт -отель "BaikalStory " (ID: 1845315)
2026-02-24 06:29:55 [INFO] __main__: Найдено 8 номеров для Апарт -отель "BaikalStory "
2026-02-24 06:29:55 [INFO] __main__: --- Отель 8 из 68 ---
2026-02-24 06:29:55 [INFO] __main__: Обрабатываю отель: Мини-отель "Проспект" (ID: 1889753)
2026-02-24 06:29:58 [INFO] __main__: Найдено 2 номеров для Мини-отель "Проспект"
2026-02-24 06:29:58 [INFO] __main__: --- Отель 9 из 68 ---
2026-02-24 06:29:58 [INFO] __main__: Обрабатываю отель: Апарт-отель "Sokolov Hotel" (ID: 1009170)
2026-02-24 06:30:04 [INFO] __main__: Найдено 9 номеров для Апарт-отель "Sokolov Hotel"
2026-02-24 06:30:04 [INFO] __main__: --- Отель 10 из 68 ---
2026-02-24 06:30:04 [INFO] __main__: Обрабатываю отель: Бутик-отель "География" (ID: 1298063)
2026-02-24 06:30:09 [INFO] __main__: Найдено 5 номеров для Бутик-отель "География"
2026-02-24 06:30:09 [INFO] __main__: --- Отель 11 из 68 ---
2026-02-24 06:30:09 [INFO] __main__: Обрабатываю отель: Мини-отель «Nice People» (ID: 1064267)
2026-02-24 06:30:13 [INFO] __main__: Найдено 6 номеров для Мини-отель «Nice People»
2026-02-24 06:30:13 [INFO] __main__: --- Отель 12 из 68 ---
2026-02-24 06:30:13 [INFO] __main__: Обрабатываю отель: Отель "Маяк" (ID: 1000539)
2026-02-24 06:30:17 [INFO] __main__: Найдено 5 номеров для Отель "Маяк"
2026-02-24 06:30:17 [INFO] __main__: --- Отель 13 из 68 ---
2026-02-24 06:30:17 [INFO] __main__: Обрабатываю отель: Отель "Лотос" (ID: 946962)
2026-02-24 06:30:24 [INFO] __main__: Найдено 7 номеров для Отель "Лотос"
2026-02-24 06:30:24 [INFO] __main__: --- Отель 14 из 68 ---
2026-02-24 06:30:24 [INFO] __main__: Обрабатываю отель: Гостиница "Добрый Кот" (ID: 1390225)
2026-02-24 06:30:28 [INFO] __main__: Найдено 6 номеров для Гостиница "Добрый Кот"
2026-02-24 06:30:28 [INFO] __main__: --- Отель 15 из 68 ---
2026-02-24 06:30:28 [INFO] __main__: Обрабатываю отель: Гостиница Олимпиада (ID: 1690094)
2026-02-24 06:30:31 [INFO] __main__: Найдено 3 номеров для Гостиница Олимпиада
2026-02-24 06:30:31 [INFO] __main__: --- Отель 16 из 68 ---
2026-02-24 06:30:31 [INFO] __main__: Обрабатываю отель: Отель "Иркут" (ID: 1609403)
2026-02-24 06:30:36 [INFO] __main__: Найдено 7 номеров для Отель "Иркут"
2026-02-24 06:30:36 [INFO] __main__: --- Отель 17 из 68 ---
2026-02-24 06:30:36 [INFO] __main__: Обрабатываю отель: Гостиница "130Hotel" (ID: 1491765)
2026-02-24 06:30:39 [INFO] __main__: Найдено 3 номеров для Гостиница "130Hotel"
2026-02-24 06:30:39 [INFO] __main__: --- Отель 18 из 68 ---
2026-02-24 06:30:39 [INFO] __main__: Обрабатываю отель: Парк отель "Уюга" (ID: 1487384)
2026-02-24 06:30:43 [WARNING] __main__: Не удалось получить данные для Парк отель "Уюга"
2026-02-24 06:30:43 [INFO] __main__: --- Отель 19 из 68 ---
2026-02-24 06:30:43 [INFO] __main__: Обрабатываю отель: Отель "Яковлевъ" (ID: 1367731)
2026-02-24 06:30:46 [ERROR] __main__: Ошибка при получении данных о номерах: Page.evaluate: Execution context was destroyed, most likely because of a navigation
2026-02-24 06:30:47 [WARNING] __main__: Не удалось получить данные для Отель "Яковлевъ"
2026-02-24 06:30:47 [INFO] __main__: --- Отель 20 из 68 ---
2026-02-24 06:30:47 [INFO] __main__: Обрабатываю отель: Отель "Подлеморье" (ID: 1892012)
2026-02-24 06:30:51 [INFO] __main__: Найдено 4 номеров для Отель "Подлеморье"
2026-02-24 06:30:51 [INFO] __main__: --- Отель 21 из 68 ---
2026-02-24 06:30:51 [INFO] __main__: Обрабатываю отель: Гостиница Олимпиада (ID: 1690094)
2026-02-24 06:30:54 [INFO] __main__: Найдено 3 номеров для Гостиница Олимпиада
2026-02-24 06:30:54 [INFO] __main__: --- Отель 22 из 68 ---
2026-02-24 06:30:54 [INFO] __main__: Обрабатываю отель: Отель "Яковлевъ" (ID: 1367731)
2026-02-24 06:30:57 [INFO] __main__: Найдено 4 номеров для Отель "Яковлевъ"
2026-02-24 06:30:57 [INFO] __main__: --- Отель 23 из 68 ---
2026-02-24 06:30:57 [INFO] __main__: Обрабатываю отель: Отель "Иркут" (ID: 1609403)
2026-02-24 06:31:01 [INFO] __main__: Найдено 7 номеров для Отель "Иркут"
2026-02-24 06:31:01 [INFO] __main__: --- Отель 24 из 68 ---
2026-02-24 06:31:01 [INFO] __main__: Обрабатываю отель: Отель "Клубный Квартал" (ID: 1265779)
2026-02-24 06:31:05 [INFO] __main__: Найдено 3 номеров для Отель "Клубный Квартал"
2026-02-24 06:31:05 [INFO] __main__: --- Отель 25 из 68 ---
2026-02-24 06:31:05 [INFO] __main__: Обрабатываю отель: Гостиница "130Hotel" (ID: 1491765)
2026-02-24 06:31:09 [INFO] __main__: Найдено 3 номеров для Гостиница "130Hotel"
2026-02-24 06:31:09 [INFO] __main__: --- Отель 26 из 68 ---
2026-02-24 06:31:09 [INFO] __main__: Обрабатываю отель: Отель "Подлеморье" (ID: 1892012)
2026-02-24 06:31:12 [INFO] __main__: Найдено 4 номеров для Отель "Подлеморье"
2026-02-24 06:31:12 [INFO] __main__: --- Отель 27 из 68 ---
2026-02-24 06:31:12 [INFO] __main__: Обрабатываю отель: Парк отель "Уюга" (ID: 1487384)
2026-02-24 06:31:16 [INFO] __main__: Найдено 5 номеров для Парк отель "Уюга"
2026-02-24 06:31:16 [INFO] __main__: --- Отель 28 из 68 ---
2026-02-24 06:31:16 [INFO] __main__: Обрабатываю отель: Парк-отель "Соболинка" (ID: 1287498)
2026-02-24 06:31:19 [INFO] __main__: Найдено 2 номеров для Парк-отель "Соболинка"
2026-02-24 06:31:19 [INFO] __main__: --- Отель 29 из 68 ---
2026-02-24 06:31:19 [INFO] __main__: Обрабатываю отель: Гостиница "7 дорог" (ID: 1462849)
2026-02-24 06:31:26 [INFO] __main__: Найдено 9 номеров для Гостиница "7 дорог"
2026-02-24 06:31:26 [INFO] __main__: --- Отель 30 из 68 ---
2026-02-24 06:31:26 [INFO] __main__: Обрабатываю отель: Отель "Точка Байкала" (ID: 1913029)
2026-02-24 06:31:30 [INFO] __main__: Найдено 2 номеров для Отель "Точка Байкала"
2026-02-24 06:31:30 [INFO] __main__: --- Отель 31 из 68 ---
2026-02-24 06:31:30 [INFO] __main__: Обрабатываю отель: Парк-отель "Бурдугуз" (ID: 1276636)
2026-02-24 06:31:33 [INFO] __main__: Найдено 3 номеров для Парк-отель "Бурдугуз"
2026-02-24 06:31:33 [INFO] __main__: --- Отель 32 из 68 ---
2026-02-24 06:31:33 [INFO] __main__: Обрабатываю отель: Отель "Атлас" (ID: 1367592)
2026-02-24 06:31:37 [INFO] __main__: Найдено 5 номеров для Отель "Атлас"
2026-02-24 06:31:37 [INFO] __main__: --- Отель 33 из 68 ---
2026-02-24 06:31:37 [INFO] __main__: Обрабатываю отель: Гостиница "Байкал Форест" (ID: 1472664)
2026-02-24 06:31:40 [INFO] __main__: Найдено 4 номеров для Гостиница "Байкал Форест"
2026-02-24 06:31:40 [INFO] __main__: --- Отель 34 из 68 ---
2026-02-24 06:31:40 [INFO] __main__: Обрабатываю отель: Гостиница "Космос" (ID: 895518)
2026-02-24 06:31:44 [INFO] __main__: Найдено 5 номеров для Гостиница "Космос"
2026-02-24 06:31:44 [INFO] __main__: --- Отель 35 из 68 ---
2026-02-24 06:31:44 [INFO] __main__: Обрабатываю отель: Гостиничный комплекс "Лазурный берег" (ID: 424345)
2026-02-24 06:31:48 [INFO] __main__: Найдено 3 номеров для Гостиничный комплекс "Лазурный берег"
2026-02-24 06:31:48 [INFO] __main__: --- Отель 36 из 68 ---
2026-02-24 06:31:48 [INFO] __main__: Обрабатываю отель: Отель "Михаил Строгов" (ID: 904225)
2026-02-24 06:31:54 [INFO] __main__: Найдено 6 номеров для Отель "Михаил Строгов"
2026-02-24 06:31:54 [INFO] __main__: --- Отель 37 из 68 ---
2026-02-24 06:31:54 [INFO] __main__: Обрабатываю отель: Гостиница (ID: 1467982)
2026-02-24 06:31:57 [INFO] __main__: Найдено 2 номеров для Гостиница
2026-02-24 06:31:57 [INFO] __main__: --- Отель 38 из 68 ---
2026-02-24 06:31:57 [INFO] __main__: Обрабатываю отель: Отель «Альпари» (ID: 1490199)
2026-02-24 06:32:01 [INFO] __main__: Найдено 3 номеров для Отель «Альпари»
2026-02-24 06:32:01 [INFO] __main__: --- Отель 39 из 68 ---
2026-02-24 06:32:01 [INFO] __main__: Обрабатываю отель: Гостиница" Аврора" (ID: 1508283)
2026-02-24 06:32:04 [INFO] __main__: Найдено 4 номеров для Гостиница" Аврора"
2026-02-24 06:32:04 [INFO] __main__: --- Отель 40 из 68 ---
2026-02-24 06:32:04 [INFO] __main__: Обрабатываю отель: Гостиница "У Истока" (ID: 1382100)
2026-02-24 06:32:07 [INFO] __main__: Найдено 2 номеров для Гостиница "У Истока"
2026-02-24 06:32:07 [INFO] __main__: --- Отель 41 из 68 ---
2026-02-24 06:32:07 [INFO] __main__: Обрабатываю отель: Гостиница "Ангара-Приоритет" (ID: 1314294)
2026-02-24 06:32:16 [INFO] __main__: Найдено 8 номеров для Гостиница "Ангара-Приоритет"
2026-02-24 06:32:16 [INFO] __main__: --- Отель 42 из 68 ---
2026-02-24 06:32:16 [INFO] __main__: Обрабатываю отель: Гостиница "Usadba 50 ( Усадьба 50)" (ID: 1048431)
2026-02-24 06:32:21 [INFO] __main__: Найдено 8 номеров для Гостиница "Usadba 50 ( Усадьба 50)"
2026-02-24 06:32:21 [INFO] __main__: --- Отель 43 из 68 ---
2026-02-24 06:32:21 [INFO] __main__: Обрабатываю отель: Отель "Тайга" (ID: 1296594)
2026-02-24 06:32:27 [INFO] __main__: Найдено 6 номеров для Отель "Тайга"
2026-02-24 06:32:27 [INFO] __main__: --- Отель 44 из 68 ---
2026-02-24 06:32:27 [INFO] __main__: Обрабатываю отель: Апарт-отель "Светлый" (ID: 1655828)
2026-02-24 06:32:30 [INFO] __main__: Найдено 2 номеров для Апарт-отель "Светлый"
2026-02-24 06:32:30 [INFO] __main__: --- Отель 45 из 68 ---
2026-02-24 06:32:30 [INFO] __main__: Обрабатываю отель: Гостиница "Nord Star Hotel" (ID: 1775519)
2026-02-24 06:32:33 [ERROR] __main__: Ошибка при получении данных о номерах: Page.evaluate: Execution context was destroyed, most likely because of a navigation
2026-02-24 06:32:34 [WARNING] __main__: Не удалось получить данные для Гостиница "Nord Star Hotel"
2026-02-24 06:32:34 [INFO] __main__: --- Отель 46 из 68 ---
2026-02-24 06:32:34 [INFO] __main__: Обрабатываю отель: Отель "Звезда" (ID: 425543)
2026-02-24 06:32:38 [INFO] __main__: Найдено 4 номеров для Отель "Звезда"
2026-02-24 06:32:38 [INFO] __main__: --- Отель 47 из 68 ---
2026-02-24 06:32:38 [INFO] __main__: Обрабатываю отель: Гостиница "Азия-Европа" (ID: 2063101)
2026-02-24 06:32:42 [INFO] __main__: Найдено 5 номеров для Гостиница "Азия-Европа"
2026-02-24 06:32:42 [INFO] __main__: --- Отель 48 из 68 ---
2026-02-24 06:32:42 [INFO] __main__: Обрабатываю отель: Отель" Арбат" (ID: 1632075)
2026-02-24 06:32:46 [INFO] __main__: Найдено 4 номеров для Отель" Арбат"
2026-02-24 06:32:46 [INFO] __main__: --- Отель 49 из 68 ---
2026-02-24 06:32:46 [INFO] __main__: Обрабатываю отель: Парк-Отель "Шелест" (ID: 1851647)
2026-02-24 06:32:49 [INFO] __main__: Найдено 2 номеров для Парк-Отель "Шелест"
2026-02-24 06:32:49 [INFO] __main__: --- Отель 50 из 68 ---
2026-02-24 06:32:49 [INFO] __main__: Обрабатываю отель: Отель Армат 4* (ID: 1441288)
2026-02-24 06:32:57 [INFO] __main__: Найдено 7 номеров для Отель Армат 4*
2026-02-24 06:32:57 [INFO] __main__: --- Отель 51 из 68 ---
2026-02-24 06:32:57 [INFO] __main__: Обрабатываю отель: Hotel Olhon 2* (ID: 1097942)
2026-02-24 06:33:01 [INFO] __main__: Найдено 6 номеров для Hotel Olhon 2*
2026-02-24 06:33:01 [INFO] __main__: --- Отель 52 из 68 ---
2026-02-24 06:33:01 [INFO] __main__: Обрабатываю отель: Дача БайкалЭко (ID: 1450305)
2026-02-24 06:33:04 [INFO] __main__: Найдено 2 номеров для Дача БайкалЭко
2026-02-24 06:33:04 [INFO] __main__: --- Отель 53 из 68 ---
2026-02-24 06:33:04 [INFO] __main__: Обрабатываю отель: Гостиница  "Воробьевы горы" (ID: 1390108)
2026-02-24 06:33:09 [INFO] __main__: Найдено 5 номеров для Гостиница  "Воробьевы горы"
2026-02-24 06:33:09 [INFO] __main__: --- Отель 54 из 68 ---
2026-02-24 06:33:09 [INFO] __main__: Обрабатываю отель: Отель "Белый Берег" (ID: 1785783)
2026-02-24 06:33:12 [INFO] __main__: Найдено 2 номеров для Отель "Белый Берег"
2026-02-24 06:33:12 [INFO] __main__: --- Отель 55 из 68 ---
2026-02-24 06:33:12 [INFO] __main__: Обрабатываю отель: Бутик-отель "Аристократ" (ID: 1343236)
2026-02-24 06:33:16 [INFO] __main__: Найдено 3 номеров для Бутик-отель "Аристократ"
2026-02-24 06:33:16 [INFO] __main__: --- Отель 56 из 68 ---
2026-02-24 06:33:16 [INFO] __main__: Обрабатываю отель: Бутик-отель "Marussia" (ID: 898794)
2026-02-24 06:33:19 [INFO] __main__: Найдено 5 номеров для Бутик-отель "Marussia"
2026-02-24 06:33:19 [INFO] __main__: --- Отель 57 из 68 ---
2026-02-24 06:33:19 [INFO] __main__: Обрабатываю отель: Отель "Купеческий Дворъ" (ID: 767249)
2026-02-24 06:33:24 [INFO] __main__: Найдено 7 номеров для Отель "Купеческий Дворъ"
2026-02-24 06:33:24 [INFO] __main__: --- Отель 58 из 68 ---
2026-02-24 06:33:24 [INFO] __main__: Обрабатываю отель: Доходный дом "М.А. Листратовой" (ID: 1129766)
2026-02-24 06:33:28 [INFO] __main__: Найдено 7 номеров для Доходный дом "М.А. Листратовой"
2026-02-24 06:33:28 [INFO] __main__: --- Отель 59 из 68 ---
2026-02-24 06:33:28 [INFO] __main__: Обрабатываю отель: Гостиница "Байкал - Северное море" (ID: 1378154)
2026-02-24 06:33:32 [INFO] __main__: Найдено 7 номеров для Гостиница "Байкал - Северное море"
2026-02-24 06:33:32 [INFO] __main__: --- Отель 60 из 68 ---
2026-02-24 06:33:32 [INFO] __main__: Обрабатываю отель: Гостиница "BAIKAL VIEW" (ID: 1802586)
2026-02-24 06:33:35 [INFO] __main__: Найдено 3 номеров для Гостиница "BAIKAL VIEW"
2026-02-24 06:33:35 [INFO] __main__: --- Отель 61 из 68 ---
2026-02-24 06:33:35 [INFO] __main__: Обрабатываю отель: Отель"NUUR HOTEL" (ID: 1979910)
2026-02-24 06:33:40 [INFO] __main__: Найдено 6 номеров для Отель"NUUR HOTEL"
2026-02-24 06:33:40 [INFO] __main__: --- Отель 62 из 68 ---
2026-02-24 06:33:40 [INFO] __main__: Обрабатываю отель: Отель «Байкал-Аляска» (ID: 1899852)
2026-02-24 06:33:44 [INFO] __main__: Найдено 2 номеров для Отель «Байкал-Аляска»
2026-02-24 06:33:44 [INFO] __main__: --- Отель 63 из 68 ---
2026-02-24 06:33:44 [INFO] __main__: Обрабатываю отель: Парк-отель "Алтан" (ID: 1993192)
2026-02-24 06:33:48 [INFO] __main__: Найдено 4 номеров для Парк-отель "Алтан"
2026-02-24 06:33:48 [INFO] __main__: --- Отель 64 из 68 ---
2026-02-24 06:33:48 [INFO] __main__: Обрабатываю отель: Гостиница (ID: 1345611)
2026-02-24 06:33:53 [INFO] __main__: Найдено 5 номеров для Гостиница
2026-02-24 06:33:53 [INFO] __main__: --- Отель 65 из 68 ---
2026-02-24 06:33:53 [INFO] __main__: Обрабатываю отель: Отель Амурский (ID: 1335449)
2026-02-24 06:33:59 [INFO] __main__: Найдено 7 номеров для Отель Амурский
2026-02-24 06:33:59 [INFO] __main__: --- Отель 66 из 68 ---
2026-02-24 06:33:59 [INFO] __main__: Обрабатываю отель: Отель "Магистраль" (ID: 2036706)
2026-02-24 06:34:03 [INFO] __main__: Найдено 6 номеров для Отель "Магистраль"
2026-02-24 06:34:03 [INFO] __main__: --- Отель 67 из 68 ---
2026-02-24 06:34:03 [INFO] __main__: Обрабатываю отель: Отель "Санаторий Солнечный" (ID: 1367536)
2026-02-24 06:34:07 [INFO] __main__: Найдено 2 номеров для Отель "Санаторий Солнечный"
2026-02-24 06:34:07 [INFO] __main__: --- Отель 68 из 68 ---
2026-02-24 06:34:07 [INFO] __main__: Обрабатываю отель: Гостиница «Усадьба Егорова» (ID: 2032078)
2026-02-24 06:34:12 [INFO] __main__: Найдено 6 номеров для Гостиница «Усадьба Егорова»
2026-02-24 06:34:12 [INFO] __main__: Сохранено 310 номеров в /home/runner/work/tvil_parser/tvil_parser/tables/rooms/2026-02-24.csv
2026-02-24 06:34:12 [INFO] __main__: Парсинг завершён. Всего обработано 310 номеров.
2026-02-24 06:34:13 [INFO] __main__: Статистика сохранена в /home/runner/work/tvil_parser/tvil_parser/tables/statistics/2026-02-24.csv
2026-02-24 06:34:13 [INFO] __main__: Обработано 62 отелей
2026-02-24 08:58:55 [INFO] __main__: Запуск парсера отелей...
2026-02-24 08:58:55 [INFO] __main__: Даты бронирования: 25.02.2026 - 26.02.2026
2026-02-24 08:58:56 [INFO] __main__: Перехожу на страницу tvil.ru...
2026-02-24 08:59:03 [INFO] __main__: --- Страница 1 ---
2026-02-24 08:59:04 [INFO] __main__: Извлечено 20 отелей. Всего: 20
2026-02-24 08:59:05 [INFO] __main__: --- Страница 2 ---
2026-02-24 08:59:06 [INFO] __main__: Извлечено 20 отелей. Всего: 40
2026-02-24 08:59:06 [INFO] __main__: --- Страница 3 ---
2026-02-24 08:59:08 [INFO] __main__: Извлечено 20 отелей. Всего: 60
2026-02-24 08:59:08 [INFO] __main__: --- Страница 4 ---
2026-02-24 08:59:09 [INFO] __main__: Извлечено 8 отелей. Всего: 68
2026-02-24 08:59:09 [INFO] __main__: Достигнута последняя страница.
2026-02-24 08:59:09 [INFO] __main__: Всего собрано отелей со всех страниц: 68
2026-02-24 08:59:09 [INFO] __main__: Сохранено 68 отелей в /home/runner/work/tvil_parser/tvil_parser/tables/hotels/2026-02-24.csv
2026-02-24 08:59:09 [INFO] __main__: Парсинг завершён. Всего обработано 68 отелей.
2026-02-24 08:59:10 [INFO] __main__: Запуск парсера номеров...
2026-02-24 08:59:10 [INFO] __main__: Даты бронирования: 25.02.2026 - 26.02.2026
2026-02-24 08:59:10 [INFO] __main__: Загружено 68 отелей для обработки
2026-02-24 08:59:10 [INFO] __main__: Перехожу на страницу tvil.ru...
2026-02-24 08:59:14 [INFO] __main__: --- Отель 1 из 68 ---
2026-02-24 08:59:14 [INFO] __main__: Обрабатываю отель: Гостиница "Ангара" (ID: 1435824)
2026-02-24 08:59:20 [INFO] __main__: Найдено 7 номеров для Гостиница "Ангара"
2026-02-24 08:59:20 [INFO] __main__: --- Отель 2 из 68 ---
2026-02-24 08:59:20 [INFO] __main__: Обрабатываю отель: Гостиница "Matreshka" (ID: 906031)
2026-02-24 08:59:25 [INFO] __main__: Найдено 6 номеров для Гостиница "Matreshka"
2026-02-24 08:59:25 [INFO] __main__: --- Отель 3 из 68 ---
2026-02-24 08:59:25 [INFO] __main__: Обрабатываю отель: Отель "Байкал Бизнес Центр" (ID: 1265180)
2026-02-24 08:59:30 [INFO] __main__: Найдено 6 номеров для Отель "Байкал Бизнес Центр"
2026-02-24 08:59:30 [INFO] __main__: --- Отель 4 из 68 ---
2026-02-24 08:59:30 [INFO] __main__: Обрабатываю отель: Парк отель "Байкал" (ID: 1434513)
2026-02-24 08:59:33 [INFO] __main__: Найдено 7 номеров для Парк отель "Байкал"
2026-02-24 08:59:33 [INFO] __main__: --- Отель 5 из 68 ---
2026-02-24 08:59:33 [INFO] __main__: Обрабатываю отель: Гостиница "Русь" (ID: 1296851)
2026-02-24 08:59:38 [INFO] __main__: Найдено 5 номеров для Гостиница "Русь"
2026-02-24 08:59:38 [INFO] __main__: --- Отель 6 из 68 ---
2026-02-24 08:59:38 [INFO] __main__: Обрабатываю отель: Гостиница "На Звездинской" (ID: 1328740)
2026-02-24 08:59:41 [INFO] __main__: Найдено 4 номеров для Гостиница "На Звездинской"
2026-02-24 08:59:41 [INFO] __main__: --- Отель 7 из 68 ---
2026-02-24 08:59:41 [INFO] __main__: Обрабатываю отель: Апарт -отель "BaikalStory " (ID: 1845315)
2026-02-24 08:59:46 [INFO] __main__: Найдено 8 номеров для Апарт -отель "BaikalStory "
2026-02-24 08:59:46 [INFO] __main__: --- Отель 8 из 68 ---
2026-02-24 08:59:46 [INFO] __main__: Обрабатываю отель: Апарт-отель "Sokolov Hotel" (ID: 1009170)
2026-02-24 08:59:52 [INFO] __main__: Найдено 9 номеров для Апарт-отель "Sokolov Hotel"
2026-02-24 08:59:52 [INFO] __main__: --- Отель 9 из 68 ---
2026-02-24 08:59:52 [INFO] __main__: Обрабатываю отель: Мини-отель «Nice People» (ID: 1064267)
2026-02-24 08:59:57 [INFO] __main__: Найдено 6 номеров для Мини-отель «Nice People»
2026-02-24 08:59:57 [INFO] __main__: --- Отель 10 из 68 ---
2026-02-24 08:59:57 [INFO] __main__: Обрабатываю отель: Отель "Маяк" (ID: 1000539)
2026-02-24 09:00:01 [INFO] __main__: Найдено 5 номеров для Отель "Маяк"
2026-02-24 09:00:01 [INFO] __main__: --- Отель 11 из 68 ---
2026-02-24 09:00:01 [INFO] __main__: Обрабатываю отель: Отель "Лотос" (ID: 946962)
2026-02-24 09:00:09 [INFO] __main__: Найдено 7 номеров для Отель "Лотос"
2026-02-24 09:00:09 [INFO] __main__: --- Отель 12 из 68 ---
2026-02-24 09:00:09 [INFO] __main__: Обрабатываю отель: Парк-отель "Бурдугуз" (ID: 1276636)
2026-02-24 09:00:13 [INFO] __main__: Найдено 3 номеров для Парк-отель "Бурдугуз"
2026-02-24 09:00:13 [INFO] __main__: --- Отель 13 из 68 ---
2026-02-24 09:00:13 [INFO] __main__: Обрабатываю отель: Отель "Яковлевъ" (ID: 1367731)
2026-02-24 09:00:17 [INFO] __main__: Найдено 4 номеров для Отель "Яковлевъ"
2026-02-24 09:00:17 [INFO] __main__: --- Отель 14 из 68 ---
2026-02-24 09:00:17 [INFO] __main__: Обрабатываю отель: Гостиница "Добрый Кот" (ID: 1390225)
2026-02-24 09:00:22 [INFO] __main__: Найдено 6 номеров для Гостиница "Добрый Кот"
2026-02-24 09:00:22 [INFO] __main__: --- Отель 15 из 68 ---
2026-02-24 09:00:22 [INFO] __main__: Обрабатываю отель: Гостиница "130Hotel" (ID: 1491765)
2026-02-24 09:00:25 [INFO] __main__: Найдено 3 номеров для Гостиница "130Hotel"
2026-02-24 09:00:25 [INFO] __main__: --- Отель 16 из 68 ---
2026-02-24 09:00:25 [INFO] __main__: Обрабатываю отель: Парк отель "Уюга" (ID: 1487384)
2026-02-24 09:00:29 [INFO] __main__: Найдено 5 номеров для Парк отель "Уюга"
2026-02-24 09:00:29 [INFO] __main__: --- Отель 17 из 68 ---
2026-02-24 09:00:29 [INFO] __main__: Обрабатываю отель: Отель "Иркут" (ID: 1609403)
2026-02-24 09:00:34 [INFO] __main__: Найдено 7 номеров для Отель "Иркут"
2026-02-24 09:00:34 [INFO] __main__: --- Отель 18 из 68 ---
2026-02-24 09:00:34 [INFO] __main__: Обрабатываю отель: Гостиница Олимпиада (ID: 1690094)
2026-02-24 09:00:37 [ERROR] __main__: Ошибка при получении данных о номерах: Page.evaluate: Execution context was destroyed, most likely because of a navigation
2026-02-24 09:00:38 [WARNING] __main__: Не удалось получить данные для Гостиница Олимпиада
2026-02-24 09:00:38 [INFO] __main__: --- Отель 19 из 68 ---
2026-02-24 09:00:38 [INFO] __main__: Обрабатываю отель: Отель "Подлеморье" (ID: 1892012)
2026-02-24 09:00:42 [INFO] __main__: Найдено 4 номеров для Отель "Подлеморье"
2026-02-24 09:00:42 [INFO] __main__: --- Отель 20 из 68 ---
2026-02-24 09:00:42 [INFO] __main__: Обрабатываю отель: Отель "Точка Байкала" (ID: 1913029)
2026-02-24 09:00:45 [INFO] __main__: Найдено 2 номеров для Отель "Точка Байкала"
2026-02-24 09:00:45 [INFO] __main__: --- Отель 21 из 68 ---
2026-02-24 09:00:45 [INFO] __main__: Обрабатываю отель: Парк-отель "Соболинка" (ID: 1287498)
2026-02-24 09:00:49 [INFO] __main__: Найдено 2 номеров для Парк-отель "Соболинка"
2026-02-24 09:00:49 [INFO] __main__: --- Отель 22 из 68 ---
2026-02-24 09:00:49 [INFO] __main__: Обрабатываю отель: Парк-отель "Бурдугуз" (ID: 1276636)
2026-02-24 09:00:52 [INFO] __main__: Найдено 3 номеров для Парк-отель "Бурдугуз"
2026-02-24 09:00:52 [INFO] __main__: --- Отель 23 из 68 ---
2026-02-24 09:00:52 [INFO] __main__: Обрабатываю отель: Отель "Яковлевъ" (ID: 1367731)
2026-02-24 09:00:55 [INFO] __main__: Найдено 4 номеров для Отель "Яковлевъ"
2026-02-24 09:00:55 [INFO] __main__: --- Отель 24 из 68 ---
2026-02-24 09:00:55 [INFO] __main__: Обрабатываю отель: Гостиница "Добрый Кот" (ID: 1390225)
2026-02-24 09:00:59 [INFO] __main__: Найдено 6 номеров для Гостиница "Добрый Кот"
2026-02-24 09:00:59 [INFO] __main__: --- Отель 25 из 68 ---
2026-02-24 09:00:59 [INFO] __main__: Обрабатываю отель: Гостиница "7 дорог" (ID: 1462849)
2026-02-24 09:01:06 [INFO] __main__: Найдено 9 номеров для Гостиница "7 дорог"
2026-02-24 09:01:06 [INFO] __main__: --- Отель 26 из 68 ---
2026-02-24 09:01:06 [INFO] __main__: Обрабатываю отель: Гостиница "130Hotel" (ID: 1491765)
2026-02-24 09:01:10 [INFO] __main__: Найдено 3 номеров для Гостиница "130Hotel"
2026-02-24 09:01:10 [INFO] __main__: --- Отель 27 из 68 ---
2026-02-24 09:01:10 [INFO] __main__: Обрабатываю отель: Парк отель "Уюга" (ID: 1487384)
2026-02-24 09:01:13 [INFO] __main__: Найдено 5 номеров для Парк отель "Уюга"
2026-02-24 09:01:13 [INFO] __main__: --- Отель 28 из 68 ---
2026-02-24 09:01:13 [INFO] __main__: Обрабатываю отель: Отель "Иркут" (ID: 1609403)
2026-02-24 09:01:17 [INFO] __main__: Найдено 7 номеров для Отель "Иркут"
2026-02-24 09:01:17 [INFO] __main__: --- Отель 29 из 68 ---
2026-02-24 09:01:17 [INFO] __main__: Обрабатываю отель: Гостиница Олимпиада (ID: 1690094)
2026-02-24 09:01:20 [INFO] __main__: Найдено 3 номеров для Гостиница Олимпиада
2026-02-24 09:01:20 [INFO] __main__: --- Отель 30 из 68 ---
2026-02-24 09:01:20 [INFO] __main__: Обрабатываю отель: Отель "Подлеморье" (ID: 1892012)
2026-02-24 09:01:24 [INFO] __main__: Найдено 4 номеров для Отель "Подлеморье"
2026-02-24 09:01:24 [INFO] __main__: --- Отель 31 из 68 ---
2026-02-24 09:01:24 [INFO] __main__: Обрабатываю отель: Отель "Точка Байкала" (ID: 1913029)
2026-02-24 09:01:27 [INFO] __main__: Найдено 2 номеров для Отель "Точка Байкала"
2026-02-24 09:01:27 [INFO] __main__: --- Отель 32 из 68 ---
2026-02-24 09:01:27 [INFO] __main__: Обрабатываю отель: Гостиница (ID: 1467982)
2026-02-24 09:01:30 [INFO] __main__: Найдено 2 номеров для Гостиница
2026-02-24 09:01:30 [INFO] __main__: --- Отель 33 из 68 ---
2026-02-24 09:01:30 [INFO] __main__: Обрабатываю отель: Гостиница "У Истока" (ID: 1382100)
2026-02-24 09:01:33 [INFO] __main__: Найдено 2 номеров для Гостиница "У Истока"
2026-02-24 09:01:33 [INFO] __main__: --- Отель 34 из 68 ---
2026-02-24 09:01:33 [INFO] __main__: Обрабатываю отель: Гостиница "Ангара-Приоритет" (ID: 1314294)
2026-02-24 09:01:41 [INFO] __main__: Найдено 8 номеров для Гостиница "Ангара-Приоритет"
2026-02-24 09:01:41 [INFO] __main__: --- Отель 35 из 68 ---
2026-02-24 09:01:41 [INFO] __main__: Обрабатываю отель: Отель "Михаил Строгов" (ID: 904225)
2026-02-24 09:01:47 [INFO] __main__: Найдено 6 номеров для Отель "Михаил Строгов"
2026-02-24 09:01:47 [INFO] __main__: --- Отель 36 из 68 ---
2026-02-24 09:01:47 [INFO] __main__: Обрабатываю отель: Гостиница "Nord Star Hotel" (ID: 1775519)
2026-02-24 09:01:51 [INFO] __main__: Найдено 3 номеров для Гостиница "Nord Star Hotel"
2026-02-24 09:01:51 [INFO] __main__: --- Отель 37 из 68 ---
2026-02-24 09:01:51 [INFO] __main__: Обрабатываю отель: Парк-Отель "Шелест" (ID: 1851647)
2026-02-24 09:01:55 [INFO] __main__: Найдено 2 номеров для Парк-Отель "Шелест"
2026-02-24 09:01:55 [INFO] __main__: --- Отель 38 из 68 ---
2026-02-24 09:01:55 [INFO] __main__: Обрабатываю отель: Отель Армат 4* (ID: 1441288)
2026-02-24 09:02:02 [INFO] __main__: Найдено 7 номеров для Отель Армат 4*
2026-02-24 09:02:02 [INFO] __main__: --- Отель 39 из 68 ---
2026-02-24 09:02:02 [INFO] __main__: Обрабатываю отель: Отель "Атлас" (ID: 1367592)
2026-02-24 09:02:07 [INFO] __main__: Найдено 5 номеров для Отель "Атлас"
2026-02-24 09:02:07 [INFO] __main__: --- Отель 40 из 68 ---
2026-02-24 09:02:07 [INFO] __main__: Обрабатываю отель: Гостиница "Байкал Форест" (ID: 1472664)
2026-02-24 09:02:11 [INFO] __main__: Найдено 4 номеров для Гостиница "Байкал Форест"
2026-02-24 09:02:11 [INFO] __main__: --- Отель 41 из 68 ---
2026-02-24 09:02:11 [INFO] __main__: Обрабатываю отель: Гостиница "Азия-Европа" (ID: 2063101)
2026-02-24 09:02:14 [INFO] __main__: Найдено 5 номеров для Гостиница "Азия-Европа"
2026-02-24 09:02:14 [INFO] __main__: --- Отель 42 из 68 ---
2026-02-24 09:02:14 [INFO] __main__: Обрабатываю отель: Гостиничный комплекс "Лазурный берег" (ID: 424345)
2026-02-24 09:02:18 [INFO] __main__: Найдено 3 номеров для Гостиничный комплекс "Лазурный берег"
2026-02-24 09:02:18 [INFO] __main__: --- Отель 43 из 68 ---
2026-02-24 09:02:18 [INFO] __main__: Обрабатываю отель: Гостиница "Космос" (ID: 895518)
2026-02-24 09:02:22 [INFO] __main__: Найдено 5 номеров для Гостиница "Космос"
2026-02-24 09:02:22 [INFO] __main__: --- Отель 44 из 68 ---
2026-02-24 09:02:22 [INFO] __main__: Обрабатываю отель: Гостиница "Usadba 50 ( Усадьба 50)" (ID: 1048431)
2026-02-24 09:02:28 [INFO] __main__: Найдено 8 номеров для Гостиница "Usadba 50 ( Усадьба 50)"
2026-02-24 09:02:28 [INFO] __main__: --- Отель 45 из 68 ---
2026-02-24 09:02:28 [INFO] __main__: Обрабатываю отель: Отель "Тайга" (ID: 1296594)
2026-02-24 09:02:33 [INFO] __main__: Найдено 6 номеров для Отель "Тайга"
2026-02-24 09:02:33 [INFO] __main__: --- Отель 46 из 68 ---
2026-02-24 09:02:33 [INFO] __main__: Обрабатываю отель: Отель «Альпари» (ID: 1490199)
2026-02-24 09:02:37 [INFO] __main__: Найдено 3 номеров для Отель «Альпари»
2026-02-24 09:02:37 [INFO] __main__: --- Отель 47 из 68 ---
2026-02-24 09:02:37 [INFO] __main__: Обрабатываю отель: Гостиница" Аврора" (ID: 1508283)
2026-02-24 09:02:41 [INFO] __main__: Найдено 4 номеров для Гостиница" Аврора"
2026-02-24 09:02:41 [INFO] __main__: --- Отель 48 из 68 ---
2026-02-24 09:02:41 [INFO] __main__: Обрабатываю отель: Апарт-отель "Светлый" (ID: 1655828)
2026-02-24 09:02:44 [INFO] __main__: Найдено 2 номеров для Апарт-отель "Светлый"
2026-02-24 09:02:44 [INFO] __main__: --- Отель 49 из 68 ---
2026-02-24 09:02:44 [INFO] __main__: Обрабатываю отель: Отель "Звезда" (ID: 425543)
2026-02-24 09:02:48 [INFO] __main__: Найдено 4 номеров для Отель "Звезда"
2026-02-24 09:02:48 [INFO] __main__: --- Отель 50 из 68 ---
2026-02-24 09:02:48 [INFO] __main__: Обрабатываю отель: Hotel Olhon 2* (ID: 1097942)
2026-02-24 09:02:53 [INFO] __main__: Найдено 6 номеров для Hotel Olhon 2*
2026-02-24 09:02:53 [INFO] __main__: --- Отель 51 из 68 ---
2026-02-24 09:02:53 [INFO] __main__: Обрабатываю отель: Гостиница  "Воробьевы горы" (ID: 1390108)
2026-02-24 09:02:57 [INFO] __main__: Найдено 5 номеров для Гостиница  "Воробьевы горы"
2026-02-24 09:02:57 [INFO] __main__: --- Отель 52 из 68 ---
2026-02-24 09:02:57 [INFO] __main__: Обрабатываю отель: Дача БайкалЭко (ID: 1450305)
2026-02-24 09:03:00 [INFO] __main__: Найдено 2 номеров для Дача БайкалЭко
2026-02-24 09:03:00 [INFO] __main__: --- Отель 53 из 68 ---
2026-02-24 09:03:00 [INFO] __main__: Обрабатываю отель: Отель" Арбат" (ID: 1632075)
2026-02-24 09:03:05 [INFO] __main__: Найдено 4 номеров для Отель" Арбат"
2026-02-24 09:03:05 [INFO] __main__: --- Отель 54 из 68 ---
2026-02-24 09:03:05 [INFO] __main__: Обрабатываю отель: Отель "Белый Берег" (ID: 1785783)
2026-02-24 09:03:08 [INFO] __main__: Найдено 2 номеров для Отель "Белый Берег"
2026-02-24 09:03:08 [INFO] __main__: --- Отель 55 из 68 ---
2026-02-24 09:03:08 [INFO] __main__: Обрабатываю отель: Бутик-отель "Аристократ" (ID: 1343236)
2026-02-24 09:03:12 [INFO] __main__: Найдено 3 номеров для Бутик-отель "Аристократ"
2026-02-24 09:03:12 [INFO] __main__: --- Отель 56 из 68 ---
2026-02-24 09:03:12 [INFO] __main__: Обрабатываю отель: Отель "Купеческий Дворъ" (ID: 767249)
2026-02-24 09:03:18 [INFO] __main__: Найдено 7 номеров для Отель "Купеческий Дворъ"
2026-02-24 09:03:18 [INFO] __main__: --- Отель 57 из 68 ---
2026-02-24 09:03:18 [INFO] __main__: Обрабатываю отель: Бутик-отель "Marussia" (ID: 898794)
2026-02-24 09:03:21 [INFO] __main__: Найдено 5 номеров для Бутик-отель "Marussia"
2026-02-24 09:03:21 [INFO] __main__: --- Отель 58 из 68 ---
2026-02-24 09:03:21 [INFO] __main__: Обрабатываю отель: Доходный дом "М.А. Листратовой" (ID: 1129766)
2026-02-24 09:03:24 [INFO] __main__: Найдено 7 номеров для Доходный дом "М.А. Листратовой"
2026-02-24 09:03:24 [INFO] __main__: --- Отель 59 из 68 ---
2026-02-24 09:03:24 [INFO] __main__: Обрабатываю отель: Гостиница (ID: 1345611)
2026-02-24 09:03:29 [INFO] __main__: Найдено 5 номеров для Гостиница
2026-02-24 09:03:29 [INFO] __main__: --- Отель 60 из 68 ---
2026-02-24 09:03:29 [INFO] __main__: Обрабатываю отель: Отель Амурский (ID: 1335449)
2026-02-24 09:03:36 [INFO] __main__: Найдено 7 номеров для Отель Амурский
2026-02-24 09:03:36 [INFO] __main__: --- Отель 61 из 68 ---
2026-02-24 09:03:36 [INFO] __main__: Обрабатываю отель: Гостиница "Байкал - Северное море" (ID: 1378154)
2026-02-24 09:03:40 [INFO] __main__: Найдено 7 номеров для Гостиница "Байкал - Северное море"
2026-02-24 09:03:40 [INFO] __main__: --- Отель 62 из 68 ---
2026-02-24 09:03:40 [INFO] __main__: Обрабатываю отель: Гостиница "BAIKAL VIEW" (ID: 1802586)
2026-02-24 09:03:44 [INFO] __main__: Найдено 3 номеров для Гостиница "BAIKAL VIEW"
2026-02-24 09:03:44 [INFO] __main__: --- Отель 63 из 68 ---
2026-02-24 09:03:44 [INFO] __main__: Обрабатываю отель: Отель «Байкал-Аляска» (ID: 1899852)
2026-02-24 09:03:47 [INFO] __main__: Найдено 2 номеров для Отель «Байкал-Аляска»
2026-02-24 09:03:47 [INFO] __main__: --- Отель 64 из 68 ---
2026-02-24 09:03:47 [INFO] __main__: Обрабатываю отель: Отель"NUUR HOTEL" (ID: 1979910)
2026-02-24 09:03:53 [INFO] __main__: Найдено 6 номеров для Отель"NUUR HOTEL"
2026-02-24 09:03:53 [INFO] __main__: --- Отель 65 из 68 ---
2026-02-24 09:03:53 [INFO] __main__: Обрабатываю отель: Парк-отель "Алтан" (ID: 1993192)
2026-02-24 09:03:57 [INFO] __main__: Найдено 4 номеров для Парк-отель "Алтан"
2026-02-24 09:03:57 [INFO] __main__: --- Отель 66 из 68 ---
2026-02-24 09:03:57 [INFO] __main__: Обрабатываю отель: Отель "Санаторий Солнечный" (ID: 1367536)
2026-02-24 09:04:01 [INFO] __main__: Найдено 2 номеров для Отель "Санаторий Солнечный"
2026-02-24 09:04:01 [INFO] __main__: --- Отель 67 из 68 ---
2026-02-24 09:04:01 [INFO] __main__: Обрабатываю отель: Отель "Магистраль" (ID: 2036706)
2026-02-24 09:04:05 [INFO] __main__: Найдено 6 номеров для Отель "Магистраль"
2026-02-24 09:04:05 [INFO] __main__: --- Отель 68 из 68 ---
2026-02-24 09:04:05 [INFO] __main__: Обрабатываю отель: Гостиница «Усадьба Егорова» (ID: 2032078)
2026-02-24 09:04:11 [INFO] __main__: Найдено 6 номеров для Гостиница «Усадьба Егорова»
2026-02-24 09:04:11 [INFO] __main__: Сохранено 320 номеров в /home/runner/work/tvil_parser/tvil_parser/tables/rooms/2026-02-24.csv
2026-02-24 09:04:11 [INFO] __main__: Парсинг завершён. Всего обработано 320 номеров.
2026-02-24 09:04:11 [INFO] __main__: Статистика сохранена в /home/runner/work/tvil_parser/tvil_parser/tables/statistics/2026-02-24.csv
2026-02-24 09:04:11 [INFO] __main__: Обработано 59 отелей
