2026-04-17 09:25:53 [INFO] __main__: Режим CI: увеличенные таймауты.
2026-04-17 09:25:53 [INFO] __main__: Запуск парсера отелей...
2026-04-17 09:25:53 [INFO] __main__: Даты бронирования: 18.04.2026 - 19.04.2026
2026-04-17 09:25:54 [INFO] __main__: --- Страница 1 --- https://tvil.ru/city/irkutskaya-oblast/?gp%5Bentity_type%5D%5B0%5D=1&o%5Barrival%5D=2026-04-18&o%5Bdeparture%5D=2026-04-19&o%5BmaleCount%5D=1
2026-04-17 09:26:04 [INFO] __main__: meta.total = 59
2026-04-17 09:26:04 [INFO] __main__: Перехвачено 20 отелей. Всего: 20
2026-04-17 09:26:05 [INFO] __main__: --- Страница 2 --- https://tvil.ru/city/irkutskaya-oblast/page2/?gp%5Bentity_type%5D%5B0%5D=1&o%5Barrival%5D=2026-04-18&o%5Bdeparture%5D=2026-04-19&o%5BmaleCount%5D=1
2026-04-17 09:26:11 [INFO] __main__: Перехвачено 20 отелей. Всего: 40
2026-04-17 09:28:05 [WARNING] __main__: [Страница 2] goto: Page.goto: Timeout 120000ms exceeded.
Call log:
  - navigating to "https://tvil.ru/city/irkutskaya-oblast/page2/?gp%5Bentity_type%5D%5B0%5D=1&o%5Barrival%5D=2026-04-18&o%5Bdeparture%5D=2026-04-19&o%5BmaleCount%5D=1", waiting until "networkidle"

2026-04-17 09:28:54 [INFO] __main__: --- Страница 3 --- https://tvil.ru/city/irkutskaya-oblast/page3/?gp%5Bentity_type%5D%5B0%5D=1&o%5Barrival%5D=2026-04-18&o%5Bdeparture%5D=2026-04-19&o%5BmaleCount%5D=1
2026-04-17 09:29:01 [INFO] __main__: Перехвачено 19 отелей. Всего: 59
2026-04-17 09:30:54 [WARNING] __main__: [Страница 3] goto: Page.goto: Timeout 120000ms exceeded.
Call log:
  - navigating to "https://tvil.ru/city/irkutskaya-oblast/page3/?gp%5Bentity_type%5D%5B0%5D=1&o%5Barrival%5D=2026-04-18&o%5Bdeparture%5D=2026-04-19&o%5BmaleCount%5D=1", waiting until "networkidle"

2026-04-17 09:31:43 [INFO] __main__: Набрано 59, meta.total = 59
2026-04-17 09:31:44 [INFO] __main__: Сохранено 59 отелей в /home/runner/work/tvil_parser/tvil_parser/daily/hotels/2026-04-17.csv
2026-04-17 09:31:44 [INFO] __main__: Парсинг завершён. Всего обработано 59 отелей.
2026-04-17 09:31:44 [INFO] __main__: Каталог сохранён: 69 отелей → /home/runner/work/tvil_parser/tvil_parser/catalog/hotels.csv
2026-04-17 09:31:44 [INFO] __main__: Каталог обновлён: всего 69, новых 0
2026-04-17 09:31:44 [INFO] __main__: Запуск парсера номеров...
2026-04-17 09:31:44 [INFO] __main__: Даты бронирования: 18.04.2026 - 19.04.2026
2026-04-17 09:31:44 [INFO] __main__: Загружено 59 отелей для обработки
2026-04-17 09:31:45 [INFO] __main__: Перехожу на страницу tvil.ru...
2026-04-17 09:31:49 [INFO] __main__: --- Отель 1 из 59 ---
2026-04-17 09:31:49 [INFO] __main__: Обрабатываю отель: Гостиница "Ангара" (ID: 1435824)
2026-04-17 09:31:53 [INFO] __main__: Найдено 7 номеров для Гостиница "Ангара"
2026-04-17 09:31:53 [INFO] __main__: --- Отель 2 из 59 ---
2026-04-17 09:31:53 [INFO] __main__: Обрабатываю отель: Отель "Байкал Бизнес Центр" (ID: 1265180)
2026-04-17 09:31:58 [INFO] __main__: Найдено 6 номеров для Отель "Байкал Бизнес Центр"
2026-04-17 09:31:58 [INFO] __main__: --- Отель 3 из 59 ---
2026-04-17 09:31:58 [INFO] __main__: Обрабатываю отель: Гостиница "Матрёшка" (ID: 906031)
2026-04-17 09:32:04 [INFO] __main__: Найдено 6 номеров для Гостиница "Матрёшка"
2026-04-17 09:32:04 [INFO] __main__: --- Отель 4 из 59 ---
2026-04-17 09:32:04 [INFO] __main__: Обрабатываю отель: Гостиница "Русь" (ID: 1296851)
2026-04-17 09:32:09 [INFO] __main__: Найдено 5 номеров для Гостиница "Русь"
2026-04-17 09:32:09 [INFO] __main__: --- Отель 5 из 59 ---
2026-04-17 09:32:09 [INFO] __main__: Обрабатываю отель: Гостиница "На Звездинской" (ID: 1328740)
2026-04-17 09:32:13 [INFO] __main__: Найдено 3 номеров для Гостиница "На Звездинской"
2026-04-17 09:32:13 [INFO] __main__: --- Отель 6 из 59 ---
2026-04-17 09:32:13 [INFO] __main__: Обрабатываю отель: Апарт -отель "BaikalStory " (ID: 1845315)
2026-04-17 09:32:19 [INFO] __main__: Найдено 8 номеров для Апарт -отель "BaikalStory "
2026-04-17 09:32:19 [INFO] __main__: --- Отель 7 из 59 ---
2026-04-17 09:32:19 [INFO] __main__: Обрабатываю отель: Мини-отель "Проспект" (ID: 1889753)
2026-04-17 09:32:24 [INFO] __main__: Найдено 2 номеров для Мини-отель "Проспект"
2026-04-17 09:32:24 [INFO] __main__: --- Отель 8 из 59 ---
2026-04-17 09:32:24 [INFO] __main__: Обрабатываю отель: Гостиница "Березка" (ID: 1782205)
2026-04-17 09:32:28 [INFO] __main__: Найдено 2 номеров для Гостиница "Березка"
2026-04-17 09:32:28 [INFO] __main__: --- Отель 9 из 59 ---
2026-04-17 09:32:28 [INFO] __main__: Обрабатываю отель: Апарт-отель "Sokolov Hotel" (ID: 1009170)
2026-04-17 09:32:32 [INFO] __main__: Найдено 9 номеров для Апарт-отель "Sokolov Hotel"
2026-04-17 09:32:32 [INFO] __main__: --- Отель 10 из 59 ---
2026-04-17 09:32:32 [INFO] __main__: Обрабатываю отель: Гостиница "Юбилейная" (ID: 1490581)
2026-04-17 09:32:36 [INFO] __main__: Найдено 6 номеров для Гостиница "Юбилейная"
2026-04-17 09:32:36 [INFO] __main__: --- Отель 11 из 59 ---
2026-04-17 09:32:36 [INFO] __main__: Обрабатываю отель: Бутик-отель "География" (ID: 1298063)
2026-04-17 09:32:42 [INFO] __main__: Найдено 5 номеров для Бутик-отель "География"
2026-04-17 09:32:42 [INFO] __main__: --- Отель 12 из 59 ---
2026-04-17 09:32:42 [INFO] __main__: Обрабатываю отель: Мини-отель "Nice People" (ID: 1064267)
2026-04-17 09:32:47 [INFO] __main__: Найдено 6 номеров для Мини-отель "Nice People"
2026-04-17 09:32:47 [INFO] __main__: --- Отель 13 из 59 ---
2026-04-17 09:32:47 [INFO] __main__: Обрабатываю отель: Гостиница "Ochagof" (ID: 787596)
2026-04-17 09:32:52 [INFO] __main__: Найдено 2 номеров для Гостиница "Ochagof"
2026-04-17 09:32:52 [INFO] __main__: --- Отель 14 из 59 ---
2026-04-17 09:32:52 [INFO] __main__: Обрабатываю отель: Отель "Гранд Байкал" (ID: 1277758)
2026-04-17 09:33:02 [INFO] __main__: Найдено 3 номеров для Отель "Гранд Байкал"
2026-04-17 09:33:02 [INFO] __main__: --- Отель 15 из 59 ---
2026-04-17 09:33:02 [INFO] __main__: Обрабатываю отель: Отель "Маяк" (ID: 1000539)
2026-04-17 09:33:06 [INFO] __main__: Найдено 5 номеров для Отель "Маяк"
2026-04-17 09:33:06 [INFO] __main__: --- Отель 16 из 59 ---
2026-04-17 09:33:06 [INFO] __main__: Обрабатываю отель: Парк отель "Уюга" (ID: 1487384)
2026-04-17 09:33:11 [INFO] __main__: Найдено 5 номеров для Парк отель "Уюга"
2026-04-17 09:33:11 [INFO] __main__: --- Отель 17 из 59 ---
2026-04-17 09:33:11 [INFO] __main__: Обрабатываю отель: Отель "Подлеморье" (ID: 1892012)
2026-04-17 09:33:15 [INFO] __main__: Найдено 4 номеров для Отель "Подлеморье"
2026-04-17 09:33:15 [INFO] __main__: --- Отель 18 из 59 ---
2026-04-17 09:33:15 [INFO] __main__: Обрабатываю отель: Парк-Отель "Шелест" (ID: 1851647)
2026-04-17 09:33:19 [WARNING] __main__: Не удалось получить данные для Парк-Отель "Шелест"
2026-04-17 09:33:19 [INFO] __main__: --- Отель 19 из 59 ---
2026-04-17 09:33:19 [INFO] __main__: Обрабатываю отель: Гостиница Олимпиада (ID: 1690094)
2026-04-17 09:33:23 [WARNING] __main__: Не удалось получить данные для Гостиница Олимпиада
2026-04-17 09:33:23 [INFO] __main__: --- Отель 20 из 59 ---
2026-04-17 09:33:23 [INFO] __main__: Обрабатываю отель: Апарт-отель "Светлый" (ID: 1655828)
2026-04-17 09:33:26 [WARNING] __main__: Не удалось получить данные для Апарт-отель "Светлый"
2026-04-17 09:33:26 [INFO] __main__: --- Отель 21 из 59 ---
2026-04-17 09:33:26 [INFO] __main__: Обрабатываю отель: Гостиница "Космос" (ID: 895518)
2026-04-17 09:33:30 [WARNING] __main__: Не удалось получить данные для Гостиница "Космос"
2026-04-17 09:33:30 [INFO] __main__: --- Отель 22 из 59 ---
2026-04-17 09:33:30 [INFO] __main__: Обрабатываю отель: Отель "Иркут" (ID: 1609403)
2026-04-17 09:33:33 [ERROR] __main__: Ошибка при получении данных о номерах: Page.evaluate: Execution context was destroyed, most likely because of a navigation
2026-04-17 09:33:34 [WARNING] __main__: Не удалось получить данные для Отель "Иркут"
2026-04-17 09:33:34 [INFO] __main__: --- Отель 23 из 59 ---
2026-04-17 09:33:34 [INFO] __main__: Обрабатываю отель: Гостиница" Аврора" (ID: 1508283)
2026-04-17 09:33:39 [INFO] __main__: Найдено 4 номеров для Гостиница" Аврора"
2026-04-17 09:33:39 [INFO] __main__: --- Отель 24 из 59 ---
2026-04-17 09:33:39 [INFO] __main__: Обрабатываю отель: Гостиница "130Hotel" (ID: 1491765)
2026-04-17 09:33:43 [INFO] __main__: Найдено 3 номеров для Гостиница "130Hotel"
2026-04-17 09:33:43 [INFO] __main__: --- Отель 25 из 59 ---
2026-04-17 09:33:43 [INFO] __main__: Обрабатываю отель: Гостиница "Добрый Кот" (ID: 1390225)
2026-04-17 09:33:47 [INFO] __main__: Найдено 6 номеров для Гостиница "Добрый Кот"
2026-04-17 09:33:47 [INFO] __main__: --- Отель 26 из 59 ---
2026-04-17 09:33:47 [INFO] __main__: Обрабатываю отель: Гостиница "7 дорог" (ID: 1462849)
2026-04-17 09:33:52 [INFO] __main__: Найдено 9 номеров для Гостиница "7 дорог"
2026-04-17 09:33:52 [INFO] __main__: --- Отель 27 из 59 ---
2026-04-17 09:33:52 [INFO] __main__: Обрабатываю отель: Гостиница (ID: 1467982)
2026-04-17 09:33:56 [INFO] __main__: Найдено 2 номеров для Гостиница
2026-04-17 09:33:56 [INFO] __main__: --- Отель 28 из 59 ---
2026-04-17 09:33:56 [INFO] __main__: Обрабатываю отель: Отель Армат 4* (ID: 1441288)
2026-04-17 09:34:01 [INFO] __main__: Найдено 6 номеров для Отель Армат 4*
2026-04-17 09:34:01 [INFO] __main__: --- Отель 29 из 59 ---
2026-04-17 09:34:01 [INFO] __main__: Обрабатываю отель: Гостиница "Ангара-Приоритет" (ID: 1314294)
2026-04-17 09:34:05 [INFO] __main__: Найдено 8 номеров для Гостиница "Ангара-Приоритет"
2026-04-17 09:34:05 [INFO] __main__: --- Отель 30 из 59 ---
2026-04-17 09:34:05 [INFO] __main__: Обрабатываю отель: Гостиница "У Истока" (ID: 1382100)
2026-04-17 09:34:10 [INFO] __main__: Найдено 2 номеров для Гостиница "У Истока"
2026-04-17 09:34:10 [INFO] __main__: --- Отель 31 из 59 ---
2026-04-17 09:34:10 [INFO] __main__: Обрабатываю отель: Отель "Яковлевъ" (ID: 1367731)
2026-04-17 09:34:15 [INFO] __main__: Найдено 4 номеров для Отель "Яковлевъ"
2026-04-17 09:34:15 [INFO] __main__: --- Отель 32 из 59 ---
2026-04-17 09:34:15 [INFO] __main__: Обрабатываю отель: Гостиничный комплекс "Лазурный берег" (ID: 424345)
2026-04-17 09:34:19 [INFO] __main__: Найдено 3 номеров для Гостиничный комплекс "Лазурный берег"
2026-04-17 09:34:19 [INFO] __main__: --- Отель 33 из 59 ---
2026-04-17 09:34:19 [INFO] __main__: Обрабатываю отель: Парк-отель "Соболинка" (ID: 1287498)
2026-04-17 09:34:22 [INFO] __main__: Найдено 2 номеров для Парк-отель "Соболинка"
2026-04-17 09:34:22 [INFO] __main__: --- Отель 34 из 59 ---
2026-04-17 09:34:22 [INFO] __main__: Обрабатываю отель: Парк-отель "Бурдугуз" (ID: 1276636)
2026-04-17 09:34:27 [INFO] __main__: Найдено 3 номеров для Парк-отель "Бурдугуз"
2026-04-17 09:34:27 [INFO] __main__: --- Отель 35 из 59 ---
2026-04-17 09:34:27 [INFO] __main__: Обрабатываю отель: Отель "Тайга" (ID: 1296594)
2026-04-17 09:34:31 [INFO] __main__: Найдено 6 номеров для Отель "Тайга"
2026-04-17 09:34:31 [INFO] __main__: --- Отель 36 из 59 ---
2026-04-17 09:34:31 [INFO] __main__: Обрабатываю отель: Отель "Клубный Квартал" (ID: 1265779)
2026-04-17 09:34:35 [INFO] __main__: Найдено 3 номеров для Отель "Клубный Квартал"
2026-04-17 09:34:35 [INFO] __main__: --- Отель 37 из 59 ---
2026-04-17 09:34:35 [INFO] __main__: Обрабатываю отель: Отель "Лотос" (ID: 946962)
2026-04-17 09:34:40 [INFO] __main__: Найдено 7 номеров для Отель "Лотос"
2026-04-17 09:34:40 [INFO] __main__: --- Отель 38 из 59 ---
2026-04-17 09:34:40 [INFO] __main__: Обрабатываю отель: Гостиница "Usadba 50 ( Усадьба 50)" (ID: 1048431)
2026-04-17 09:34:45 [INFO] __main__: Найдено 8 номеров для Гостиница "Usadba 50 ( Усадьба 50)"
2026-04-17 09:34:45 [INFO] __main__: --- Отель 39 из 59 ---
2026-04-17 09:34:45 [INFO] __main__: Обрабатываю отель: Отель "Даурия" (ID: 1032271)
2026-04-17 09:34:50 [INFO] __main__: Найдено 3 номеров для Отель "Даурия"
2026-04-17 09:34:50 [INFO] __main__: --- Отель 40 из 59 ---
2026-04-17 09:34:50 [INFO] __main__: Обрабатываю отель: Отель "Михаил Строгов" (ID: 904225)
2026-04-17 09:34:54 [INFO] __main__: Найдено 6 номеров для Отель "Михаил Строгов"
2026-04-17 09:34:54 [INFO] __main__: --- Отель 41 из 59 ---
2026-04-17 09:34:54 [INFO] __main__: Обрабатываю отель: Отель "Атлас" (ID: 1367592)
2026-04-17 09:34:59 [INFO] __main__: Найдено 5 номеров для Отель "Атлас"
2026-04-17 09:34:59 [INFO] __main__: --- Отель 42 из 59 ---
2026-04-17 09:34:59 [INFO] __main__: Обрабатываю отель: Гостиница "Азия-Европа" (ID: 2063101)
2026-04-17 09:35:03 [INFO] __main__: Найдено 5 номеров для Гостиница "Азия-Европа"
2026-04-17 09:35:03 [INFO] __main__: --- Отель 43 из 59 ---
2026-04-17 09:35:03 [INFO] __main__: Обрабатываю отель: Гостиница "Байкал Форест" (ID: 1472664)
2026-04-17 09:35:08 [INFO] __main__: Найдено 4 номеров для Гостиница "Байкал Форест"
2026-04-17 09:35:08 [INFO] __main__: --- Отель 44 из 59 ---
2026-04-17 09:35:08 [INFO] __main__: Обрабатываю отель: Гостиница  "Воробьевы горы" (ID: 1390108)
2026-04-17 09:35:13 [INFO] __main__: Найдено 5 номеров для Гостиница  "Воробьевы горы"
2026-04-17 09:35:13 [INFO] __main__: --- Отель 45 из 59 ---
2026-04-17 09:35:13 [INFO] __main__: Обрабатываю отель: Гостиница "Байкал - Северное море" (ID: 1378154)
2026-04-17 09:35:19 [INFO] __main__: Найдено 7 номеров для Гостиница "Байкал - Северное море"
2026-04-17 09:35:19 [INFO] __main__: --- Отель 46 из 59 ---
2026-04-17 09:35:19 [INFO] __main__: Обрабатываю отель: Отель "Звезда" (ID: 425543)
2026-04-17 09:35:23 [INFO] __main__: Найдено 4 номеров для Отель "Звезда"
2026-04-17 09:35:23 [INFO] __main__: --- Отель 47 из 59 ---
2026-04-17 09:35:23 [INFO] __main__: Обрабатываю отель: Отель" Арбат" (ID: 1632075)
2026-04-17 09:35:28 [INFO] __main__: Найдено 4 номеров для Отель" Арбат"
2026-04-17 09:35:28 [INFO] __main__: --- Отель 48 из 59 ---
2026-04-17 09:35:28 [INFO] __main__: Обрабатываю отель: Гостиница «Усадьба Егорова» (ID: 2032078)
2026-04-17 09:35:32 [WARNING] __main__: Не удалось получить данные для Гостиница «Усадьба Егорова»
2026-04-17 09:35:32 [INFO] __main__: --- Отель 49 из 59 ---
2026-04-17 09:35:32 [INFO] __main__: Обрабатываю отель: Отель "Магистраль" (ID: 2036706)
2026-04-17 09:35:35 [ERROR] __main__: Ошибка при получении данных о номерах: Page.evaluate: Execution context was destroyed, most likely because of a navigation
2026-04-17 09:35:36 [WARNING] __main__: Не удалось получить данные для Отель "Магистраль"
2026-04-17 09:35:36 [INFO] __main__: --- Отель 50 из 59 ---
2026-04-17 09:35:36 [INFO] __main__: Обрабатываю отель: Отель"NUUR HOTEL" (ID: 1979910)
2026-04-17 09:35:41 [INFO] __main__: Найдено 6 номеров для Отель"NUUR HOTEL"
2026-04-17 09:35:41 [INFO] __main__: --- Отель 51 из 59 ---
2026-04-17 09:35:41 [INFO] __main__: Обрабатываю отель: Отель «Байкал-Аляска» (ID: 1899852)
2026-04-17 09:35:44 [INFO] __main__: Найдено 2 номеров для Отель «Байкал-Аляска»
2026-04-17 09:35:44 [INFO] __main__: --- Отель 52 из 59 ---
2026-04-17 09:35:44 [INFO] __main__: Обрабатываю отель: Гостиница "BAIKAL VIEW" (ID: 1802586)
2026-04-17 09:35:49 [INFO] __main__: Найдено 3 номеров для Гостиница "BAIKAL VIEW"
2026-04-17 09:35:49 [INFO] __main__: --- Отель 53 из 59 ---
2026-04-17 09:35:49 [INFO] __main__: Обрабатываю отель: Гостиница (ID: 1345611)
2026-04-17 09:35:53 [INFO] __main__: Найдено 5 номеров для Гостиница
2026-04-17 09:35:53 [INFO] __main__: --- Отель 54 из 59 ---
2026-04-17 09:35:53 [INFO] __main__: Обрабатываю отель: Отель Амурский (ID: 1335449)
2026-04-17 09:35:57 [INFO] __main__: Найдено 7 номеров для Отель Амурский
2026-04-17 09:35:57 [INFO] __main__: --- Отель 55 из 59 ---
2026-04-17 09:35:57 [INFO] __main__: Обрабатываю отель: Доходный дом "М.А. Листратовой" (ID: 1129766)
2026-04-17 09:36:01 [INFO] __main__: Найдено 7 номеров для Доходный дом "М.А. Листратовой"
2026-04-17 09:36:01 [INFO] __main__: --- Отель 56 из 59 ---
2026-04-17 09:36:01 [INFO] __main__: Обрабатываю отель: Бутик-отель "Маруся" (ID: 898794)
2026-04-17 09:36:05 [INFO] __main__: Найдено 5 номеров для Бутик-отель "Маруся"
2026-04-17 09:36:05 [INFO] __main__: --- Отель 57 из 59 ---
2026-04-17 09:36:05 [INFO] __main__: Обрабатываю отель: Отель "Купеческий Дворъ" (ID: 767249)
2026-04-17 09:36:10 [INFO] __main__: Найдено 7 номеров для Отель "Купеческий Дворъ"
2026-04-17 09:36:10 [INFO] __main__: --- Отель 58 из 59 ---
2026-04-17 09:36:10 [INFO] __main__: Обрабатываю отель: Гостиница "Малый отель" (ID: 2110558)
2026-04-17 09:36:14 [INFO] __main__: Найдено 5 номеров для Гостиница "Малый отель"
2026-04-17 09:36:14 [INFO] __main__: --- Отель 59 из 59 ---
2026-04-17 09:36:14 [INFO] __main__: Обрабатываю отель: Отель "Санаторий Солнечный" (ID: 1367536)
2026-04-17 09:36:18 [INFO] __main__: Найдено 2 номеров для Отель "Санаторий Солнечный"
2026-04-17 09:36:19 [INFO] __main__: Сохранено 252 номеров в /home/runner/work/tvil_parser/tvil_parser/daily/rooms/2026-04-17.csv
2026-04-17 09:36:19 [INFO] __main__: Парсинг завершён. Всего обработано 252 номеров.
2026-04-17 09:36:19 [INFO] __main__: Статистика сохранена в /home/runner/work/tvil_parser/tvil_parser/daily/statistics/2026-04-17.csv
2026-04-17 09:36:19 [INFO] __main__: Обработано 59 отелей
2026-04-17 18:18:32 [INFO] root: Обрабатываю дату: 2026-02-24
2026-04-17 18:18:32 [WARNING] tvil_statistic: free_rooms_amount (12) > rooms_num (9) для 1434513 — используем effective_rooms_num=12
2026-04-17 18:18:32 [INFO] tvil_statistic: Статистика сохранена в c:\Users\matve\Desktop\tvil_parser\daily\statistics\2026-02-24.csv
2026-04-17 18:18:32 [INFO] tvil_statistic: Обработано 59 отелей
2026-04-17 18:18:32 [INFO] root: Обрабатываю дату: 2026-02-25
2026-04-17 18:18:32 [WARNING] tvil_statistic: free_rooms_amount (12) > rooms_num (9) для 1434513 — используем effective_rooms_num=12
2026-04-17 18:18:32 [WARNING] tvil_statistic: free_rooms_amount (6) > rooms_num (5) для 1467982 — используем effective_rooms_num=6
2026-04-17 18:18:32 [WARNING] tvil_statistic: free_rooms_amount (8) > rooms_num (6) для 1655828 — используем effective_rooms_num=8
2026-04-17 18:18:32 [INFO] tvil_statistic: Статистика сохранена в c:\Users\matve\Desktop\tvil_parser\daily\statistics\2026-02-25.csv
2026-04-17 18:18:32 [INFO] tvil_statistic: Обработано 57 отелей
2026-04-17 18:18:32 [INFO] root: Обрабатываю дату: 2026-02-26
2026-04-17 18:18:32 [INFO] tvil_statistic: Статистика сохранена в c:\Users\matve\Desktop\tvil_parser\daily\statistics\2026-02-26.csv
2026-04-17 18:18:32 [INFO] tvil_statistic: Обработано 58 отелей
2026-04-17 18:18:32 [INFO] root: Обрабатываю дату: 2026-02-27
2026-04-17 18:18:32 [INFO] tvil_statistic: Статистика сохранена в c:\Users\matve\Desktop\tvil_parser\daily\statistics\2026-02-27.csv
2026-04-17 18:18:32 [INFO] tvil_statistic: Обработано 62 отелей
2026-04-17 18:18:32 [INFO] root: Обрабатываю дату: 2026-03-01
2026-04-17 18:18:32 [WARNING] tvil_statistic: free_rooms_amount (12) > rooms_num (9) для 1434513 — используем effective_rooms_num=12
2026-04-17 18:18:32 [INFO] tvil_statistic: Статистика сохранена в c:\Users\matve\Desktop\tvil_parser\daily\statistics\2026-03-01.csv
2026-04-17 18:18:32 [INFO] tvil_statistic: Обработано 67 отелей
2026-04-17 18:18:32 [INFO] root: Обрабатываю дату: 2026-03-02
2026-04-17 18:18:32 [WARNING] tvil_statistic: free_rooms_amount (12) > rooms_num (9) для 1434513 — используем effective_rooms_num=12
2026-04-17 18:18:32 [WARNING] tvil_statistic: free_rooms_amount (16) > rooms_num (10) для 1390225 — используем effective_rooms_num=16
2026-04-17 18:18:32 [INFO] tvil_statistic: Статистика сохранена в c:\Users\matve\Desktop\tvil_parser\daily\statistics\2026-03-02.csv
2026-04-17 18:18:32 [INFO] tvil_statistic: Обработано 63 отелей
2026-04-17 18:18:32 [INFO] root: Обрабатываю дату: 2026-03-03
2026-04-17 18:18:32 [WARNING] tvil_statistic: free_rooms_amount (12) > rooms_num (9) для 1434513 — используем effective_rooms_num=12
2026-04-17 18:18:32 [INFO] tvil_statistic: Статистика сохранена в c:\Users\matve\Desktop\tvil_parser\daily\statistics\2026-03-03.csv
2026-04-17 18:18:32 [INFO] tvil_statistic: Обработано 66 отелей
2026-04-17 18:18:32 [INFO] root: Обрабатываю дату: 2026-03-04
2026-04-17 18:18:32 [WARNING] tvil_statistic: free_rooms_amount (12) > rooms_num (9) для 1434513 — используем effective_rooms_num=12
2026-04-17 18:18:32 [INFO] tvil_statistic: Статистика сохранена в c:\Users\matve\Desktop\tvil_parser\daily\statistics\2026-03-04.csv
2026-04-17 18:18:32 [INFO] tvil_statistic: Обработано 63 отелей
2026-04-17 18:18:32 [INFO] root: Обрабатываю дату: 2026-03-06
2026-04-17 18:18:32 [WARNING] tvil_statistic: free_rooms_amount (16) > rooms_num (10) для 1390225 — используем effective_rooms_num=16
2026-04-17 18:18:32 [INFO] tvil_statistic: Статистика сохранена в c:\Users\matve\Desktop\tvil_parser\daily\statistics\2026-03-06.csv
2026-04-17 18:18:32 [INFO] tvil_statistic: Обработано 63 отелей
2026-04-17 18:18:32 [INFO] root: Обрабатываю дату: 2026-03-07
2026-04-17 18:18:32 [WARNING] tvil_statistic: free_rooms_amount (12) > rooms_num (10) для 1390225 — используем effective_rooms_num=12
2026-04-17 18:18:32 [INFO] tvil_statistic: Статистика сохранена в c:\Users\matve\Desktop\tvil_parser\daily\statistics\2026-03-07.csv
2026-04-17 18:18:32 [INFO] tvil_statistic: Обработано 63 отелей
2026-04-17 18:18:32 [INFO] root: Обрабатываю дату: 2026-03-08
2026-04-17 18:18:32 [WARNING] tvil_statistic: free_rooms_amount (11) > rooms_num (9) для 1434513 — используем effective_rooms_num=11
2026-04-17 18:18:32 [WARNING] tvil_statistic: free_rooms_amount (16) > rooms_num (10) для 1390225 — используем effective_rooms_num=16
2026-04-17 18:18:32 [INFO] tvil_statistic: Статистика сохранена в c:\Users\matve\Desktop\tvil_parser\daily\statistics\2026-03-08.csv
2026-04-17 18:18:32 [INFO] tvil_statistic: Обработано 65 отелей
2026-04-17 18:18:32 [INFO] root: Обрабатываю дату: 2026-03-09
2026-04-17 18:18:32 [WARNING] tvil_statistic: free_rooms_amount (11) > rooms_num (9) для 1434513 — используем effective_rooms_num=11
2026-04-17 18:18:32 [WARNING] tvil_statistic: free_rooms_amount (18) > rooms_num (10) для 1390225 — используем effective_rooms_num=18
2026-04-17 18:18:32 [INFO] tvil_statistic: Статистика сохранена в c:\Users\matve\Desktop\tvil_parser\daily\statistics\2026-03-09.csv
2026-04-17 18:18:32 [INFO] tvil_statistic: Обработано 62 отелей
2026-04-17 18:18:32 [INFO] root: Обрабатываю дату: 2026-03-11
2026-04-17 18:18:32 [WARNING] tvil_statistic: free_rooms_amount (12) > rooms_num (9) для 1434513 — используем effective_rooms_num=12
2026-04-17 18:18:32 [INFO] tvil_statistic: Статистика сохранена в c:\Users\matve\Desktop\tvil_parser\daily\statistics\2026-03-11.csv
2026-04-17 18:18:32 [INFO] tvil_statistic: Обработано 66 отелей
2026-04-17 18:18:32 [INFO] root: Обрабатываю дату: 2026-03-12
2026-04-17 18:18:32 [WARNING] tvil_statistic: free_rooms_amount (12) > rooms_num (9) для 1434513 — используем effective_rooms_num=12
2026-04-17 18:18:32 [INFO] tvil_statistic: Статистика сохранена в c:\Users\matve\Desktop\tvil_parser\daily\statistics\2026-03-12.csv
2026-04-17 18:18:32 [INFO] tvil_statistic: Обработано 66 отелей
2026-04-17 18:18:32 [INFO] root: Обрабатываю дату: 2026-03-14
2026-04-17 18:18:32 [WARNING] tvil_statistic: free_rooms_amount (12) > rooms_num (9) для 1434513 — используем effective_rooms_num=12
2026-04-17 18:18:32 [INFO] tvil_statistic: Статистика сохранена в c:\Users\matve\Desktop\tvil_parser\daily\statistics\2026-03-14.csv
2026-04-17 18:18:32 [INFO] tvil_statistic: Обработано 66 отелей
2026-04-17 18:18:32 [INFO] root: Обрабатываю дату: 2026-03-15
2026-04-17 18:18:32 [WARNING] tvil_statistic: free_rooms_amount (10) > rooms_num (9) для 1434513 — используем effective_rooms_num=10
2026-04-17 18:18:32 [INFO] tvil_statistic: Статистика сохранена в c:\Users\matve\Desktop\tvil_parser\daily\statistics\2026-03-15.csv
2026-04-17 18:18:32 [INFO] tvil_statistic: Обработано 66 отелей
2026-04-17 18:18:32 [INFO] root: Обрабатываю дату: 2026-03-16
2026-04-17 18:18:32 [WARNING] tvil_statistic: free_rooms_amount (11) > rooms_num (9) для 1434513 — используем effective_rooms_num=11
2026-04-17 18:18:32 [INFO] tvil_statistic: Статистика сохранена в c:\Users\matve\Desktop\tvil_parser\daily\statistics\2026-03-16.csv
2026-04-17 18:18:32 [INFO] tvil_statistic: Обработано 65 отелей
2026-04-17 18:18:32 [INFO] root: Обрабатываю дату: 2026-03-17
2026-04-17 18:18:32 [WARNING] tvil_statistic: free_rooms_amount (12) > rooms_num (9) для 1434513 — используем effective_rooms_num=12
2026-04-17 18:18:32 [INFO] tvil_statistic: Статистика сохранена в c:\Users\matve\Desktop\tvil_parser\daily\statistics\2026-03-17.csv
2026-04-17 18:18:32 [INFO] tvil_statistic: Обработано 64 отелей
2026-04-17 18:18:32 [INFO] root: Обрабатываю дату: 2026-03-18
2026-04-17 18:18:32 [WARNING] tvil_statistic: free_rooms_amount (11) > rooms_num (9) для 1434513 — используем effective_rooms_num=11
2026-04-17 18:18:32 [INFO] tvil_statistic: Статистика сохранена в c:\Users\matve\Desktop\tvil_parser\daily\statistics\2026-03-18.csv
2026-04-17 18:18:32 [INFO] tvil_statistic: Обработано 64 отелей
2026-04-17 18:18:32 [INFO] root: Обрабатываю дату: 2026-03-19
2026-04-17 18:18:32 [WARNING] tvil_statistic: free_rooms_amount (11) > rooms_num (9) для 1434513 — используем effective_rooms_num=11
2026-04-17 18:18:32 [INFO] tvil_statistic: Статистика сохранена в c:\Users\matve\Desktop\tvil_parser\daily\statistics\2026-03-19.csv
2026-04-17 18:18:32 [INFO] tvil_statistic: Обработано 66 отелей
2026-04-17 18:18:32 [INFO] root: Обрабатываю дату: 2026-03-20
2026-04-17 18:18:32 [ERROR] tvil_statistic: Ошибка при чтении c:\Users\matve\Desktop\tvil_parser\daily\rooms\2026-03-20.csv: [Errno 2] No such file or directory: 'c:\\Users\\matve\\Desktop\\tvil_parser\\daily\\rooms\\2026-03-20.csv'
2026-04-17 18:18:32 [ERROR] root: Не удалось сформировать статистику для даты 2026-03-20
2026-04-17 18:18:32 [INFO] root: Обрабатываю дату: 2026-03-21
2026-04-17 18:18:32 [WARNING] tvil_statistic: free_rooms_amount (12) > rooms_num (9) для 1434513 — используем effective_rooms_num=12
2026-04-17 18:18:32 [INFO] tvil_statistic: Статистика сохранена в c:\Users\matve\Desktop\tvil_parser\daily\statistics\2026-03-21.csv
2026-04-17 18:18:32 [INFO] tvil_statistic: Обработано 62 отелей
2026-04-17 18:18:32 [INFO] root: Обрабатываю дату: 2026-03-22
2026-04-17 18:18:32 [WARNING] tvil_statistic: free_rooms_amount (12) > rooms_num (9) для 1434513 — используем effective_rooms_num=12
2026-04-17 18:18:32 [INFO] tvil_statistic: Статистика сохранена в c:\Users\matve\Desktop\tvil_parser\daily\statistics\2026-03-22.csv
2026-04-17 18:18:32 [INFO] tvil_statistic: Обработано 59 отелей
2026-04-17 18:18:32 [INFO] root: Обрабатываю дату: 2026-03-23
2026-04-17 18:18:32 [INFO] tvil_statistic: Статистика сохранена в c:\Users\matve\Desktop\tvil_parser\daily\statistics\2026-03-23.csv
2026-04-17 18:18:32 [INFO] tvil_statistic: Обработано 60 отелей
2026-04-17 18:18:32 [INFO] root: Обрабатываю дату: 2026-03-24
2026-04-17 18:18:32 [INFO] tvil_statistic: Статистика сохранена в c:\Users\matve\Desktop\tvil_parser\daily\statistics\2026-03-24.csv
2026-04-17 18:18:32 [INFO] tvil_statistic: Обработано 60 отелей
2026-04-17 18:18:32 [INFO] root: Обрабатываю дату: 2026-03-25
2026-04-17 18:18:32 [INFO] tvil_statistic: Статистика сохранена в c:\Users\matve\Desktop\tvil_parser\daily\statistics\2026-03-25.csv
2026-04-17 18:18:32 [INFO] tvil_statistic: Обработано 62 отелей
2026-04-17 18:18:32 [INFO] root: Обрабатываю дату: 2026-03-26
2026-04-17 18:18:32 [INFO] tvil_statistic: Статистика сохранена в c:\Users\matve\Desktop\tvil_parser\daily\statistics\2026-03-26.csv
2026-04-17 18:18:32 [INFO] tvil_statistic: Обработано 58 отелей
2026-04-17 18:18:32 [INFO] root: Обрабатываю дату: 2026-03-27
2026-04-17 18:18:32 [INFO] tvil_statistic: Статистика сохранена в c:\Users\matve\Desktop\tvil_parser\daily\statistics\2026-03-27.csv
2026-04-17 18:18:32 [INFO] tvil_statistic: Обработано 56 отелей
2026-04-17 18:18:32 [INFO] root: Обрабатываю дату: 2026-03-28
2026-04-17 18:18:32 [INFO] tvil_statistic: Статистика сохранена в c:\Users\matve\Desktop\tvil_parser\daily\statistics\2026-03-28.csv
2026-04-17 18:18:32 [INFO] tvil_statistic: Обработано 59 отелей
2026-04-17 18:18:32 [INFO] root: Обрабатываю дату: 2026-03-29
2026-04-17 18:18:32 [INFO] tvil_statistic: Статистика сохранена в c:\Users\matve\Desktop\tvil_parser\daily\statistics\2026-03-29.csv
2026-04-17 18:18:32 [INFO] tvil_statistic: Обработано 59 отелей
2026-04-17 18:18:32 [INFO] root: Обрабатываю дату: 2026-03-30
2026-04-17 18:18:32 [INFO] tvil_statistic: Статистика сохранена в c:\Users\matve\Desktop\tvil_parser\daily\statistics\2026-03-30.csv
2026-04-17 18:18:32 [INFO] tvil_statistic: Обработано 58 отелей
2026-04-17 18:18:32 [INFO] root: Обрабатываю дату: 2026-03-31
2026-04-17 18:18:32 [INFO] tvil_statistic: Статистика сохранена в c:\Users\matve\Desktop\tvil_parser\daily\statistics\2026-03-31.csv
2026-04-17 18:18:32 [INFO] tvil_statistic: Обработано 56 отелей
2026-04-17 18:18:32 [INFO] root: Обрабатываю дату: 2026-04-01
2026-04-17 18:18:32 [INFO] tvil_statistic: Статистика сохранена в c:\Users\matve\Desktop\tvil_parser\daily\statistics\2026-04-01.csv
2026-04-17 18:18:32 [INFO] tvil_statistic: Обработано 59 отелей
2026-04-17 18:18:32 [INFO] root: Обрабатываю дату: 2026-04-02
2026-04-17 18:18:32 [INFO] tvil_statistic: Статистика сохранена в c:\Users\matve\Desktop\tvil_parser\daily\statistics\2026-04-02.csv
2026-04-17 18:18:32 [INFO] tvil_statistic: Обработано 56 отелей
2026-04-17 18:18:32 [INFO] root: Обрабатываю дату: 2026-04-03
2026-04-17 18:18:32 [INFO] tvil_statistic: Статистика сохранена в c:\Users\matve\Desktop\tvil_parser\daily\statistics\2026-04-03.csv
2026-04-17 18:18:32 [INFO] tvil_statistic: Обработано 57 отелей
2026-04-17 18:18:32 [INFO] root: Обрабатываю дату: 2026-04-04
2026-04-17 18:18:32 [INFO] tvil_statistic: Статистика сохранена в c:\Users\matve\Desktop\tvil_parser\daily\statistics\2026-04-04.csv
2026-04-17 18:18:32 [INFO] tvil_statistic: Обработано 60 отелей
2026-04-17 18:18:32 [INFO] root: Обрабатываю дату: 2026-04-05
2026-04-17 18:18:32 [INFO] tvil_statistic: Статистика сохранена в c:\Users\matve\Desktop\tvil_parser\daily\statistics\2026-04-05.csv
2026-04-17 18:18:32 [INFO] tvil_statistic: Обработано 57 отелей
2026-04-17 18:18:32 [INFO] root: Обрабатываю дату: 2026-04-06
2026-04-17 18:18:32 [INFO] tvil_statistic: Статистика сохранена в c:\Users\matve\Desktop\tvil_parser\daily\statistics\2026-04-06.csv
2026-04-17 18:18:32 [INFO] tvil_statistic: Обработано 58 отелей
2026-04-17 18:18:32 [INFO] root: Обрабатываю дату: 2026-04-07
2026-04-17 18:18:32 [INFO] tvil_statistic: Статистика сохранена в c:\Users\matve\Desktop\tvil_parser\daily\statistics\2026-04-07.csv
2026-04-17 18:18:32 [INFO] tvil_statistic: Обработано 59 отелей
2026-04-17 18:18:32 [INFO] root: Обрабатываю дату: 2026-04-08
2026-04-17 18:18:32 [INFO] tvil_statistic: Статистика сохранена в c:\Users\matve\Desktop\tvil_parser\daily\statistics\2026-04-08.csv
2026-04-17 18:18:32 [INFO] tvil_statistic: Обработано 57 отелей
2026-04-17 18:18:32 [INFO] root: Обрабатываю дату: 2026-04-09
2026-04-17 18:18:32 [INFO] tvil_statistic: Статистика сохранена в c:\Users\matve\Desktop\tvil_parser\daily\statistics\2026-04-09.csv
2026-04-17 18:18:32 [INFO] tvil_statistic: Обработано 58 отелей
2026-04-17 18:18:32 [INFO] root: Обрабатываю дату: 2026-04-10
2026-04-17 18:18:32 [INFO] tvil_statistic: Статистика сохранена в c:\Users\matve\Desktop\tvil_parser\daily\statistics\2026-04-10.csv
2026-04-17 18:18:32 [INFO] tvil_statistic: Обработано 59 отелей
2026-04-17 18:18:32 [INFO] root: Обрабатываю дату: 2026-04-11
2026-04-17 18:18:32 [INFO] tvil_statistic: Статистика сохранена в c:\Users\matve\Desktop\tvil_parser\daily\statistics\2026-04-11.csv
2026-04-17 18:18:32 [INFO] tvil_statistic: Обработано 60 отелей
2026-04-17 18:18:32 [INFO] root: Обрабатываю дату: 2026-04-12
2026-04-17 18:18:32 [INFO] tvil_statistic: Статистика сохранена в c:\Users\matve\Desktop\tvil_parser\daily\statistics\2026-04-12.csv
2026-04-17 18:18:32 [INFO] tvil_statistic: Обработано 60 отелей
2026-04-17 18:18:32 [INFO] root: Обрабатываю дату: 2026-04-13
2026-04-17 18:18:32 [INFO] tvil_statistic: Статистика сохранена в c:\Users\matve\Desktop\tvil_parser\daily\statistics\2026-04-13.csv
2026-04-17 18:18:32 [INFO] tvil_statistic: Обработано 57 отелей
2026-04-17 18:18:32 [INFO] root: Обрабатываю дату: 2026-04-15
2026-04-17 18:18:32 [INFO] tvil_statistic: Статистика сохранена в c:\Users\matve\Desktop\tvil_parser\daily\statistics\2026-04-15.csv
2026-04-17 18:18:32 [INFO] tvil_statistic: Обработано 55 отелей
2026-04-17 18:18:32 [INFO] root: Обрабатываю дату: 2026-04-16
2026-04-17 18:18:32 [INFO] tvil_statistic: Статистика сохранена в c:\Users\matve\Desktop\tvil_parser\daily\statistics\2026-04-16.csv
2026-04-17 18:18:32 [INFO] tvil_statistic: Обработано 61 отелей
2026-04-17 18:18:32 [INFO] root: Обрабатываю дату: 2026-04-17
2026-04-17 18:18:32 [INFO] tvil_statistic: Статистика сохранена в c:\Users\matve\Desktop\tvil_parser\daily\statistics\2026-04-17.csv
2026-04-17 18:18:32 [INFO] tvil_statistic: Обработано 59 отелей
2026-04-17 18:18:32 [INFO] root: tvil: статистика для всех daily данных завершена. Успешно: 47. Ошибок: 1.
